8.453125 : 2100
34.4375 : 8550
53.78125 : 13350
65.265625 : 16200
79.78125 : 19800
97.296875 : 24150
99.71875 : 24750
111.8125 : 27750
129.9375 : 32250
137.796875 : 34200
158.953125 : 39450
172.859375 : 42900
178.296875 : 44250
187.96875 : 46650
203.078125 : 50400
212.140625 : 52650
216.96875 : 53850
232.6875 : 57750
249 : 61800
280.4375 : 69600
319.125 : 79200
334.828125 : 83100
366.265625 : 90900
383.1875 : 95100
398.90625 : 99000
450.28125 : 111750
472.03125 : 117150
521.59375 : 129450
536.703125 : 133200
542.75 : 134700
555.4375 : 137850
564.515625 : 140100
571.765625 : 141900
585.0625 : 145200
598.359375 : 148500
634.015625 : 157350
