arrow-down.png Failed to load resource: the server responded with a status of 404 (Not Found)
script.js:128 >>null
script.js:268 11:
script.js:507 1 #subjectId: 1 #interfaceNumber: simple15 #block:1 #trail: 0 #targetId: 11 #completed: false #eventType: click #eventTarget: 10 #timeLength: 4265 #now: 1509038971784<br/>
script.js:546 currentTarget: 2
script.js:507 2 #subjectId: 1 #interfaceNumber: simple15 #block:1 #trail: 0 #targetId: 11 #completed: true #eventType: click #eventTarget: 11 #timeLength: 1849 #now: 1509038973633<br/>
script.js:546 currentTarget: 10
script.js:507 3 #subjectId: 1 #interfaceNumber: simple15 #block:1 #trail: 1 #targetId: 2 #completed: true #eventType: click #eventTarget: 2 #timeLength: 2914 #now: 1509038978201<br/>
script.js:507 4 #subjectId: 1 #interfaceNumber: simple15 #block:1 #trail: 2 #targetId: 10 #completed: false #eventType: click #eventTarget: 9 #timeLength: 4031 #now: 1509038983510<br/>
script.js:507 5 #subjectId: 1 #interfaceNumber: simple15 #block:1 #trail: 2 #targetId: 10 #completed: false #eventType: click #eventTarget: 8 #timeLength: 1207 #now: 1509038984718<br/>
script.js:546 currentTarget: 14
script.js:507 6 #subjectId: 1 #interfaceNumber: simple15 #block:1 #trail: 2 #targetId: 10 #completed: true #eventType: click #eventTarget: 10 #timeLength: 1059 #now: 1509038985778<br/>
script.js:546 currentTarget: 9
script.js:507 7 #subjectId: 1 #interfaceNumber: simple15 #block:1 #trail: 3 #targetId: 14 #completed: true #eventType: click #eventTarget: 14 #timeLength: 2204 #now: 1509038989378<br/>
script.js:546 currentTarget: 0
script.js:507 8 #subjectId: 1 #interfaceNumber: simple15 #block:1 #trail: 4 #targetId: 9 #completed: true #eventType: click #eventTarget: 9 #timeLength: 4260 #now: 1509038994650<br/>
script.js:546 currentTarget: 3
script.js:507 9 #subjectId: 1 #interfaceNumber: simple15 #block:1 #trail: 5 #targetId: 0 #completed: true #eventType: click #eventTarget: 0 #timeLength: 2219 #now: 1509038998146<br/>
script.js:507 10 #subjectId: 1 #interfaceNumber: simple15 #block:1 #trail: 6 #targetId: 3 #completed: false #eventType: click #eventTarget: 4 #timeLength: 4569 #now: 1509039003663<br/>
script.js:507 11 #subjectId: 1 #interfaceNumber: simple15 #block:1 #trail: 6 #targetId: 3 #completed: false #eventType: click #eventTarget: 5 #timeLength: 847 #now: 1509039004510<br/>
script.js:546 currentTarget: 4
script.js:507 12 #subjectId: 1 #interfaceNumber: simple15 #block:1 #trail: 6 #targetId: 3 #completed: true #eventType: click #eventTarget: 3 #timeLength: 1420 #now: 1509039005930<br/>
script.js:546 currentTarget: 13
script.js:507 13 #subjectId: 1 #interfaceNumber: simple15 #block:1 #trail: 7 #targetId: 4 #completed: true #eventType: click #eventTarget: 4 #timeLength: 1811 #now: 1509039008858<br/>
script.js:507 14 #subjectId: 1 #interfaceNumber: simple15 #block:1 #trail: 8 #targetId: 13 #completed: false #eventType: click #eventTarget: 10 #timeLength: 5889 #now: 1509039016535<br/>
script.js:507 15 #subjectId: 1 #interfaceNumber: simple15 #block:1 #trail: 8 #targetId: 13 #completed: false #eventType: click #eventTarget: 11 #timeLength: 1711 #now: 1509039018246<br/>
script.js:507 16 #subjectId: 1 #interfaceNumber: simple15 #block:1 #trail: 8 #targetId: 13 #completed: false #eventType: click #eventTarget: 12 #timeLength: 873 #now: 1509039019119<br/>
script.js:546 currentTarget: 8
script.js:507 17 #subjectId: 1 #interfaceNumber: simple15 #block:1 #trail: 8 #targetId: 13 #completed: true #eventType: click #eventTarget: 13 #timeLength: 1083 #now: 1509039020202<br/>
script.js:546 currentTarget: 1
script.js:507 18 #subjectId: 1 #interfaceNumber: simple15 #block:1 #trail: 9 #targetId: 8 #completed: true #eventType: click #eventTarget: 8 #timeLength: 4483 #now: 1509039025961<br/>
script.js:546 currentTarget: 12
script.js:507 19 #subjectId: 1 #interfaceNumber: simple15 #block:1 #trail: 10 #targetId: 1 #completed: true #eventType: click #eventTarget: 1 #timeLength: 2306 #now: 1509039029816<br/>
script.js:507 20 #subjectId: 1 #interfaceNumber: simple15 #block:1 #trail: 11 #targetId: 12 #completed: false #eventType: click #eventTarget: 2 #timeLength: 5808 #now: 1509039037541<br/>
script.js:507 21 #subjectId: 1 #interfaceNumber: simple15 #block:1 #trail: 11 #targetId: 12 #completed: false #eventType: click #eventTarget: 1 #timeLength: 2136 #now: 1509039039678<br/>
script.js:507 22 #subjectId: 1 #interfaceNumber: simple15 #block:1 #trail: 11 #targetId: 12 #completed: false #eventType: click #eventTarget: 14 #timeLength: 1791 #now: 1509039041469<br/>
script.js:507 23 #subjectId: 1 #interfaceNumber: simple15 #block:1 #trail: 11 #targetId: 12 #completed: false #eventType: click #eventTarget: 13 #timeLength: 1392 #now: 1509039042861<br/>
script.js:546 currentTarget: 5
script.js:507 24 #subjectId: 1 #interfaceNumber: simple15 #block:1 #trail: 11 #targetId: 12 #completed: true #eventType: click #eventTarget: 12 #timeLength: 1466 #now: 1509039044328<br/>
script.js:546 currentTarget: 7
script.js:507 25 #subjectId: 1 #interfaceNumber: simple15 #block:1 #trail: 12 #targetId: 5 #completed: true #eventType: click #eventTarget: 5 #timeLength: 3051 #now: 1509039048760<br/>
script.js:546 currentTarget: 6
script.js:507 26 #subjectId: 1 #interfaceNumber: simple15 #block:1 #trail: 13 #targetId: 7 #completed: true #eventType: click #eventTarget: 7 #timeLength: 3195 #now: 1509039052888<br/>
script.js:507 27 #subjectId: 1 #interfaceNumber: simple15 #block:1 #trail: 14 #targetId: 6 #completed: true #eventType: click #eventTarget: 6 #timeLength: 1547 #now: 1509039055672<br/>
script.js:579 0:
script.js:546 currentTarget: 8
script.js:507 28 #subjectId: 1 #interfaceNumber: simple15 #block:2 #trail: 0 #targetId: 0 #completed: true #eventType: click #eventTarget: 0 #timeLength: 4114 #now: 1509039060904<br/>
script.js:546 currentTarget: 4
script.js:507 29 #subjectId: 1 #interfaceNumber: simple15 #block:2 #trail: 1 #targetId: 8 #completed: true #eventType: click #eventTarget: 8 #timeLength: 3771 #now: 1509039068240<br/>
script.js:507 30 #subjectId: 1 #interfaceNumber: simple15 #block:2 #trail: 2 #targetId: 4 #completed: false #eventType: click #eventTarget: 3 #timeLength: 3344 #now: 1509039072493<br/>
script.js:507 31 #subjectId: 1 #interfaceNumber: simple15 #block:2 #trail: 2 #targetId: 4 #completed: false #eventType: click #eventTarget: 2 #timeLength: 1783 #now: 1509039074277<br/>
script.js:546 currentTarget: 5
script.js:507 32 #subjectId: 1 #interfaceNumber: simple15 #block:2 #trail: 2 #targetId: 4 #completed: true #eventType: click #eventTarget: 4 #timeLength: 1459 #now: 1509039075736<br/>
script.js:546 currentTarget: 3
script.js:507 33 #subjectId: 1 #interfaceNumber: simple15 #block:2 #trail: 3 #targetId: 5 #completed: true #eventType: click #eventTarget: 5 #timeLength: 4731 #now: 1509039081408<br/>
script.js:546 currentTarget: 9
script.js:507 34 #subjectId: 1 #interfaceNumber: simple15 #block:2 #trail: 4 #targetId: 3 #completed: true #eventType: click #eventTarget: 3 #timeLength: 1819 #now: 1509039084256<br/>
script.js:546 currentTarget: 14
script.js:507 35 #subjectId: 1 #interfaceNumber: simple15 #block:2 #trail: 5 #targetId: 9 #completed: true #eventType: click #eventTarget: 9 #timeLength: 2987 #now: 1509039088424<br/>
script.js:546 currentTarget: 13
script.js:507 36 #subjectId: 1 #interfaceNumber: simple15 #block:2 #trail: 6 #targetId: 14 #completed: true #eventType: click #eventTarget: 14 #timeLength: 1571 #now: 1509039090991<br/>
script.js:546 currentTarget: 11
script.js:507 37 #subjectId: 1 #interfaceNumber: simple15 #block:2 #trail: 7 #targetId: 13 #completed: true #eventType: click #eventTarget: 13 #timeLength: 4395 #now: 1509039096215<br/>
script.js:546 currentTarget: 7
script.js:507 38 #subjectId: 1 #interfaceNumber: simple15 #block:2 #trail: 8 #targetId: 11 #completed: true #eventType: click #eventTarget: 11 #timeLength: 6331 #now: 1509039103799<br/>
script.js:546 currentTarget: 10
script.js:507 39 #subjectId: 1 #interfaceNumber: simple15 #block:2 #trail: 9 #targetId: 7 #completed: true #eventType: click #eventTarget: 7 #timeLength: 1722 #now: 1509039106998<br/>
script.js:507 40 #subjectId: 1 #interfaceNumber: simple15 #block:2 #trail: 10 #targetId: 10 #completed: false #eventType: click #eventTarget: 9 #timeLength: 2248 #now: 1509039110028<br/>
script.js:546 currentTarget: 2
script.js:507 41 #subjectId: 1 #interfaceNumber: simple15 #block:2 #trail: 10 #targetId: 10 #completed: true #eventType: click #eventTarget: 10 #timeLength: 2793 #now: 1509039112822<br/>
script.js:546 currentTarget: 1
script.js:507 42 #subjectId: 1 #interfaceNumber: simple15 #block:2 #trail: 11 #targetId: 2 #completed: true #eventType: click #eventTarget: 2 #timeLength: 4572 #now: 1509039118376<br/>
script.js:546 currentTarget: 12
script.js:507 43 #subjectId: 1 #interfaceNumber: simple15 #block:2 #trail: 12 #targetId: 1 #completed: true #eventType: click #eventTarget: 1 #timeLength: 1604 #now: 1509039121463<br/>
script.js:546 currentTarget: 6
script.js:507 44 #subjectId: 1 #interfaceNumber: simple15 #block:2 #trail: 13 #targetId: 12 #completed: true #eventType: click #eventTarget: 12 #timeLength: 2363 #now: 1509039124806<br/>
script.js:507 45 #subjectId: 1 #interfaceNumber: simple15 #block:2 #trail: 14 #targetId: 6 #completed: true #eventType: click #eventTarget: 6 #timeLength: 2700 #now: 1509039128487<br/>
script.js:579 6:
script.js:546 currentTarget: 14
script.js:507 46 #subjectId: 1 #interfaceNumber: simple15 #block:3 #trail: 0 #targetId: 6 #completed: true #eventType: click #eventTarget: 6 #timeLength: 7811 #now: 1509039137359<br/>
script.js:546 currentTarget: 12
script.js:507 47 #subjectId: 1 #interfaceNumber: simple15 #block:3 #trail: 1 #targetId: 14 #completed: true #eventType: click #eventTarget: 14 #timeLength: 1564 #now: 1509039140007<br/>
script.js:546 currentTarget: 11
script.js:507 48 #subjectId: 1 #interfaceNumber: simple15 #block:3 #trail: 2 #targetId: 12 #completed: true #eventType: click #eventTarget: 12 #timeLength: 2658 #now: 1509039143590<br/>
script.js:546 currentTarget: 10
script.js:507 49 #subjectId: 1 #interfaceNumber: simple15 #block:3 #trail: 3 #targetId: 11 #completed: true #eventType: click #eventTarget: 11 #timeLength: 4988 #now: 1509039149503<br/>
script.js:546 currentTarget: 1
script.js:507 50 #subjectId: 1 #interfaceNumber: simple15 #block:3 #trail: 4 #targetId: 10 #completed: true #eventType: click #eventTarget: 10 #timeLength: 2066 #now: 1509039152414<br/>
script.js:546 currentTarget: 5
script.js:507 51 #subjectId: 1 #interfaceNumber: simple15 #block:3 #trail: 5 #targetId: 1 #completed: true #eventType: click #eventTarget: 1 #timeLength: 1595 #now: 1509039154766<br/>
script.js:546 currentTarget: 3
script.js:507 52 #subjectId: 1 #interfaceNumber: simple15 #block:3 #trail: 6 #targetId: 5 #completed: true #eventType: click #eventTarget: 5 #timeLength: 2371 #now: 1509039158125<br/>
script.js:507 53 #subjectId: 1 #interfaceNumber: simple15 #block:3 #trail: 7 #targetId: 3 #completed: false #eventType: click #eventTarget: 2 #timeLength: 3552 #now: 1509039162539<br/>
script.js:546 currentTarget: 2
script.js:507 54 #subjectId: 1 #interfaceNumber: simple15 #block:3 #trail: 7 #targetId: 3 #completed: true #eventType: click #eventTarget: 3 #timeLength: 1305 #now: 1509039163845<br/>
script.js:546 currentTarget: 8
script.js:507 55 #subjectId: 1 #interfaceNumber: simple15 #block:3 #trail: 8 #targetId: 2 #completed: true #eventType: click #eventTarget: 2 #timeLength: 1859 #now: 1509039166813<br/>
script.js:546 currentTarget: 9
script.js:507 56 #subjectId: 1 #interfaceNumber: simple15 #block:3 #trail: 9 #targetId: 8 #completed: true #eventType: click #eventTarget: 8 #timeLength: 4866 #now: 1509039172613<br/>
script.js:546 currentTarget: 7
script.js:507 57 #subjectId: 1 #interfaceNumber: simple15 #block:3 #trail: 10 #targetId: 9 #completed: true #eventType: click #eventTarget: 9 #timeLength: 1659 #now: 1509039175717<br/>
script.js:546 currentTarget: 0
script.js:507 58 #subjectId: 1 #interfaceNumber: simple15 #block:3 #trail: 11 #targetId: 7 #completed: true #eventType: click #eventTarget: 7 #timeLength: 4435 #now: 1509039181085<br/>
script.js:546 currentTarget: 13
script.js:507 59 #subjectId: 1 #interfaceNumber: simple15 #block:3 #trail: 12 #targetId: 0 #completed: true #eventType: click #eventTarget: 0 #timeLength: 2524 #now: 1509039184438<br/>
script.js:546 currentTarget: 4
script.js:507 60 #subjectId: 1 #interfaceNumber: simple15 #block:3 #trail: 13 #targetId: 13 #completed: true #eventType: click #eventTarget: 13 #timeLength: 1755 #now: 1509039187157<br/>
script.js:507 61 #subjectId: 1 #interfaceNumber: simple15 #block:3 #trail: 14 #targetId: 4 #completed: false #eventType: click #eventTarget: 3 #timeLength: 3585 #now: 1509039191627<br/>
script.js:507 62 #subjectId: 1 #interfaceNumber: simple15 #block:3 #trail: 14 #targetId: 4 #completed: true #eventType: click #eventTarget: 4 #timeLength: 1354 #now: 1509039192981<br/>
script.js:579 5:
script.js:546 currentTarget: 9
script.js:507 63 #subjectId: 1 #interfaceNumber: simple15 #block:4 #trail: 0 #targetId: 5 #completed: true #eventType: click #eventTarget: 5 #timeLength: 8003 #now: 1509039202341<br/>
script.js:546 currentTarget: 3
script.js:507 64 #subjectId: 1 #interfaceNumber: simple15 #block:4 #trail: 1 #targetId: 9 #completed: true #eventType: click #eventTarget: 9 #timeLength: 2907 #now: 1509039206781<br/>
script.js:546 currentTarget: 6
script.js:507 65 #subjectId: 1 #interfaceNumber: simple15 #block:4 #trail: 2 #targetId: 3 #completed: true #eventType: click #eventTarget: 3 #timeLength: 4123 #now: 1509039211861<br/>
script.js:546 currentTarget: 1
script.js:507 66 #subjectId: 1 #interfaceNumber: simple15 #block:4 #trail: 3 #targetId: 6 #completed: true #eventType: click #eventTarget: 6 #timeLength: 2179 #now: 1509039214996<br/>
script.js:546 currentTarget: 0
script.js:507 67 #subjectId: 1 #interfaceNumber: simple15 #block:4 #trail: 4 #targetId: 1 #completed: true #eventType: click #eventTarget: 1 #timeLength: 1387 #now: 1509039217212<br/>
script.js:546 currentTarget: 11
script.js:507 68 #subjectId: 1 #interfaceNumber: simple15 #block:4 #trail: 5 #targetId: 0 #completed: true #eventType: click #eventTarget: 0 #timeLength: 1811 #now: 1509039220012<br/>
script.js:546 currentTarget: 4
script.js:507 69 #subjectId: 1 #interfaceNumber: simple15 #block:4 #trail: 6 #targetId: 11 #completed: true #eventType: click #eventTarget: 11 #timeLength: 4194 #now: 1509039225091<br/>
script.js:546 currentTarget: 2
script.js:507 70 #subjectId: 1 #interfaceNumber: simple15 #block:4 #trail: 7 #targetId: 4 #completed: true #eventType: click #eventTarget: 4 #timeLength: 3059 #now: 1509039229028<br/>
script.js:546 currentTarget: 14
script.js:507 71 #subjectId: 1 #interfaceNumber: simple15 #block:4 #trail: 8 #targetId: 2 #completed: true #eventType: click #eventTarget: 2 #timeLength: 2628 #now: 1509039232420<br/>
script.js:546 currentTarget: 8
script.js:507 72 #subjectId: 1 #interfaceNumber: simple15 #block:4 #trail: 9 #targetId: 14 #completed: true #eventType: click #eventTarget: 14 #timeLength: 2171 #now: 1509039235516<br/>
script.js:546 currentTarget: 7
script.js:507 73 #subjectId: 1 #interfaceNumber: simple15 #block:4 #trail: 10 #targetId: 8 #completed: true #eventType: click #eventTarget: 8 #timeLength: 2307 #now: 1509039238788<br/>
script.js:546 currentTarget: 12
script.js:507 74 #subjectId: 1 #interfaceNumber: simple15 #block:4 #trail: 11 #targetId: 7 #completed: true #eventType: click #eventTarget: 7 #timeLength: 1643 #now: 1509039241348<br/>
script.js:546 currentTarget: 13
script.js:507 75 #subjectId: 1 #interfaceNumber: simple15 #block:4 #trail: 12 #targetId: 12 #completed: true #eventType: click #eventTarget: 12 #timeLength: 1979 #now: 1509039244268<br/>
script.js:546 currentTarget: 10
script.js:507 76 #subjectId: 1 #interfaceNumber: simple15 #block:4 #trail: 13 #targetId: 13 #completed: true #eventType: click #eventTarget: 13 #timeLength: 1859 #now: 1509039247996<br/>
script.js:507 77 #subjectId: 1 #interfaceNumber: simple15 #block:4 #trail: 14 #targetId: 10 #completed: true #eventType: click #eventTarget: 10 #timeLength: 5379 #now: 1509039254428<br/>
script.js:518 
	
	1 #subjectId: 1 #interfaceNumber: simple15 #block:1 #trail: 0 #targetId: 11 #completed: false #eventType: click #eventTarget: 10 #timeLength: 4265 #now: 15090389717842 #subjectId: 1 #interfaceNumber: simple15 #block:1 #trail: 0 #targetId: 11 #completed: true #eventType: click #eventTarget: 11 #timeLength: 1849 #now: 15090389736333 #subjectId: 1 #interfaceNumber: simple15 #block:1 #trail: 1 #targetId: 2 #completed: true #eventType: click #eventTarget: 2 #timeLength: 2914 #now: 15090389782014 #subjectId: 1 #interfaceNumber: simple15 #block:1 #trail: 2 #targetId: 10 #completed: false #eventType: click #eventTarget: 9 #timeLength: 4031 #now: 15090389835105 #subjectId: 1 #interfaceNumber: simple15 #block:1 #trail: 2 #targetId: 10 #completed: false #eventType: click #eventTarget: 8 #timeLength: 1207 #now: 15090389847186 #subjectId: 1 #interfaceNumber: simple15 #block:1 #trail: 2 #targetId: 10 #completed: true #eventType: click #eventTarget: 10 #timeLength: 1059 #now: 15090389857787 #subjectId: 1 #interfaceNumber: simple15 #block:1 #trail: 3 #targetId: 14 #completed: true #eventType: click #eventTarget: 14 #timeLength: 2204 #now: 15090389893788 #subjectId: 1 #interfaceNumber: simple15 #block:1 #trail: 4 #targetId: 9 #completed: true #eventType: click #eventTarget: 9 #timeLength: 4260 #now: 15090389946509 #subjectId: 1 #interfaceNumber: simple15 #block:1 #trail: 5 #targetId: 0 #completed: true #eventType: click #eventTarget: 0 #timeLength: 2219 #now: 150903899814610 #subjectId: 1 #interfaceNumber: simple15 #block:1 #trail: 6 #targetId: 3 #completed: false #eventType: click #eventTarget: 4 #timeLength: 4569 #now: 150903900366311 #subjectId: 1 #interfaceNumber: simple15 #block:1 #trail: 6 #targetId: 3 #completed: false #eventType: click #eventTarget: 5 #timeLength: 847 #now: 150903900451012 #subjectId: 1 #interfaceNumber: simple15 #block:1 #trail: 6 #targetId: 3 #completed: true #eventType: click #eventTarget: 3 #timeLength: 1420 #now: 150903900593013 #subjectId: 1 #interfaceNumber: simple15 #block:1 #trail: 7 #targetId: 4 #completed: true #eventType: click #eventTarget: 4 #timeLength: 1811 #now: 150903900885814 #subjectId: 1 #interfaceNumber: simple15 #block:1 #trail: 8 #targetId: 13 #completed: false #eventType: click #eventTarget: 10 #timeLength: 5889 #now: 150903901653515 #subjectId: 1 #interfaceNumber: simple15 #block:1 #trail: 8 #targetId: 13 #completed: false #eventType: click #eventTarget: 11 #timeLength: 1711 #now: 150903901824616 #subjectId: 1 #interfaceNumber: simple15 #block:1 #trail: 8 #targetId: 13 #completed: false #eventType: click #eventTarget: 12 #timeLength: 873 #now: 150903901911917 #subjectId: 1 #interfaceNumber: simple15 #block:1 #trail: 8 #targetId: 13 #completed: true #eventType: click #eventTarget: 13 #timeLength: 1083 #now: 150903902020218 #subjectId: 1 #interfaceNumber: simple15 #block:1 #trail: 9 #targetId: 8 #completed: true #eventType: click #eventTarget: 8 #timeLength: 4483 #now: 150903902596119 #subjectId: 1 #interfaceNumber: simple15 #block:1 #trail: 10 #targetId: 1 #completed: true #eventType: click #eventTarget: 1 #timeLength: 2306 #now: 150903902981620 #subjectId: 1 #interfaceNumber: simple15 #block:1 #trail: 11 #targetId: 12 #completed: false #eventType: click #eventTarget: 2 #timeLength: 5808 #now: 150903903754121 #subjectId: 1 #interfaceNumber: simple15 #block:1 #trail: 11 #targetId: 12 #completed: false #eventType: click #eventTarget: 1 #timeLength: 2136 #now: 150903903967822 #subjectId: 1 #interfaceNumber: simple15 #block:1 #trail: 11 #targetId: 12 #completed: false #eventType: click #eventTarget: 14 #timeLength: 1791 #now: 150903904146923 #subjectId: 1 #interfaceNumber: simple15 #block:1 #trail: 11 #targetId: 12 #completed: false #eventType: click #eventTarget: 13 #timeLength: 1392 #now: 150903904286124 #subjectId: 1 #interfaceNumber: simple15 #block:1 #trail: 11 #targetId: 12 #completed: true #eventType: click #eventTarget: 12 #timeLength: 1466 #now: 150903904432825 #subjectId: 1 #interfaceNumber: simple15 #block:1 #trail: 12 #targetId: 5 #completed: true #eventType: click #eventTarget: 5 #timeLength: 3051 #now: 150903904876026 #subjectId: 1 #interfaceNumber: simple15 #block:1 #trail: 13 #targetId: 7 #completed: true #eventType: click #eventTarget: 7 #timeLength: 3195 #now: 150903905288827 #subjectId: 1 #interfaceNumber: simple15 #block:1 #trail: 14 #targetId: 6 #completed: true #eventType: click #eventTarget: 6 #timeLength: 1547 #now: 150903905567228 #subjectId: 1 #interfaceNumber: simple15 #block:2 #trail: 0 #targetId: 0 #completed: true #eventType: click #eventTarget: 0 #timeLength: 4114 #now: 150903906090429 #subjectId: 1 #interfaceNumber: simple15 #block:2 #trail: 1 #targetId: 8 #completed: true #eventType: click #eventTarget: 8 #timeLength: 3771 #now: 150903906824030 #subjectId: 1 #interfaceNumber: simple15 #block:2 #trail: 2 #targetId: 4 #completed: false #eventType: click #eventTarget: 3 #timeLength: 3344 #now: 150903907249331 #subjectId: 1 #interfaceNumber: simple15 #block:2 #trail: 2 #targetId: 4 #completed: false #eventType: click #eventTarget: 2 #timeLength: 1783 #now: 150903907427732 #subjectId: 1 #interfaceNumber: simple15 #block:2 #trail: 2 #targetId: 4 #completed: true #eventType: click #eventTarget: 4 #timeLength: 1459 #now: 150903907573633 #subjectId: 1 #interfaceNumber: simple15 #block:2 #trail: 3 #targetId: 5 #completed: true #eventType: click #eventTarget: 5 #timeLength: 4731 #now: 150903908140834 #subjectId: 1 #interfaceNumber: simple15 #block:2 #trail: 4 #targetId: 3 #completed: true #eventType: click #eventTarget: 3 #timeLength: 1819 #now: 150903908425635 #subjectId: 1 #interfaceNumber: simple15 #block:2 #trail: 5 #targetId: 9 #completed: true #eventType: click #eventTarget: 9 #timeLength: 2987 #now: 150903908842436 #subjectId: 1 #interfaceNumber: simple15 #block:2 #trail: 6 #targetId: 14 #completed: true #eventType: click #eventTarget: 14 #timeLength: 1571 #now: 150903909099137 #subjectId: 1 #interfaceNumber: simple15 #block:2 #trail: 7 #targetId: 13 #completed: true #eventType: click #eventTarget: 13 #timeLength: 4395 #now: 150903909621538 #subjectId: 1 #interfaceNumber: simple15 #block:2 #trail: 8 #targetId: 11 #completed: true #eventType: click #eventTarget: 11 #timeLength: 6331 #now: 150903910379939 #subjectId: 1 #interfaceNumber: simple15 #block:2 #trail: 9 #targetId: 7 #completed: true #eventType: click #eventTarget: 7 #timeLength: 1722 #now: 150903910699840 #subjectId: 1 #interfaceNumber: simple15 #block:2 #trail: 10 #targetId: 10 #completed: false #eventType: click #eventTarget: 9 #timeLength: 2248 #now: 150903911002841 #subjectId: 1 #interfaceNumber: simple15 #block:2 #trail: 10 #targetId: 10 #completed: true #eventType: click #eventTarget: 10 #timeLength: 2793 #now: 150903911282242 #subjectId: 1 #interfaceNumber: simple15 #block:2 #trail: 11 #targetId: 2 #completed: true #eventType: click #eventTarget: 2 #timeLength: 4572 #now: 150903911837643 #subjectId: 1 #interfaceNumber: simple15 #block:2 #trail: 12 #targetId: 1 #completed: true #eventType: click #eventTarget: 1 #timeLength: 1604 #now: 150903912146344 #subjectId: 1 #interfaceNumber: simple15 #block:2 #trail: 13 #targetId: 12 #completed: true #eventType: click #eventTarget: 12 #timeLength: 2363 #now: 150903912480645 #subjectId: 1 #interfaceNumber: simple15 #block:2 #trail: 14 #targetId: 6 #completed: true #eventType: click #eventTarget: 6 #timeLength: 2700 #now: 150903912848746 #subjectId: 1 #interfaceNumber: simple15 #block:3 #trail: 0 #targetId: 6 #completed: true #eventType: click #eventTarget: 6 #timeLength: 7811 #now: 150903913735947 #subjectId: 1 #interfaceNumber: simple15 #block:3 #trail: 1 #targetId: 14 #completed: true #eventType: click #eventTarget: 14 #timeLength: 1564 #now: 150903914000748 #subjectId: 1 #interfaceNumber: simple15 #block:3 #trail: 2 #targetId: 12 #completed: true #eventType: click #eventTarget: 12 #timeLength: 2658 #now: 150903914359049 #subjectId: 1 #interfaceNumber: simple15 #block:3 #trail: 3 #targetId: 11 #completed: true #eventType: click #eventTarget: 11 #timeLength: 4988 #now: 150903914950350 #subjectId: 1 #interfaceNumber: simple15 #block:3 #trail: 4 #targetId: 10 #completed: true #eventType: click #eventTarget: 10 #timeLength: 2066 #now: 150903915241451 #subjectId: 1 #interfaceNumber: simple15 #block:3 #trail: 5 #targetId: 1 #completed: true #eventType: click #eventTarget: 1 #timeLength: 1595 #now: 150903915476652 #subjectId: 1 #interfaceNumber: simple15 #block:3 #trail: 6 #targetId: 5 #completed: true #eventType: click #eventTarget: 5 #timeLength: 2371 #now: 150903915812553 #subjectId: 1 #interfaceNumber: simple15 #block:3 #trail: 7 #targetId: 3 #completed: false #eventType: click #eventTarget: 2 #timeLength: 3552 #now: 150903916253954 #subjectId: 1 #interfaceNumber: simple15 #block:3 #trail: 7 #targetId: 3 #completed: true #eventType: click #eventTarget: 3 #timeLength: 1305 #now: 150903916384555 #subjectId: 1 #interfaceNumber: simple15 #block:3 #trail: 8 #targetId: 2 #completed: true #eventType: click #eventTarget: 2 #timeLength: 1859 #now: 150903916681356 #subjectId: 1 #interfaceNumber: simple15 #block:3 #trail: 9 #targetId: 8 #completed: true #eventType: click #eventTarget: 8 #timeLength: 4866 #now: 150903917261357 #subjectId: 1 #interfaceNumber: simple15 #block:3 #trail: 10 #targetId: 9 #completed: true #eventType: click #eventTarget: 9 #timeLength: 1659 #now: 150903917571758 #subjectId: 1 #interfaceNumber: simple15 #block:3 #trail: 11 #targetId: 7 #completed: true #eventType: click #eventTarget: 7 #timeLength: 4435 #now: 150903918108559 #subjectId: 1 #interfaceNumber: simple15 #block:3 #trail: 12 #targetId: 0 #completed: true #eventType: click #eventTarget: 0 #timeLength: 2524 #now: 150903918443860 #subjectId: 1 #interfaceNumber: simple15 #block:3 #trail: 13 #targetId: 13 #completed: true #eventType: click #eventTarget: 13 #timeLength: 1755 #now: 150903918715761 #subjectId: 1 #interfaceNumber: simple15 #block:3 #trail: 14 #targetId: 4 #completed: false #eventType: click #eventTarget: 3 #timeLength: 3585 #now: 150903919162762 #subjectId: 1 #interfaceNumber: simple15 #block:3 #trail: 14 #targetId: 4 #completed: true #eventType: click #eventTarget: 4 #timeLength: 1354 #now: 150903919298163 #subjectId: 1 #interfaceNumber: simple15 #block:4 #trail: 0 #targetId: 5 #completed: true #eventType: click #eventTarget: 5 #timeLength: 8003 #now: 150903920234164 #subjectId: 1 #interfaceNumber: simple15 #block:4 #trail: 1 #targetId: 9 #completed: true #eventType: click #eventTarget: 9 #timeLength: 2907 #now: 150903920678165 #subjectId: 1 #interfaceNumber: simple15 #block:4 #trail: 2 #targetId: 3 #completed: true #eventType: click #eventTarget: 3 #timeLength: 4123 #now: 150903921186166 #subjectId: 1 #interfaceNumber: simple15 #block:4 #trail: 3 #targetId: 6 #completed: true #eventType: click #eventTarget: 6 #timeLength: 2179 #now: 150903921499667 #subjectId: 1 #interfaceNumber: simple15 #block:4 #trail: 4 #targetId: 1 #completed: true #eventType: click #eventTarget: 1 #timeLength: 1387 #now: 150903921721268 #subjectId: 1 #interfaceNumber: simple15 #block:4 #trail: 5 #targetId: 0 #completed: true #eventType: click #eventTarget: 0 #timeLength: 1811 #now: 150903922001269 #subjectId: 1 #interfaceNumber: simple15 #block:4 #trail: 6 #targetId: 11 #completed: true #eventType: click #eventTarget: 11 #timeLength: 4194 #now: 150903922509170 #subjectId: 1 #interfaceNumber: simple15 #block:4 #trail: 7 #targetId: 4 #completed: true #eventType: click #eventTarget: 4 #timeLength: 3059 #now: 150903922902871 #subjectId: 1 #interfaceNumber: simple15 #block:4 #trail: 8 #targetId: 2 #completed: true #eventType: click #eventTarget: 2 #timeLength: 2628 #now: 150903923242072 #subjectId: 1 #interfaceNumber: simple15 #block:4 #trail: 9 #targetId: 14 #completed: true #eventType: click #eventTarget: 14 #timeLength: 2171 #now: 150903923551673 #subjectId: 1 #interfaceNumber: simple15 #block:4 #trail: 10 #targetId: 8 #completed: true #eventType: click #eventTarget: 8 #timeLength: 2307 #now: 150903923878874 #subjectId: 1 #interfaceNumber: simple15 #block:4 #trail: 11 #targetId: 7 #completed: true #eventType: click #eventTarget: 7 #timeLength: 1643 #now: 150903924134875 #subjectId: 1 #interfaceNumber: simple15 #block:4 #trail: 12 #targetId: 12 #completed: true #eventType: click #eventTarget: 12 #timeLength: 1979 #now: 150903924426876 #subjectId: 1 #interfaceNumber: simple15 #block:4 #trail: 13 #targetId: 13 #completed: true #eventType: click #eventTarget: 13 #timeLength: 1859 #now: 150903924799677 #subjectId: 1 #interfaceNumber: simple15 #block:4 #trail: 14 #targetId: 10 #completed: true #eventType: click #eventTarget: 10 #timeLength: 5379 #now: 1509039254428
