arrow-down.png Failed to load resource: the server responded with a status of 404 (Not Found)
script.js:128 >>null
script.js:268 3:
script.js:546 currentTarget: 0
script.js:507 1 #subjectId: 1 #interfaceNumber: simple10 #block:1 #trail: 0 #targetId: 3 #completed: true #eventType: click #eventTarget: 3 #timeLength: 2642 #now: 1509038641589<br/>
script.js:546 currentTarget: 6
script.js:507 2 #subjectId: 1 #interfaceNumber: simple10 #block:1 #trail: 1 #targetId: 0 #completed: true #eventType: click #eventTarget: 0 #timeLength: 3075 #now: 1509038646237<br/>
script.js:507 3 #subjectId: 1 #interfaceNumber: simple10 #block:1 #trail: 2 #targetId: 6 #completed: false #eventType: click #eventTarget: 5 #timeLength: 2448 #now: 1509038649778<br/>
script.js:507 4 #subjectId: 1 #interfaceNumber: simple10 #block:1 #trail: 2 #targetId: 6 #completed: false #eventType: click #eventTarget: 4 #timeLength: 1511 #now: 1509038651289<br/>
script.js:546 currentTarget: 9
script.js:507 5 #subjectId: 1 #interfaceNumber: simple10 #block:1 #trail: 2 #targetId: 6 #completed: true #eventType: click #eventTarget: 6 #timeLength: 1555 #now: 1509038652845<br/>
script.js:507 6 #subjectId: 1 #interfaceNumber: simple10 #block:1 #trail: 3 #targetId: 9 #completed: false #eventType: click #eventTarget: 8 #timeLength: 2129 #now: 1509038655978<br/>
script.js:507 7 #subjectId: 1 #interfaceNumber: simple10 #block:1 #trail: 3 #targetId: 9 #completed: false #eventType: click #eventTarget: 7 #timeLength: 1152 #now: 1509038657130<br/>
script.js:546 currentTarget: 2
script.js:507 8 #subjectId: 1 #interfaceNumber: simple10 #block:1 #trail: 3 #targetId: 9 #completed: true #eventType: click #eventTarget: 9 #timeLength: 1346 #now: 1509038658476<br/>
script.js:546 currentTarget: 5
script.js:507 9 #subjectId: 1 #interfaceNumber: simple10 #block:1 #trail: 4 #targetId: 2 #completed: true #eventType: click #eventTarget: 2 #timeLength: 2755 #now: 1509038662428<br/>
script.js:546 currentTarget: 8
script.js:507 10 #subjectId: 1 #interfaceNumber: simple10 #block:1 #trail: 5 #targetId: 5 #completed: true #eventType: click #eventTarget: 5 #timeLength: 2364 #now: 1509038666053<br/>
script.js:507 11 #subjectId: 1 #interfaceNumber: simple10 #block:1 #trail: 6 #targetId: 8 #completed: false #eventType: click #eventTarget: 2 #timeLength: 2769 #now: 1509038670194<br/>
script.js:507 12 #subjectId: 1 #interfaceNumber: simple10 #block:1 #trail: 6 #targetId: 8 #completed: false #eventType: click #eventTarget: 3 #timeLength: 1511 #now: 1509038671705<br/>
script.js:507 13 #subjectId: 1 #interfaceNumber: simple10 #block:1 #trail: 6 #targetId: 8 #completed: false #eventType: click #eventTarget: 1 #timeLength: 1032 #now: 1509038672738<br/>
script.js:507 14 #subjectId: 1 #interfaceNumber: simple10 #block:1 #trail: 6 #targetId: 8 #completed: false #eventType: click #eventTarget: 7 #timeLength: 1463 #now: 1509038674201<br/>
script.js:546 currentTarget: 7
script.js:507 15 #subjectId: 1 #interfaceNumber: simple10 #block:1 #trail: 6 #targetId: 8 #completed: true #eventType: click #eventTarget: 8 #timeLength: 1372 #now: 1509038675573<br/>
script.js:507 16 #subjectId: 1 #interfaceNumber: simple10 #block:1 #trail: 7 #targetId: 7 #completed: false #eventType: click #eventTarget: 3 #timeLength: 5224 #now: 1509038682098<br/>
script.js:507 17 #subjectId: 1 #interfaceNumber: simple10 #block:1 #trail: 7 #targetId: 7 #completed: false #eventType: click #eventTarget: 2 #timeLength: 823 #now: 1509038682921<br/>
script.js:546 currentTarget: 4
script.js:507 18 #subjectId: 1 #interfaceNumber: simple10 #block:1 #trail: 7 #targetId: 7 #completed: true #eventType: click #eventTarget: 7 #timeLength: 1907 #now: 1509038684829<br/>
script.js:546 currentTarget: 1
script.js:507 19 #subjectId: 1 #interfaceNumber: simple10 #block:1 #trail: 8 #targetId: 4 #completed: true #eventType: click #eventTarget: 4 #timeLength: 5547 #now: 1509038691940<br/>
script.js:507 20 #subjectId: 1 #interfaceNumber: simple10 #block:1 #trail: 9 #targetId: 1 #completed: true #eventType: click #eventTarget: 1 #timeLength: 2922 #now: 1509038696171<br/>
script.js:579 2:
script.js:507 21 #subjectId: 1 #interfaceNumber: simple10 #block:2 #trail: 0 #targetId: 2 #completed: false #eventType: click #eventTarget: 0 #timeLength: 4838 #now: 1509038703751<br/>
script.js:507 22 #subjectId: 1 #interfaceNumber: simple10 #block:2 #trail: 0 #targetId: 2 #completed: false #eventType: click #eventTarget: 1 #timeLength: 1304 #now: 1509038705055<br/>
script.js:546 currentTarget: 0
script.js:507 23 #subjectId: 1 #interfaceNumber: simple10 #block:2 #trail: 0 #targetId: 2 #completed: true #eventType: click #eventTarget: 2 #timeLength: 2475 #now: 1509038707530<br/>
script.js:546 currentTarget: 8
script.js:507 24 #subjectId: 1 #interfaceNumber: simple10 #block:2 #trail: 1 #targetId: 0 #completed: true #eventType: click #eventTarget: 0 #timeLength: 2171 #now: 1509038711546<br/>
script.js:507 25 #subjectId: 1 #interfaceNumber: simple10 #block:2 #trail: 2 #targetId: 8 #completed: false #eventType: click #eventTarget: 7 #timeLength: 3184 #now: 1509038716199<br/>
script.js:546 currentTarget: 5
script.js:507 26 #subjectId: 1 #interfaceNumber: simple10 #block:2 #trail: 2 #targetId: 8 #completed: true #eventType: click #eventTarget: 8 #timeLength: 1907 #now: 1509038718107<br/>
script.js:546 currentTarget: 1
script.js:507 27 #subjectId: 1 #interfaceNumber: simple10 #block:2 #trail: 3 #targetId: 5 #completed: true #eventType: click #eventTarget: 5 #timeLength: 2428 #now: 1509038721635<br/>
script.js:507 28 #subjectId: 1 #interfaceNumber: simple10 #block:2 #trail: 4 #targetId: 1 #completed: false #eventType: click #eventTarget: 2 #timeLength: 4448 #now: 1509038727175<br/>
script.js:546 currentTarget: 9
script.js:507 29 #subjectId: 1 #interfaceNumber: simple10 #block:2 #trail: 4 #targetId: 1 #completed: true #eventType: click #eventTarget: 1 #timeLength: 1419 #now: 1509038728594<br/>
script.js:546 currentTarget: 6
script.js:507 30 #subjectId: 1 #interfaceNumber: simple10 #block:2 #trail: 5 #targetId: 9 #completed: true #eventType: click #eventTarget: 9 #timeLength: 2739 #now: 1509038732611<br/>
script.js:507 31 #subjectId: 1 #interfaceNumber: simple10 #block:2 #trail: 6 #targetId: 6 #completed: false #eventType: click #eventTarget: 5 #timeLength: 2353 #now: 1509038736064<br/>
script.js:546 currentTarget: 7
script.js:507 32 #subjectId: 1 #interfaceNumber: simple10 #block:2 #trail: 6 #targetId: 6 #completed: true #eventType: click #eventTarget: 6 #timeLength: 1034 #now: 1509038737098<br/>
script.js:507 33 #subjectId: 1 #interfaceNumber: simple10 #block:2 #trail: 7 #targetId: 7 #completed: false #eventType: click #eventTarget: 8 #timeLength: 5040 #now: 1509038743271<br/>
script.js:546 currentTarget: 4
script.js:507 34 #subjectId: 1 #interfaceNumber: simple10 #block:2 #trail: 7 #targetId: 7 #completed: true #eventType: click #eventTarget: 7 #timeLength: 1003 #now: 1509038744274<br/>
script.js:507 35 #subjectId: 1 #interfaceNumber: simple10 #block:2 #trail: 8 #targetId: 4 #completed: false #eventType: click #eventTarget: 0 #timeLength: 2712 #now: 1509038748407<br/>
script.js:507 36 #subjectId: 1 #interfaceNumber: simple10 #block:2 #trail: 8 #targetId: 4 #completed: false #eventType: click #eventTarget: 2 #timeLength: 1336 #now: 1509038749743<br/>
script.js:507 37 #subjectId: 1 #interfaceNumber: simple10 #block:2 #trail: 8 #targetId: 4 #completed: false #eventType: click #eventTarget: 3 #timeLength: 2855 #now: 1509038752599<br/>
script.js:546 currentTarget: 3
script.js:507 38 #subjectId: 1 #interfaceNumber: simple10 #block:2 #trail: 8 #targetId: 4 #completed: true #eventType: click #eventTarget: 4 #timeLength: 1235 #now: 1509038753834<br/>
script.js:507 39 #subjectId: 1 #interfaceNumber: simple10 #block:2 #trail: 9 #targetId: 3 #completed: true #eventType: click #eventTarget: 3 #timeLength: 1659 #now: 1509038757362<br/>
script.js:579 0:
script.js:546 currentTarget: 9
script.js:507 40 #subjectId: 1 #interfaceNumber: simple10 #block:3 #trail: 0 #targetId: 0 #completed: true #eventType: click #eventTarget: 0 #timeLength: 2755 #now: 1509038761282<br/>
script.js:546 currentTarget: 4
script.js:507 41 #subjectId: 1 #interfaceNumber: simple10 #block:3 #trail: 1 #targetId: 9 #completed: true #eventType: click #eventTarget: 9 #timeLength: 1873 #now: 1509038764408<br/>
script.js:546 currentTarget: 2
script.js:507 42 #subjectId: 1 #interfaceNumber: simple10 #block:3 #trail: 2 #targetId: 4 #completed: true #eventType: click #eventTarget: 4 #timeLength: 4810 #now: 1509038770135<br/>
script.js:507 43 #subjectId: 1 #interfaceNumber: simple10 #block:3 #trail: 3 #targetId: 2 #completed: false #eventType: click #eventTarget: 0 #timeLength: 2024 #now: 1509038773637<br/>
script.js:507 44 #subjectId: 1 #interfaceNumber: simple10 #block:3 #trail: 3 #targetId: 2 #completed: false #eventType: click #eventTarget: 1 #timeLength: 1528 #now: 1509038775165<br/>
script.js:546 currentTarget: 7
script.js:507 45 #subjectId: 1 #interfaceNumber: simple10 #block:3 #trail: 3 #targetId: 2 #completed: true #eventType: click #eventTarget: 2 #timeLength: 1115 #now: 1509038776280<br/>
script.js:546 currentTarget: 3
script.js:507 46 #subjectId: 1 #interfaceNumber: simple10 #block:3 #trail: 4 #targetId: 7 #completed: true #eventType: click #eventTarget: 7 #timeLength: 2723 #now: 1509038780352<br/>
script.js:546 currentTarget: 6
script.js:507 47 #subjectId: 1 #interfaceNumber: simple10 #block:3 #trail: 5 #targetId: 3 #completed: true #eventType: click #eventTarget: 3 #timeLength: 1580 #now: 1509038783464<br/>
script.js:546 currentTarget: 1
script.js:507 48 #subjectId: 1 #interfaceNumber: simple10 #block:3 #trail: 6 #targetId: 6 #completed: true #eventType: click #eventTarget: 6 #timeLength: 3114 #now: 1509038788223<br/>
script.js:546 currentTarget: 8
script.js:507 49 #subjectId: 1 #interfaceNumber: simple10 #block:3 #trail: 7 #targetId: 1 #completed: true #eventType: click #eventTarget: 1 #timeLength: 1828 #now: 1509038792008<br/>
script.js:507 50 #subjectId: 1 #interfaceNumber: simple10 #block:3 #trail: 8 #targetId: 8 #completed: false #eventType: click #eventTarget: 2 #timeLength: 2616 #now: 1509038795605<br/>
script.js:507 51 #subjectId: 1 #interfaceNumber: simple10 #block:3 #trail: 8 #targetId: 8 #completed: false #eventType: click #eventTarget: 7 #timeLength: 2320 #now: 1509038797925<br/>
script.js:546 currentTarget: 5
script.js:507 52 #subjectId: 1 #interfaceNumber: simple10 #block:3 #trail: 8 #targetId: 8 #completed: true #eventType: click #eventTarget: 8 #timeLength: 931 #now: 1509038798856<br/>
script.js:507 53 #subjectId: 1 #interfaceNumber: simple10 #block:3 #trail: 9 #targetId: 5 #completed: true #eventType: click #eventTarget: 5 #timeLength: 3765 #now: 1509038804353<br/>
script.js:579 6:
script.js:546 currentTarget: 2
script.js:507 54 #subjectId: 1 #interfaceNumber: simple10 #block:4 #trail: 0 #targetId: 6 #completed: true #eventType: click #eventTarget: 6 #timeLength: 3979 #now: 1509038809768<br/>
script.js:507 55 #subjectId: 1 #interfaceNumber: simple10 #block:4 #trail: 1 #targetId: 2 #completed: false #eventType: click #eventTarget: 0 #timeLength: 3800 #now: 1509038814773<br/>
script.js:546 currentTarget: 0
script.js:507 56 #subjectId: 1 #interfaceNumber: simple10 #block:4 #trail: 1 #targetId: 2 #completed: true #eventType: click #eventTarget: 2 #timeLength: 2570 #now: 1509038817343<br/>
script.js:546 currentTarget: 8
script.js:507 57 #subjectId: 1 #interfaceNumber: simple10 #block:4 #trail: 2 #targetId: 0 #completed: true #eventType: click #eventTarget: 0 #timeLength: 2315 #now: 1509038820711<br/>
script.js:507 58 #subjectId: 1 #interfaceNumber: simple10 #block:4 #trail: 3 #targetId: 8 #completed: false #eventType: click #eventTarget: 7 #timeLength: 2864 #now: 1509038824644<br/>
script.js:546 currentTarget: 5
script.js:507 59 #subjectId: 1 #interfaceNumber: simple10 #block:4 #trail: 3 #targetId: 8 #completed: true #eventType: click #eventTarget: 8 #timeLength: 2387 #now: 1509038827031<br/>
script.js:546 currentTarget: 3
script.js:507 60 #subjectId: 1 #interfaceNumber: simple10 #block:4 #trail: 4 #targetId: 5 #completed: true #eventType: click #eventTarget: 5 #timeLength: 2373 #now: 1509038830752<br/>
script.js:546 currentTarget: 9
script.js:507 61 #subjectId: 1 #interfaceNumber: simple10 #block:4 #trail: 5 #targetId: 3 #completed: true #eventType: click #eventTarget: 3 #timeLength: 1698 #now: 1509038833430<br/>
script.js:546 currentTarget: 4
script.js:507 62 #subjectId: 1 #interfaceNumber: simple10 #block:4 #trail: 6 #targetId: 9 #completed: true #eventType: click #eventTarget: 9 #timeLength: 7570 #now: 1509038841830<br/>
script.js:507 63 #subjectId: 1 #interfaceNumber: simple10 #block:4 #trail: 7 #targetId: 4 #completed: false #eventType: click #eventTarget: 1 #timeLength: 8784 #now: 1509038851739<br/>
script.js:507 64 #subjectId: 1 #interfaceNumber: simple10 #block:4 #trail: 7 #targetId: 4 #completed: false #eventType: click #eventTarget: 0 #timeLength: 1057 #now: 1509038852796<br/>
script.js:507 65 #subjectId: 1 #interfaceNumber: simple10 #block:4 #trail: 7 #targetId: 4 #completed: false #eventType: click #eventTarget: 2 #timeLength: 1167 #now: 1509038853963<br/>
script.js:507 66 #subjectId: 1 #interfaceNumber: simple10 #block:4 #trail: 7 #targetId: 4 #completed: false #eventType: click #eventTarget: 3 #timeLength: 2895 #now: 1509038856859<br/>
script.js:546 currentTarget: 7
script.js:507 67 #subjectId: 1 #interfaceNumber: simple10 #block:4 #trail: 7 #targetId: 4 #completed: true #eventType: click #eventTarget: 4 #timeLength: 1012 #now: 1509038857871<br/>
script.js:546 currentTarget: 1
script.js:507 68 #subjectId: 1 #interfaceNumber: simple10 #block:4 #trail: 8 #targetId: 7 #completed: true #eventType: click #eventTarget: 7 #timeLength: 3587 #now: 1509038862782<br/>
script.js:507 69 #subjectId: 1 #interfaceNumber: simple10 #block:4 #trail: 9 #targetId: 1 #completed: true #eventType: click #eventTarget: 1 #timeLength: 2035 #now: 1509038865798<br/>
script.js:518 
	
	1 #subjectId: 1 #interfaceNumber: simple10 #block:1 #trail: 0 #targetId: 3 #completed: true #eventType: click #eventTarget: 3 #timeLength: 2642 #now: 15090386415892 #subjectId: 1 #interfaceNumber: simple10 #block:1 #trail: 1 #targetId: 0 #completed: true #eventType: click #eventTarget: 0 #timeLength: 3075 #now: 15090386462373 #subjectId: 1 #interfaceNumber: simple10 #block:1 #trail: 2 #targetId: 6 #completed: false #eventType: click #eventTarget: 5 #timeLength: 2448 #now: 15090386497784 #subjectId: 1 #interfaceNumber: simple10 #block:1 #trail: 2 #targetId: 6 #completed: false #eventType: click #eventTarget: 4 #timeLength: 1511 #now: 15090386512895 #subjectId: 1 #interfaceNumber: simple10 #block:1 #trail: 2 #targetId: 6 #completed: true #eventType: click #eventTarget: 6 #timeLength: 1555 #now: 15090386528456 #subjectId: 1 #interfaceNumber: simple10 #block:1 #trail: 3 #targetId: 9 #completed: false #eventType: click #eventTarget: 8 #timeLength: 2129 #now: 15090386559787 #subjectId: 1 #interfaceNumber: simple10 #block:1 #trail: 3 #targetId: 9 #completed: false #eventType: click #eventTarget: 7 #timeLength: 1152 #now: 15090386571308 #subjectId: 1 #interfaceNumber: simple10 #block:1 #trail: 3 #targetId: 9 #completed: true #eventType: click #eventTarget: 9 #timeLength: 1346 #now: 15090386584769 #subjectId: 1 #interfaceNumber: simple10 #block:1 #trail: 4 #targetId: 2 #completed: true #eventType: click #eventTarget: 2 #timeLength: 2755 #now: 150903866242810 #subjectId: 1 #interfaceNumber: simple10 #block:1 #trail: 5 #targetId: 5 #completed: true #eventType: click #eventTarget: 5 #timeLength: 2364 #now: 150903866605311 #subjectId: 1 #interfaceNumber: simple10 #block:1 #trail: 6 #targetId: 8 #completed: false #eventType: click #eventTarget: 2 #timeLength: 2769 #now: 150903867019412 #subjectId: 1 #interfaceNumber: simple10 #block:1 #trail: 6 #targetId: 8 #completed: false #eventType: click #eventTarget: 3 #timeLength: 1511 #now: 150903867170513 #subjectId: 1 #interfaceNumber: simple10 #block:1 #trail: 6 #targetId: 8 #completed: false #eventType: click #eventTarget: 1 #timeLength: 1032 #now: 150903867273814 #subjectId: 1 #interfaceNumber: simple10 #block:1 #trail: 6 #targetId: 8 #completed: false #eventType: click #eventTarget: 7 #timeLength: 1463 #now: 150903867420115 #subjectId: 1 #interfaceNumber: simple10 #block:1 #trail: 6 #targetId: 8 #completed: true #eventType: click #eventTarget: 8 #timeLength: 1372 #now: 150903867557316 #subjectId: 1 #interfaceNumber: simple10 #block:1 #trail: 7 #targetId: 7 #completed: false #eventType: click #eventTarget: 3 #timeLength: 5224 #now: 150903868209817 #subjectId: 1 #interfaceNumber: simple10 #block:1 #trail: 7 #targetId: 7 #completed: false #eventType: click #eventTarget: 2 #timeLength: 823 #now: 150903868292118 #subjectId: 1 #interfaceNumber: simple10 #block:1 #trail: 7 #targetId: 7 #completed: true #eventType: click #eventTarget: 7 #timeLength: 1907 #now: 150903868482919 #subjectId: 1 #interfaceNumber: simple10 #block:1 #trail: 8 #targetId: 4 #completed: true #eventType: click #eventTarget: 4 #timeLength: 5547 #now: 150903869194020 #subjectId: 1 #interfaceNumber: simple10 #block:1 #trail: 9 #targetId: 1 #completed: true #eventType: click #eventTarget: 1 #timeLength: 2922 #now: 150903869617121 #subjectId: 1 #interfaceNumber: simple10 #block:2 #trail: 0 #targetId: 2 #completed: false #eventType: click #eventTarget: 0 #timeLength: 4838 #now: 150903870375122 #subjectId: 1 #interfaceNumber: simple10 #block:2 #trail: 0 #targetId: 2 #completed: false #eventType: click #eventTarget: 1 #timeLength: 1304 #now: 150903870505523 #subjectId: 1 #interfaceNumber: simple10 #block:2 #trail: 0 #targetId: 2 #completed: true #eventType: click #eventTarget: 2 #timeLength: 2475 #now: 150903870753024 #subjectId: 1 #interfaceNumber: simple10 #block:2 #trail: 1 #targetId: 0 #completed: true #eventType: click #eventTarget: 0 #timeLength: 2171 #now: 150903871154625 #subjectId: 1 #interfaceNumber: simple10 #block:2 #trail: 2 #targetId: 8 #completed: false #eventType: click #eventTarget: 7 #timeLength: 3184 #now: 150903871619926 #subjectId: 1 #interfaceNumber: simple10 #block:2 #trail: 2 #targetId: 8 #completed: true #eventType: click #eventTarget: 8 #timeLength: 1907 #now: 150903871810727 #subjectId: 1 #interfaceNumber: simple10 #block:2 #trail: 3 #targetId: 5 #completed: true #eventType: click #eventTarget: 5 #timeLength: 2428 #now: 150903872163528 #subjectId: 1 #interfaceNumber: simple10 #block:2 #trail: 4 #targetId: 1 #completed: false #eventType: click #eventTarget: 2 #timeLength: 4448 #now: 150903872717529 #subjectId: 1 #interfaceNumber: simple10 #block:2 #trail: 4 #targetId: 1 #completed: true #eventType: click #eventTarget: 1 #timeLength: 1419 #now: 150903872859430 #subjectId: 1 #interfaceNumber: simple10 #block:2 #trail: 5 #targetId: 9 #completed: true #eventType: click #eventTarget: 9 #timeLength: 2739 #now: 150903873261131 #subjectId: 1 #interfaceNumber: simple10 #block:2 #trail: 6 #targetId: 6 #completed: false #eventType: click #eventTarget: 5 #timeLength: 2353 #now: 150903873606432 #subjectId: 1 #interfaceNumber: simple10 #block:2 #trail: 6 #targetId: 6 #completed: true #eventType: click #eventTarget: 6 #timeLength: 1034 #now: 150903873709833 #subjectId: 1 #interfaceNumber: simple10 #block:2 #trail: 7 #targetId: 7 #completed: false #eventType: click #eventTarget: 8 #timeLength: 5040 #now: 150903874327134 #subjectId: 1 #interfaceNumber: simple10 #block:2 #trail: 7 #targetId: 7 #completed: true #eventType: click #eventTarget: 7 #timeLength: 1003 #now: 150903874427435 #subjectId: 1 #interfaceNumber: simple10 #block:2 #trail: 8 #targetId: 4 #completed: false #eventType: click #eventTarget: 0 #timeLength: 2712 #now: 150903874840736 #subjectId: 1 #interfaceNumber: simple10 #block:2 #trail: 8 #targetId: 4 #completed: false #eventType: click #eventTarget: 2 #timeLength: 1336 #now: 150903874974337 #subjectId: 1 #interfaceNumber: simple10 #block:2 #trail: 8 #targetId: 4 #completed: false #eventType: click #eventTarget: 3 #timeLength: 2855 #now: 150903875259938 #subjectId: 1 #interfaceNumber: simple10 #block:2 #trail: 8 #targetId: 4 #completed: true #eventType: click #eventTarget: 4 #timeLength: 1235 #now: 150903875383439 #subjectId: 1 #interfaceNumber: simple10 #block:2 #trail: 9 #targetId: 3 #completed: true #eventType: click #eventTarget: 3 #timeLength: 1659 #now: 150903875736240 #subjectId: 1 #interfaceNumber: simple10 #block:3 #trail: 0 #targetId: 0 #completed: true #eventType: click #eventTarget: 0 #timeLength: 2755 #now: 150903876128241 #subjectId: 1 #interfaceNumber: simple10 #block:3 #trail: 1 #targetId: 9 #completed: true #eventType: click #eventTarget: 9 #timeLength: 1873 #now: 150903876440842 #subjectId: 1 #interfaceNumber: simple10 #block:3 #trail: 2 #targetId: 4 #completed: true #eventType: click #eventTarget: 4 #timeLength: 4810 #now: 150903877013543 #subjectId: 1 #interfaceNumber: simple10 #block:3 #trail: 3 #targetId: 2 #completed: false #eventType: click #eventTarget: 0 #timeLength: 2024 #now: 150903877363744 #subjectId: 1 #interfaceNumber: simple10 #block:3 #trail: 3 #targetId: 2 #completed: false #eventType: click #eventTarget: 1 #timeLength: 1528 #now: 150903877516545 #subjectId: 1 #interfaceNumber: simple10 #block:3 #trail: 3 #targetId: 2 #completed: true #eventType: click #eventTarget: 2 #timeLength: 1115 #now: 150903877628046 #subjectId: 1 #interfaceNumber: simple10 #block:3 #trail: 4 #targetId: 7 #completed: true #eventType: click #eventTarget: 7 #timeLength: 2723 #now: 150903878035247 #subjectId: 1 #interfaceNumber: simple10 #block:3 #trail: 5 #targetId: 3 #completed: true #eventType: click #eventTarget: 3 #timeLength: 1580 #now: 150903878346448 #subjectId: 1 #interfaceNumber: simple10 #block:3 #trail: 6 #targetId: 6 #completed: true #eventType: click #eventTarget: 6 #timeLength: 3114 #now: 150903878822349 #subjectId: 1 #interfaceNumber: simple10 #block:3 #trail: 7 #targetId: 1 #completed: true #eventType: click #eventTarget: 1 #timeLength: 1828 #now: 150903879200850 #subjectId: 1 #interfaceNumber: simple10 #block:3 #trail: 8 #targetId: 8 #completed: false #eventType: click #eventTarget: 2 #timeLength: 2616 #now: 150903879560551 #subjectId: 1 #interfaceNumber: simple10 #block:3 #trail: 8 #targetId: 8 #completed: false #eventType: click #eventTarget: 7 #timeLength: 2320 #now: 150903879792552 #subjectId: 1 #interfaceNumber: simple10 #block:3 #trail: 8 #targetId: 8 #completed: true #eventType: click #eventTarget: 8 #timeLength: 931 #now: 150903879885653 #subjectId: 1 #interfaceNumber: simple10 #block:3 #trail: 9 #targetId: 5 #completed: true #eventType: click #eventTarget: 5 #timeLength: 3765 #now: 150903880435354 #subjectId: 1 #interfaceNumber: simple10 #block:4 #trail: 0 #targetId: 6 #completed: true #eventType: click #eventTarget: 6 #timeLength: 3979 #now: 150903880976855 #subjectId: 1 #interfaceNumber: simple10 #block:4 #trail: 1 #targetId: 2 #completed: false #eventType: click #eventTarget: 0 #timeLength: 3800 #now: 150903881477356 #subjectId: 1 #interfaceNumber: simple10 #block:4 #trail: 1 #targetId: 2 #completed: true #eventType: click #eventTarget: 2 #timeLength: 2570 #now: 150903881734357 #subjectId: 1 #interfaceNumber: simple10 #block:4 #trail: 2 #targetId: 0 #completed: true #eventType: click #eventTarget: 0 #timeLength: 2315 #now: 150903882071158 #subjectId: 1 #interfaceNumber: simple10 #block:4 #trail: 3 #targetId: 8 #completed: false #eventType: click #eventTarget: 7 #timeLength: 2864 #now: 150903882464459 #subjectId: 1 #interfaceNumber: simple10 #block:4 #trail: 3 #targetId: 8 #completed: true #eventType: click #eventTarget: 8 #timeLength: 2387 #now: 150903882703160 #subjectId: 1 #interfaceNumber: simple10 #block:4 #trail: 4 #targetId: 5 #completed: true #eventType: click #eventTarget: 5 #timeLength: 2373 #now: 150903883075261 #subjectId: 1 #interfaceNumber: simple10 #block:4 #trail: 5 #targetId: 3 #completed: true #eventType: click #eventTarget: 3 #timeLength: 1698 #now: 150903883343062 #subjectId: 1 #interfaceNumber: simple10 #block:4 #trail: 6 #targetId: 9 #completed: true #eventType: click #eventTarget: 9 #timeLength: 7570 #now: 150903884183063 #subjectId: 1 #interfaceNumber: simple10 #block:4 #trail: 7 #targetId: 4 #completed: false #eventType: click #eventTarget: 1 #timeLength: 8784 #now: 150903885173964 #subjectId: 1 #interfaceNumber: simple10 #block:4 #trail: 7 #targetId: 4 #completed: false #eventType: click #eventTarget: 0 #timeLength: 1057 #now: 150903885279665 #subjectId: 1 #interfaceNumber: simple10 #block:4 #trail: 7 #targetId: 4 #completed: false #eventType: click #eventTarget: 2 #timeLength: 1167 #now: 150903885396366 #subjectId: 1 #interfaceNumber: simple10 #block:4 #trail: 7 #targetId: 4 #completed: false #eventType: click #eventTarget: 3 #timeLength: 2895 #now: 150903885685967 #subjectId: 1 #interfaceNumber: simple10 #block:4 #trail: 7 #targetId: 4 #completed: true #eventType: click #eventTarget: 4 #timeLength: 1012 #now: 150903885787168 #subjectId: 1 #interfaceNumber: simple10 #block:4 #trail: 8 #targetId: 7 #completed: true #eventType: click #eventTarget: 7 #timeLength: 3587 #now: 150903886278269 #subjectId: 1 #interfaceNumber: simple10 #block:4 #trail: 9 #targetId: 1 #completed: true #eventType: click #eventTarget: 1 #timeLength: 2035 #now: 1509038865798
