arrow-down.png Failed to load resource: the server responded with a status of 404 (Not Found)
script.js:128 >>null
script.js:268 7:
script.js:507 1 #subjectId: 2 #interfaceNumber: simple10 #block:1 #trail: 0 #targetId: 7 #completed: false #eventType: click #eventTarget: 4 #timeLength: 5289 #now: 1509051550888<br/>
script.js:507 2 #subjectId: 2 #interfaceNumber: simple10 #block:1 #trail: 0 #targetId: 7 #completed: false #eventType: click #eventTarget: 5 #timeLength: 4335 #now: 1509051555223<br/>
script.js:507 3 #subjectId: 2 #interfaceNumber: simple10 #block:1 #trail: 0 #targetId: 7 #completed: false #eventType: click #eventTarget: 3 #timeLength: 1399 #now: 1509051556623<br/>
script.js:507 4 #subjectId: 2 #interfaceNumber: simple10 #block:1 #trail: 0 #targetId: 7 #completed: false #eventType: click #eventTarget: 1 #timeLength: 1832 #now: 1509051558455<br/>
script.js:507 5 #subjectId: 2 #interfaceNumber: simple10 #block:1 #trail: 0 #targetId: 7 #completed: false #eventType: click #eventTarget: 2 #timeLength: 1640 #now: 1509051560095<br/>
script.js:507 6 #subjectId: 2 #interfaceNumber: simple10 #block:1 #trail: 0 #targetId: 7 #completed: false #eventType: click #eventTarget: 6 #timeLength: 2872 #now: 1509051562967<br/>
script.js:507 7 #subjectId: 2 #interfaceNumber: simple10 #block:1 #trail: 0 #targetId: 7 #completed: false #eventType: click #eventTarget: 5 #timeLength: 1111 #now: 1509051564079<br/>
script.js:546 currentTarget: 5
script.js:507 8 #subjectId: 2 #interfaceNumber: simple10 #block:1 #trail: 0 #targetId: 7 #completed: true #eventType: click #eventTarget: 7 #timeLength: 1092 #now: 1509051565171<br/>
script.js:546 currentTarget: 0
script.js:507 9 #subjectId: 2 #interfaceNumber: simple10 #block:1 #trail: 1 #targetId: 5 #completed: true #eventType: click #eventTarget: 5 #timeLength: 2851 #now: 1509051569594<br/>
script.js:507 10 #subjectId: 2 #interfaceNumber: simple10 #block:1 #trail: 2 #targetId: 0 #completed: false #eventType: click #eventTarget: 1 #timeLength: 4625 #now: 1509051575487<br/>
script.js:507 11 #subjectId: 2 #interfaceNumber: simple10 #block:1 #trail: 2 #targetId: 0 #completed: false #eventType: click #eventTarget: 2 #timeLength: 1728 #now: 1509051577215<br/>
script.js:507 12 #subjectId: 2 #interfaceNumber: simple10 #block:1 #trail: 2 #targetId: 0 #completed: false #eventType: click #eventTarget: 4 #timeLength: 1872 #now: 1509051579087<br/>
script.js:507 13 #subjectId: 2 #interfaceNumber: simple10 #block:1 #trail: 2 #targetId: 0 #completed: false #eventType: click #eventTarget: 3 #timeLength: 992 #now: 1509051580079<br/>
script.js:507 14 #subjectId: 2 #interfaceNumber: simple10 #block:1 #trail: 2 #targetId: 0 #completed: false #eventType: click #eventTarget: 5 #timeLength: 1152 #now: 1509051581231<br/>
script.js:507 15 #subjectId: 2 #interfaceNumber: simple10 #block:1 #trail: 2 #targetId: 0 #completed: false #eventType: click #eventTarget: 6 #timeLength: 1367 #now: 1509051582598<br/>
script.js:507 16 #subjectId: 2 #interfaceNumber: simple10 #block:1 #trail: 2 #targetId: 0 #completed: false #eventType: click #eventTarget: 7 #timeLength: 1336 #now: 1509051583935<br/>
script.js:507 17 #subjectId: 2 #interfaceNumber: simple10 #block:1 #trail: 2 #targetId: 0 #completed: false #eventType: click #eventTarget: 8 #timeLength: 2031 #now: 1509051585966<br/>
script.js:507 18 #subjectId: 2 #interfaceNumber: simple10 #block:1 #trail: 2 #targetId: 0 #completed: false #eventType: click #eventTarget: 9 #timeLength: 1304 #now: 1509051587271<br/>
script.js:507 19 #subjectId: 2 #interfaceNumber: simple10 #block:1 #trail: 2 #targetId: 0 #completed: false #eventType: click #eventTarget: 3 #timeLength: 1504 #now: 1509051588775<br/>
script.js:546 currentTarget: 1
script.js:507 20 #subjectId: 2 #interfaceNumber: simple10 #block:1 #trail: 2 #targetId: 0 #completed: true #eventType: click #eventTarget: 0 #timeLength: 1027 #now: 1509051589802<br/>
script.js:546 currentTarget: 9
script.js:507 21 #subjectId: 2 #interfaceNumber: simple10 #block:1 #trail: 3 #targetId: 1 #completed: true #eventType: click #eventTarget: 1 #timeLength: 2123 #now: 1509051593290<br/>
script.js:507 22 #subjectId: 2 #interfaceNumber: simple10 #block:1 #trail: 4 #targetId: 9 #completed: false #eventType: click #eventTarget: 8 #timeLength: 2376 #now: 1509051596750<br/>
script.js:507 23 #subjectId: 2 #interfaceNumber: simple10 #block:1 #trail: 4 #targetId: 9 #completed: false #eventType: click #eventTarget: 7 #timeLength: 1424 #now: 1509051598175<br/>
script.js:546 currentTarget: 6
script.js:507 24 #subjectId: 2 #interfaceNumber: simple10 #block:1 #trail: 4 #targetId: 9 #completed: true #eventType: click #eventTarget: 9 #timeLength: 1178 #now: 1509051599353<br/>
script.js:546 currentTarget: 4
script.js:507 25 #subjectId: 2 #interfaceNumber: simple10 #block:1 #trail: 5 #targetId: 6 #completed: true #eventType: click #eventTarget: 6 #timeLength: 2235 #now: 1509051603018<br/>
script.js:507 26 #subjectId: 2 #interfaceNumber: simple10 #block:1 #trail: 6 #targetId: 4 #completed: false #eventType: click #eventTarget: 3 #timeLength: 2330 #now: 1509051606353<br/>
script.js:507 27 #subjectId: 2 #interfaceNumber: simple10 #block:1 #trail: 6 #targetId: 4 #completed: false #eventType: click #eventTarget: 2 #timeLength: 609 #now: 1509051606962<br/>
script.js:546 currentTarget: 2
script.js:507 28 #subjectId: 2 #interfaceNumber: simple10 #block:1 #trail: 6 #targetId: 4 #completed: true #eventType: click #eventTarget: 4 #timeLength: 1434 #now: 1509051608396<br/>
script.js:507 29 #subjectId: 2 #interfaceNumber: simple10 #block:1 #trail: 7 #targetId: 2 #completed: false #eventType: click #eventTarget: 3 #timeLength: 4465 #now: 1509051614114<br/>
script.js:546 currentTarget: 3
script.js:507 30 #subjectId: 2 #interfaceNumber: simple10 #block:1 #trail: 7 #targetId: 2 #completed: true #eventType: click #eventTarget: 2 #timeLength: 571 #now: 1509051614685<br/>
script.js:546 currentTarget: 8
script.js:507 31 #subjectId: 2 #interfaceNumber: simple10 #block:1 #trail: 8 #targetId: 3 #completed: true #eventType: click #eventTarget: 3 #timeLength: 1883 #now: 1509051617629<br/>
script.js:507 32 #subjectId: 2 #interfaceNumber: simple10 #block:1 #trail: 9 #targetId: 8 #completed: false #eventType: click #eventTarget: 7 #timeLength: 4432 #now: 1509051622970<br/>
script.js:507 33 #subjectId: 2 #interfaceNumber: simple10 #block:1 #trail: 9 #targetId: 8 #completed: true #eventType: click #eventTarget: 8 #timeLength: 794 #now: 1509051623764<br/>
script.js:579 1:
script.js:546 currentTarget: 9
script.js:507 34 #subjectId: 2 #interfaceNumber: simple10 #block:2 #trail: 0 #targetId: 1 #completed: true #eventType: click #eventTarget: 1 #timeLength: 6715 #now: 1509051632244<br/>
script.js:546 currentTarget: 3
script.js:507 35 #subjectId: 2 #interfaceNumber: simple10 #block:2 #trail: 1 #targetId: 9 #completed: true #eventType: click #eventTarget: 9 #timeLength: 2412 #now: 1509051635597<br/>
script.js:507 36 #subjectId: 2 #interfaceNumber: simple10 #block:2 #trail: 2 #targetId: 3 #completed: false #eventType: click #eventTarget: 8 #timeLength: 4000 #now: 1509051640497<br/>
script.js:507 37 #subjectId: 2 #interfaceNumber: simple10 #block:2 #trail: 2 #targetId: 3 #completed: false #eventType: click #eventTarget: 7 #timeLength: 895 #now: 1509051641393<br/>
script.js:546 currentTarget: 4
script.js:507 38 #subjectId: 2 #interfaceNumber: simple10 #block:2 #trail: 2 #targetId: 3 #completed: true #eventType: click #eventTarget: 3 #timeLength: 1363 #now: 1509051642756<br/>
script.js:507 39 #subjectId: 2 #interfaceNumber: simple10 #block:2 #trail: 3 #targetId: 4 #completed: false #eventType: click #eventTarget: 2 #timeLength: 2385 #now: 1509051646274<br/>
script.js:546 currentTarget: 5
script.js:507 40 #subjectId: 2 #interfaceNumber: simple10 #block:2 #trail: 3 #targetId: 4 #completed: true #eventType: click #eventTarget: 4 #timeLength: 2698 #now: 1509051648972<br/>
script.js:546 currentTarget: 6
script.js:507 41 #subjectId: 2 #interfaceNumber: simple10 #block:2 #trail: 4 #targetId: 5 #completed: true #eventType: click #eventTarget: 5 #timeLength: 2003 #now: 1509051652244<br/>
script.js:546 currentTarget: 7
script.js:507 42 #subjectId: 2 #interfaceNumber: simple10 #block:2 #trail: 5 #targetId: 6 #completed: true #eventType: click #eventTarget: 6 #timeLength: 1907 #now: 1509051655020<br/>
script.js:546 currentTarget: 8
script.js:507 43 #subjectId: 2 #interfaceNumber: simple10 #block:2 #trail: 6 #targetId: 7 #completed: true #eventType: click #eventTarget: 7 #timeLength: 3643 #now: 1509051659716<br/>
script.js:546 currentTarget: 0
script.js:507 44 #subjectId: 2 #interfaceNumber: simple10 #block:2 #trail: 7 #targetId: 8 #completed: true #eventType: click #eventTarget: 8 #timeLength: 2859 #now: 1509051663500<br/>
script.js:546 currentTarget: 2
script.js:507 45 #subjectId: 2 #interfaceNumber: simple10 #block:2 #trail: 8 #targetId: 0 #completed: true #eventType: click #eventTarget: 0 #timeLength: 1917 #now: 1509051666478<br/>
script.js:507 46 #subjectId: 2 #interfaceNumber: simple10 #block:2 #trail: 9 #targetId: 2 #completed: true #eventType: click #eventTarget: 2 #timeLength: 2827 #now: 1509051670166<br/>
script.js:579 3:
script.js:507 47 #subjectId: 2 #interfaceNumber: simple10 #block:3 #trail: 0 #targetId: 3 #completed: false #eventType: click #eventTarget: 1 #timeLength: 2952 #now: 1509051674507<br/>
script.js:507 48 #subjectId: 2 #interfaceNumber: simple10 #block:3 #trail: 0 #targetId: 3 #completed: false #eventType: click #eventTarget: 0 #timeLength: 1616 #now: 1509051676123<br/>
script.js:546 currentTarget: 2
script.js:507 49 #subjectId: 2 #interfaceNumber: simple10 #block:3 #trail: 0 #targetId: 3 #completed: true #eventType: click #eventTarget: 3 #timeLength: 1306 #now: 1509051677430<br/>
script.js:507 50 #subjectId: 2 #interfaceNumber: simple10 #block:3 #trail: 1 #targetId: 2 #completed: false #eventType: click #eventTarget: 1 #timeLength: 1872 #now: 1509051680491<br/>
script.js:546 currentTarget: 5
script.js:507 51 #subjectId: 2 #interfaceNumber: simple10 #block:3 #trail: 1 #targetId: 2 #completed: true #eventType: click #eventTarget: 2 #timeLength: 1131 #now: 1509051681622<br/>
script.js:546 currentTarget: 0
script.js:507 52 #subjectId: 2 #interfaceNumber: simple10 #block:3 #trail: 2 #targetId: 5 #completed: true #eventType: click #eventTarget: 5 #timeLength: 2380 #now: 1509051685023<br/>
script.js:546 currentTarget: 7
script.js:507 53 #subjectId: 2 #interfaceNumber: simple10 #block:3 #trail: 3 #targetId: 0 #completed: true #eventType: click #eventTarget: 0 #timeLength: 2227 #now: 1509051688262<br/>
script.js:546 currentTarget: 8
script.js:507 54 #subjectId: 2 #interfaceNumber: simple10 #block:3 #trail: 4 #targetId: 7 #completed: true #eventType: click #eventTarget: 7 #timeLength: 2628 #now: 1509051691926<br/>
script.js:546 currentTarget: 4
script.js:507 55 #subjectId: 2 #interfaceNumber: simple10 #block:3 #trail: 5 #targetId: 8 #completed: true #eventType: click #eventTarget: 8 #timeLength: 2363 #now: 1509051695198<br/>
script.js:546 currentTarget: 1
script.js:507 56 #subjectId: 2 #interfaceNumber: simple10 #block:3 #trail: 6 #targetId: 4 #completed: true #eventType: click #eventTarget: 4 #timeLength: 3173 #now: 1509051699223<br/>
script.js:507 57 #subjectId: 2 #interfaceNumber: simple10 #block:3 #trail: 7 #targetId: 1 #completed: false #eventType: click #eventTarget: 6 #timeLength: 4529 #now: 1509051704779<br/>
script.js:507 58 #subjectId: 2 #interfaceNumber: simple10 #block:3 #trail: 7 #targetId: 1 #completed: false #eventType: click #eventTarget: 5 #timeLength: 1672 #now: 1509051706451<br/>
script.js:507 59 #subjectId: 2 #interfaceNumber: simple10 #block:3 #trail: 7 #targetId: 1 #completed: false #eventType: click #eventTarget: 7 #timeLength: 1560 #now: 1509051708012<br/>
script.js:507 60 #subjectId: 2 #interfaceNumber: simple10 #block:3 #trail: 7 #targetId: 1 #completed: false #eventType: click #eventTarget: 2 #timeLength: 2383 #now: 1509051710395<br/>
script.js:546 currentTarget: 6
script.js:507 61 #subjectId: 2 #interfaceNumber: simple10 #block:3 #trail: 7 #targetId: 1 #completed: true #eventType: click #eventTarget: 1 #timeLength: 611 #now: 1509051711006<br/>
script.js:507 62 #subjectId: 2 #interfaceNumber: simple10 #block:3 #trail: 8 #targetId: 6 #completed: false #eventType: click #eventTarget: 2 #timeLength: 2143 #now: 1509051714330<br/>
script.js:507 63 #subjectId: 2 #interfaceNumber: simple10 #block:3 #trail: 8 #targetId: 6 #completed: false #eventType: click #eventTarget: 3 #timeLength: 1032 #now: 1509051715363<br/>
script.js:507 64 #subjectId: 2 #interfaceNumber: simple10 #block:3 #trail: 8 #targetId: 6 #completed: false #eventType: click #eventTarget: 4 #timeLength: 1159 #now: 1509051716522<br/>
script.js:507 65 #subjectId: 2 #interfaceNumber: simple10 #block:3 #trail: 8 #targetId: 6 #completed: false #eventType: click #eventTarget: 5 #timeLength: 920 #now: 1509051717443<br/>
script.js:546 currentTarget: 9
script.js:507 66 #subjectId: 2 #interfaceNumber: simple10 #block:3 #trail: 8 #targetId: 6 #completed: true #eventType: click #eventTarget: 6 #timeLength: 811 #now: 1509051718254<br/>
script.js:507 67 #subjectId: 2 #interfaceNumber: simple10 #block:3 #trail: 9 #targetId: 9 #completed: true #eventType: click #eventTarget: 9 #timeLength: 2068 #now: 1509051721599<br/>
script.js:579 0:
script.js:546 currentTarget: 6
script.js:507 68 #subjectId: 2 #interfaceNumber: simple10 #block:4 #trail: 0 #targetId: 0 #completed: true #eventType: click #eventTarget: 0 #timeLength: 3990 #now: 1509051727089<br/>
script.js:507 69 #subjectId: 2 #interfaceNumber: simple10 #block:4 #trail: 1 #targetId: 6 #completed: false #eventType: click #eventTarget: 5 #timeLength: 2158 #now: 1509051730341<br/>
script.js:546 currentTarget: 1
script.js:507 70 #subjectId: 2 #interfaceNumber: simple10 #block:4 #trail: 1 #targetId: 6 #completed: true #eventType: click #eventTarget: 6 #timeLength: 875 #now: 1509051731217<br/>
script.js:507 71 #subjectId: 2 #interfaceNumber: simple10 #block:4 #trail: 2 #targetId: 1 #completed: false #eventType: click #eventTarget: 3 #timeLength: 1712 #now: 1509051733934<br/>
script.js:507 72 #subjectId: 2 #interfaceNumber: simple10 #block:4 #trail: 2 #targetId: 1 #completed: false #eventType: click #eventTarget: 2 #timeLength: 560 #now: 1509051734494<br/>
script.js:507 73 #subjectId: 2 #interfaceNumber: simple10 #block:4 #trail: 2 #targetId: 1 #completed: false #eventType: click #eventTarget: 4 #timeLength: 1152 #now: 1509051735646<br/>
script.js:507 74 #subjectId: 2 #interfaceNumber: simple10 #block:4 #trail: 2 #targetId: 1 #completed: false #eventType: click #eventTarget: 5 #timeLength: 656 #now: 1509051736302<br/>
script.js:507 75 #subjectId: 2 #interfaceNumber: simple10 #block:4 #trail: 2 #targetId: 1 #completed: false #eventType: click #eventTarget: 6 #timeLength: 2440 #now: 1509051738742<br/>
script.js:507 76 #subjectId: 2 #interfaceNumber: simple10 #block:4 #trail: 2 #targetId: 1 #completed: false #eventType: click #eventTarget: 5 #timeLength: 2311 #now: 1509051741053<br/>
script.js:507 77 #subjectId: 2 #interfaceNumber: simple10 #block:4 #trail: 2 #targetId: 1 #completed: false #eventType: click #eventTarget: 7 #timeLength: 1424 #now: 1509051742478<br/>
script.js:507 78 #subjectId: 2 #interfaceNumber: simple10 #block:4 #trail: 2 #targetId: 1 #completed: false #eventType: click #eventTarget: 8 #timeLength: 736 #now: 1509051743214<br/>
script.js:507 79 #subjectId: 2 #interfaceNumber: simple10 #block:4 #trail: 2 #targetId: 1 #completed: false #eventType: click #eventTarget: 3 #timeLength: 1288 #now: 1509051744502<br/>
script.js:507 80 #subjectId: 2 #interfaceNumber: simple10 #block:4 #trail: 2 #targetId: 1 #completed: false #eventType: click #eventTarget: 2 #timeLength: 568 #now: 1509051745070<br/>
script.js:507 81 #subjectId: 2 #interfaceNumber: simple10 #block:4 #trail: 2 #targetId: 1 #completed: false #eventType: click #eventTarget: 4 #timeLength: 1368 #now: 1509051746438<br/>
script.js:507 82 #subjectId: 2 #interfaceNumber: simple10 #block:4 #trail: 2 #targetId: 1 #completed: false #eventType: click #eventTarget: 5 #timeLength: 959 #now: 1509051747397<br/>
script.js:507 83 #subjectId: 2 #interfaceNumber: simple10 #block:4 #trail: 2 #targetId: 1 #completed: false #eventType: click #eventTarget: 0 #timeLength: 920 #now: 1509051748318<br/>
script.js:546 currentTarget: 9
script.js:507 84 #subjectId: 2 #interfaceNumber: simple10 #block:4 #trail: 2 #targetId: 1 #completed: true #eventType: click #eventTarget: 1 #timeLength: 467 #now: 1509051748785<br/>
script.js:546 currentTarget: 8
script.js:507 85 #subjectId: 2 #interfaceNumber: simple10 #block:4 #trail: 3 #targetId: 9 #completed: true #eventType: click #eventTarget: 9 #timeLength: 2923 #now: 1509051753032<br/>
script.js:546 currentTarget: 4
script.js:507 86 #subjectId: 2 #interfaceNumber: simple10 #block:4 #trail: 4 #targetId: 8 #completed: true #eventType: click #eventTarget: 8 #timeLength: 1787 #now: 1509051755769<br/>
script.js:507 87 #subjectId: 2 #interfaceNumber: simple10 #block:4 #trail: 5 #targetId: 4 #completed: false #eventType: click #eventTarget: 5 #timeLength: 1977 #now: 1509051758558<br/>
script.js:546 currentTarget: 2
script.js:507 88 #subjectId: 2 #interfaceNumber: simple10 #block:4 #trail: 5 #targetId: 4 #completed: true #eventType: click #eventTarget: 4 #timeLength: 1275 #now: 1509051759833<br/>
script.js:546 currentTarget: 5
script.js:507 89 #subjectId: 2 #interfaceNumber: simple10 #block:4 #trail: 6 #targetId: 2 #completed: true #eventType: click #eventTarget: 2 #timeLength: 2100 #now: 1509051762937<br/>
script.js:546 currentTarget: 7
script.js:507 90 #subjectId: 2 #interfaceNumber: simple10 #block:4 #trail: 7 #targetId: 5 #completed: true #eventType: click #eventTarget: 5 #timeLength: 2107 #now: 1509051765897<br/>
script.js:507 91 #subjectId: 2 #interfaceNumber: simple10 #block:4 #trail: 8 #targetId: 7 #completed: false #eventType: click #eventTarget: 6 #timeLength: 2087 #now: 1509051769069<br/>
script.js:546 currentTarget: 3
script.js:507 92 #subjectId: 2 #interfaceNumber: simple10 #block:4 #trail: 8 #targetId: 7 #completed: true #eventType: click #eventTarget: 7 #timeLength: 1251 #now: 1509051770321<br/>
script.js:507 93 #subjectId: 2 #interfaceNumber: simple10 #block:4 #trail: 9 #targetId: 3 #completed: true #eventType: click #eventTarget: 3 #timeLength: 2099 #now: 1509051773352<br/>
script.js:518 
	
	1 #subjectId: 2 #interfaceNumber: simple10 #block:1 #trail: 0 #targetId: 7 #completed: false #eventType: click #eventTarget: 4 #timeLength: 5289 #now: 15090515508882 #subjectId: 2 #interfaceNumber: simple10 #block:1 #trail: 0 #targetId: 7 #completed: false #eventType: click #eventTarget: 5 #timeLength: 4335 #now: 15090515552233 #subjectId: 2 #interfaceNumber: simple10 #block:1 #trail: 0 #targetId: 7 #completed: false #eventType: click #eventTarget: 3 #timeLength: 1399 #now: 15090515566234 #subjectId: 2 #interfaceNumber: simple10 #block:1 #trail: 0 #targetId: 7 #completed: false #eventType: click #eventTarget: 1 #timeLength: 1832 #now: 15090515584555 #subjectId: 2 #interfaceNumber: simple10 #block:1 #trail: 0 #targetId: 7 #completed: false #eventType: click #eventTarget: 2 #timeLength: 1640 #now: 15090515600956 #subjectId: 2 #interfaceNumber: simple10 #block:1 #trail: 0 #targetId: 7 #completed: false #eventType: click #eventTarget: 6 #timeLength: 2872 #now: 15090515629677 #subjectId: 2 #interfaceNumber: simple10 #block:1 #trail: 0 #targetId: 7 #completed: false #eventType: click #eventTarget: 5 #timeLength: 1111 #now: 15090515640798 #subjectId: 2 #interfaceNumber: simple10 #block:1 #trail: 0 #targetId: 7 #completed: true #eventType: click #eventTarget: 7 #timeLength: 1092 #now: 15090515651719 #subjectId: 2 #interfaceNumber: simple10 #block:1 #trail: 1 #targetId: 5 #completed: true #eventType: click #eventTarget: 5 #timeLength: 2851 #now: 150905156959410 #subjectId: 2 #interfaceNumber: simple10 #block:1 #trail: 2 #targetId: 0 #completed: false #eventType: click #eventTarget: 1 #timeLength: 4625 #now: 150905157548711 #subjectId: 2 #interfaceNumber: simple10 #block:1 #trail: 2 #targetId: 0 #completed: false #eventType: click #eventTarget: 2 #timeLength: 1728 #now: 150905157721512 #subjectId: 2 #interfaceNumber: simple10 #block:1 #trail: 2 #targetId: 0 #completed: false #eventType: click #eventTarget: 4 #timeLength: 1872 #now: 150905157908713 #subjectId: 2 #interfaceNumber: simple10 #block:1 #trail: 2 #targetId: 0 #completed: false #eventType: click #eventTarget: 3 #timeLength: 992 #now: 150905158007914 #subjectId: 2 #interfaceNumber: simple10 #block:1 #trail: 2 #targetId: 0 #completed: false #eventType: click #eventTarget: 5 #timeLength: 1152 #now: 150905158123115 #subjectId: 2 #interfaceNumber: simple10 #block:1 #trail: 2 #targetId: 0 #completed: false #eventType: click #eventTarget: 6 #timeLength: 1367 #now: 150905158259816 #subjectId: 2 #interfaceNumber: simple10 #block:1 #trail: 2 #targetId: 0 #completed: false #eventType: click #eventTarget: 7 #timeLength: 1336 #now: 150905158393517 #subjectId: 2 #interfaceNumber: simple10 #block:1 #trail: 2 #targetId: 0 #completed: false #eventType: click #eventTarget: 8 #timeLength: 2031 #now: 150905158596618 #subjectId: 2 #interfaceNumber: simple10 #block:1 #trail: 2 #targetId: 0 #completed: false #eventType: click #eventTarget: 9 #timeLength: 1304 #now: 150905158727119 #subjectId: 2 #interfaceNumber: simple10 #block:1 #trail: 2 #targetId: 0 #completed: false #eventType: click #eventTarget: 3 #timeLength: 1504 #now: 150905158877520 #subjectId: 2 #interfaceNumber: simple10 #block:1 #trail: 2 #targetId: 0 #completed: true #eventType: click #eventTarget: 0 #timeLength: 1027 #now: 150905158980221 #subjectId: 2 #interfaceNumber: simple10 #block:1 #trail: 3 #targetId: 1 #completed: true #eventType: click #eventTarget: 1 #timeLength: 2123 #now: 150905159329022 #subjectId: 2 #interfaceNumber: simple10 #block:1 #trail: 4 #targetId: 9 #completed: false #eventType: click #eventTarget: 8 #timeLength: 2376 #now: 150905159675023 #subjectId: 2 #interfaceNumber: simple10 #block:1 #trail: 4 #targetId: 9 #completed: false #eventType: click #eventTarget: 7 #timeLength: 1424 #now: 150905159817524 #subjectId: 2 #interfaceNumber: simple10 #block:1 #trail: 4 #targetId: 9 #completed: true #eventType: click #eventTarget: 9 #timeLength: 1178 #now: 150905159935325 #subjectId: 2 #interfaceNumber: simple10 #block:1 #trail: 5 #targetId: 6 #completed: true #eventType: click #eventTarget: 6 #timeLength: 2235 #now: 150905160301826 #subjectId: 2 #interfaceNumber: simple10 #block:1 #trail: 6 #targetId: 4 #completed: false #eventType: click #eventTarget: 3 #timeLength: 2330 #now: 150905160635327 #subjectId: 2 #interfaceNumber: simple10 #block:1 #trail: 6 #targetId: 4 #completed: false #eventType: click #eventTarget: 2 #timeLength: 609 #now: 150905160696228 #subjectId: 2 #interfaceNumber: simple10 #block:1 #trail: 6 #targetId: 4 #completed: true #eventType: click #eventTarget: 4 #timeLength: 1434 #now: 150905160839629 #subjectId: 2 #interfaceNumber: simple10 #block:1 #trail: 7 #targetId: 2 #completed: false #eventType: click #eventTarget: 3 #timeLength: 4465 #now: 150905161411430 #subjectId: 2 #interfaceNumber: simple10 #block:1 #trail: 7 #targetId: 2 #completed: true #eventType: click #eventTarget: 2 #timeLength: 571 #now: 150905161468531 #subjectId: 2 #interfaceNumber: simple10 #block:1 #trail: 8 #targetId: 3 #completed: true #eventType: click #eventTarget: 3 #timeLength: 1883 #now: 150905161762932 #subjectId: 2 #interfaceNumber: simple10 #block:1 #trail: 9 #targetId: 8 #completed: false #eventType: click #eventTarget: 7 #timeLength: 4432 #now: 150905162297033 #subjectId: 2 #interfaceNumber: simple10 #block:1 #trail: 9 #targetId: 8 #completed: true #eventType: click #eventTarget: 8 #timeLength: 794 #now: 150905162376434 #subjectId: 2 #interfaceNumber: simple10 #block:2 #trail: 0 #targetId: 1 #completed: true #eventType: click #eventTarget: 1 #timeLength: 6715 #now: 150905163224435 #subjectId: 2 #interfaceNumber: simple10 #block:2 #trail: 1 #targetId: 9 #completed: true #eventType: click #eventTarget: 9 #timeLength: 2412 #now: 150905163559736 #subjectId: 2 #interfaceNumber: simple10 #block:2 #trail: 2 #targetId: 3 #completed: false #eventType: click #eventTarget: 8 #timeLength: 4000 #now: 150905164049737 #subjectId: 2 #interfaceNumber: simple10 #block:2 #trail: 2 #targetId: 3 #completed: false #eventType: click #eventTarget: 7 #timeLength: 895 #now: 150905164139338 #subjectId: 2 #interfaceNumber: simple10 #block:2 #trail: 2 #targetId: 3 #completed: true #eventType: click #eventTarget: 3 #timeLength: 1363 #now: 150905164275639 #subjectId: 2 #interfaceNumber: simple10 #block:2 #trail: 3 #targetId: 4 #completed: false #eventType: click #eventTarget: 2 #timeLength: 2385 #now: 150905164627440 #subjectId: 2 #interfaceNumber: simple10 #block:2 #trail: 3 #targetId: 4 #completed: true #eventType: click #eventTarget: 4 #timeLength: 2698 #now: 150905164897241 #subjectId: 2 #interfaceNumber: simple10 #block:2 #trail: 4 #targetId: 5 #completed: true #eventType: click #eventTarget: 5 #timeLength: 2003 #now: 150905165224442 #subjectId: 2 #interfaceNumber: simple10 #block:2 #trail: 5 #targetId: 6 #completed: true #eventType: click #eventTarget: 6 #timeLength: 1907 #now: 150905165502043 #subjectId: 2 #interfaceNumber: simple10 #block:2 #trail: 6 #targetId: 7 #completed: true #eventType: click #eventTarget: 7 #timeLength: 3643 #now: 150905165971644 #subjectId: 2 #interfaceNumber: simple10 #block:2 #trail: 7 #targetId: 8 #completed: true #eventType: click #eventTarget: 8 #timeLength: 2859 #now: 150905166350045 #subjectId: 2 #interfaceNumber: simple10 #block:2 #trail: 8 #targetId: 0 #completed: true #eventType: click #eventTarget: 0 #timeLength: 1917 #now: 150905166647846 #subjectId: 2 #interfaceNumber: simple10 #block:2 #trail: 9 #targetId: 2 #completed: true #eventType: click #eventTarget: 2 #timeLength: 2827 #now: 150905167016647 #subjectId: 2 #interfaceNumber: simple10 #block:3 #trail: 0 #targetId: 3 #completed: false #eventType: click #eventTarget: 1 #timeLength: 2952 #now: 150905167450748 #subjectId: 2 #interfaceNumber: simple10 #block:3 #trail: 0 #targetId: 3 #completed: false #eventType: click #eventTarget: 0 #timeLength: 1616 #now: 150905167612349 #subjectId: 2 #interfaceNumber: simple10 #block:3 #trail: 0 #targetId: 3 #completed: true #eventType: click #eventTarget: 3 #timeLength: 1306 #now: 150905167743050 #subjectId: 2 #interfaceNumber: simple10 #block:3 #trail: 1 #targetId: 2 #completed: false #eventType: click #eventTarget: 1 #timeLength: 1872 #now: 150905168049151 #subjectId: 2 #interfaceNumber: simple10 #block:3 #trail: 1 #targetId: 2 #completed: true #eventType: click #eventTarget: 2 #timeLength: 1131 #now: 150905168162252 #subjectId: 2 #interfaceNumber: simple10 #block:3 #trail: 2 #targetId: 5 #completed: true #eventType: click #eventTarget: 5 #timeLength: 2380 #now: 150905168502353 #subjectId: 2 #interfaceNumber: simple10 #block:3 #trail: 3 #targetId: 0 #completed: true #eventType: click #eventTarget: 0 #timeLength: 2227 #now: 150905168826254 #subjectId: 2 #interfaceNumber: simple10 #block:3 #trail: 4 #targetId: 7 #completed: true #eventType: click #eventTarget: 7 #timeLength: 2628 #now: 150905169192655 #subjectId: 2 #interfaceNumber: simple10 #block:3 #trail: 5 #targetId: 8 #completed: true #eventType: click #eventTarget: 8 #timeLength: 2363 #now: 150905169519856 #subjectId: 2 #interfaceNumber: simple10 #block:3 #trail: 6 #targetId: 4 #completed: true #eventType: click #eventTarget: 4 #timeLength: 3173 #now: 150905169922357 #subjectId: 2 #interfaceNumber: simple10 #block:3 #trail: 7 #targetId: 1 #completed: false #eventType: click #eventTarget: 6 #timeLength: 4529 #now: 150905170477958 #subjectId: 2 #interfaceNumber: simple10 #block:3 #trail: 7 #targetId: 1 #completed: false #eventType: click #eventTarget: 5 #timeLength: 1672 #now: 150905170645159 #subjectId: 2 #interfaceNumber: simple10 #block:3 #trail: 7 #targetId: 1 #completed: false #eventType: click #eventTarget: 7 #timeLength: 1560 #now: 150905170801260 #subjectId: 2 #interfaceNumber: simple10 #block:3 #trail: 7 #targetId: 1 #completed: false #eventType: click #eventTarget: 2 #timeLength: 2383 #now: 150905171039561 #subjectId: 2 #interfaceNumber: simple10 #block:3 #trail: 7 #targetId: 1 #completed: true #eventType: click #eventTarget: 1 #timeLength: 611 #now: 150905171100662 #subjectId: 2 #interfaceNumber: simple10 #block:3 #trail: 8 #targetId: 6 #completed: false #eventType: click #eventTarget: 2 #timeLength: 2143 #now: 150905171433063 #subjectId: 2 #interfaceNumber: simple10 #block:3 #trail: 8 #targetId: 6 #completed: false #eventType: click #eventTarget: 3 #timeLength: 1032 #now: 150905171536364 #subjectId: 2 #interfaceNumber: simple10 #block:3 #trail: 8 #targetId: 6 #completed: false #eventType: click #eventTarget: 4 #timeLength: 1159 #now: 150905171652265 #subjectId: 2 #interfaceNumber: simple10 #block:3 #trail: 8 #targetId: 6 #completed: false #eventType: click #eventTarget: 5 #timeLength: 920 #now: 150905171744366 #subjectId: 2 #interfaceNumber: simple10 #block:3 #trail: 8 #targetId: 6 #completed: true #eventType: click #eventTarget: 6 #timeLength: 811 #now: 150905171825467 #subjectId: 2 #interfaceNumber: simple10 #block:3 #trail: 9 #targetId: 9 #completed: true #eventType: click #eventTarget: 9 #timeLength: 2068 #now: 150905172159968 #subjectId: 2 #interfaceNumber: simple10 #block:4 #trail: 0 #targetId: 0 #completed: true #eventType: click #eventTarget: 0 #timeLength: 3990 #now: 150905172708969 #subjectId: 2 #interfaceNumber: simple10 #block:4 #trail: 1 #targetId: 6 #completed: false #eventType: click #eventTarget: 5 #timeLength: 2158 #now: 150905173034170 #subjectId: 2 #interfaceNumber: simple10 #block:4 #trail: 1 #targetId: 6 #completed: true #eventType: click #eventTarget: 6 #timeLength: 875 #now: 150905173121771 #subjectId: 2 #interfaceNumber: simple10 #block:4 #trail: 2 #targetId: 1 #completed: false #eventType: click #eventTarget: 3 #timeLength: 1712 #now: 150905173393472 #subjectId: 2 #interfaceNumber: simple10 #block:4 #trail: 2 #targetId: 1 #completed: false #eventType: click #eventTarget: 2 #timeLength: 560 #now: 150905173449473 #subjectId: 2 #interfaceNumber: simple10 #block:4 #trail: 2 #targetId: 1 #completed: false #eventType: click #eventTarget: 4 #timeLength: 1152 #now: 150905173564674 #subjectId: 2 #interfaceNumber: simple10 #block:4 #trail: 2 #targetId: 1 #completed: false #eventType: click #eventTarget: 5 #timeLength: 656 #now: 150905173630275 #subjectId: 2 #interfaceNumber: simple10 #block:4 #trail: 2 #targetId: 1 #completed: false #eventType: click #eventTarget: 6 #timeLength: 2440 #now: 150905173874276 #subjectId: 2 #interfaceNumber: simple10 #block:4 #trail: 2 #targetId: 1 #completed: false #eventType: click #eventTarget: 5 #timeLength: 2311 #now: 150905174105377 #subjectId: 2 #interfaceNumber: simple10 #block:4 #trail: 2 #targetId: 1 #completed: false #eventType: click #eventTarget: 7 #timeLength: 1424 #now: 150905174247878 #subjectId: 2 #interfaceNumber: simple10 #block:4 #trail: 2 #targetId: 1 #completed: false #eventType: click #eventTarget: 8 #timeLength: 736 #now: 150905174321479 #subjectId: 2 #interfaceNumber: simple10 #block:4 #trail: 2 #targetId: 1 #completed: false #eventType: click #eventTarget: 3 #timeLength: 1288 #now: 150905174450280 #subjectId: 2 #interfaceNumber: simple10 #block:4 #trail: 2 #targetId: 1 #completed: false #eventType: click #eventTarget: 2 #timeLength: 568 #now: 150905174507081 #subjectId: 2 #interfaceNumber: simple10 #block:4 #trail: 2 #targetId: 1 #completed: false #eventType: click #eventTarget: 4 #timeLength: 1368 #now: 150905174643882 #subjectId: 2 #interfaceNumber: simple10 #block:4 #trail: 2 #targetId: 1 #completed: false #eventType: click #eventTarget: 5 #timeLength: 959 #now: 150905174739783 #subjectId: 2 #interfaceNumber: simple10 #block:4 #trail: 2 #targetId: 1 #completed: false #eventType: click #eventTarget: 0 #timeLength: 920 #now: 150905174831884 #subjectId: 2 #interfaceNumber: simple10 #block:4 #trail: 2 #targetId: 1 #completed: true #eventType: click #eventTarget: 1 #timeLength: 467 #now: 150905174878585 #subjectId: 2 #interfaceNumber: simple10 #block:4 #trail: 3 #targetId: 9 #completed: true #eventType: click #eventTarget: 9 #timeLength: 2923 #now: 150905175303286 #subjectId: 2 #interfaceNumber: simple10 #block:4 #trail: 4 #targetId: 8 #completed: true #eventType: click #eventTarget: 8 #timeLength: 1787 #now: 150905175576987 #subjectId: 2 #interfaceNumber: simple10 #block:4 #trail: 5 #targetId: 4 #completed: false #eventType: click #eventTarget: 5 #timeLength: 1977 #now: 150905175855888 #subjectId: 2 #interfaceNumber: simple10 #block:4 #trail: 5 #targetId: 4 #completed: true #eventType: click #eventTarget: 4 #timeLength: 1275 #now: 150905175983389 #subjectId: 2 #interfaceNumber: simple10 #block:4 #trail: 6 #targetId: 2 #completed: true #eventType: click #eventTarget: 2 #timeLength: 2100 #now: 150905176293790 #subjectId: 2 #interfaceNumber: simple10 #block:4 #trail: 7 #targetId: 5 #completed: true #eventType: click #eventTarget: 5 #timeLength: 2107 #now: 150905176589791 #subjectId: 2 #interfaceNumber: simple10 #block:4 #trail: 8 #targetId: 7 #completed: false #eventType: click #eventTarget: 6 #timeLength: 2087 #now: 150905176906992 #subjectId: 2 #interfaceNumber: simple10 #block:4 #trail: 8 #targetId: 7 #completed: true #eventType: click #eventTarget: 7 #timeLength: 1251 #now: 150905177032193 #subjectId: 2 #interfaceNumber: simple10 #block:4 #trail: 9 #targetId: 3 #completed: true #eventType: click #eventTarget: 3 #timeLength: 2099 #now: 1509051773352
