script.js:141 >>null
script.js:330 1:
script.js:661 1 #subjectId: 2 #interfaceNumber: simple10 #block:1 #trail: 1 #targetId: 1 #completed: false #eventType: click #eventTarget: 2 #timeLength: 2345 #now: 1510093680996<br/>
script.js:661 2 #subjectId: 2 #interfaceNumber: simple10 #block:1 #trail: 1 #targetId: 1 #completed: true #eventType: click #eventTarget: 1 #timeLength: 871 #now: 1510093681867<br/>
script.js:716 nextTarget: 2
script.js:661 3 #subjectId: 2 #interfaceNumber: simple10 #block:1 #trail: 2 #targetId: 2 #completed: true #eventType: click #eventTarget: 2 #timeLength: 1992 #now: 1510093685211<br/>
script.js:716 nextTarget: 0
script.js:661 4 #subjectId: 2 #interfaceNumber: simple10 #block:1 #trail: 3 #targetId: 0 #completed: true #eventType: click #eventTarget: 0 #timeLength: 1697 #now: 1510093688156<br/>
script.js:716 nextTarget: 5
script.js:661 5 #subjectId: 2 #interfaceNumber: simple10 #block:1 #trail: 4 #targetId: 5 #completed: false #eventType: click #eventTarget: 9 #timeLength: 2123 #now: 1510093691382<br/>
script.js:661 6 #subjectId: 2 #interfaceNumber: simple10 #block:1 #trail: 4 #targetId: 5 #completed: false #eventType: click #eventTarget: 8 #timeLength: 805 #now: 1510093692187<br/>
script.js:661 7 #subjectId: 2 #interfaceNumber: simple10 #block:1 #trail: 4 #targetId: 5 #completed: false #eventType: click #eventTarget: 7 #timeLength: 1215 #now: 1510093693403<br/>
script.js:661 8 #subjectId: 2 #interfaceNumber: simple10 #block:1 #trail: 4 #targetId: 5 #completed: false #eventType: click #eventTarget: 6 #timeLength: 1224 #now: 1510093694627<br/>
script.js:661 9 #subjectId: 2 #interfaceNumber: simple10 #block:1 #trail: 4 #targetId: 5 #completed: true #eventType: click #eventTarget: 5 #timeLength: 1615 #now: 1510093696243<br/>
script.js:716 nextTarget: 4
script.js:661 10 #subjectId: 2 #interfaceNumber: simple10 #block:1 #trail: 5 #targetId: 4 #completed: true #eventType: click #eventTarget: 4 #timeLength: 2753 #now: 1510093700915<br/>
script.js:716 nextTarget: 7
script.js:661 11 #subjectId: 2 #interfaceNumber: simple10 #block:1 #trail: 6 #targetId: 7 #completed: false #eventType: click #eventTarget: 6 #timeLength: 2344 #now: 1510093704835<br/>
script.js:661 12 #subjectId: 2 #interfaceNumber: simple10 #block:1 #trail: 6 #targetId: 7 #completed: false #eventType: click #eventTarget: 5 #timeLength: 1160 #now: 1510093705995<br/>
script.js:661 13 #subjectId: 2 #interfaceNumber: simple10 #block:1 #trail: 6 #targetId: 7 #completed: true #eventType: click #eventTarget: 7 #timeLength: 1096 #now: 1510093707091<br/>
script.js:716 nextTarget: 6
script.js:661 14 #subjectId: 2 #interfaceNumber: simple10 #block:1 #trail: 7 #targetId: 6 #completed: true #eventType: click #eventTarget: 6 #timeLength: 3536 #now: 1510093712243<br/>
script.js:716 nextTarget: 3
script.js:661 15 #subjectId: 2 #interfaceNumber: simple10 #block:1 #trail: 8 #targetId: 3 #completed: false #eventType: click #eventTarget: 4 #timeLength: 2072 #now: 1510093715867<br/>
script.js:661 16 #subjectId: 2 #interfaceNumber: simple10 #block:1 #trail: 8 #targetId: 3 #completed: true #eventType: click #eventTarget: 3 #timeLength: 1192 #now: 1510093717059<br/>
script.js:716 nextTarget: 9
script.js:661 17 #subjectId: 2 #interfaceNumber: simple10 #block:1 #trail: 9 #targetId: 9 #completed: false #eventType: click #eventTarget: 7 #timeLength: 2384 #now: 1510093721019<br/>
script.js:661 18 #subjectId: 2 #interfaceNumber: simple10 #block:1 #trail: 9 #targetId: 9 #completed: false #eventType: click #eventTarget: 8 #timeLength: 894 #now: 1510093721914<br/>
script.js:661 19 #subjectId: 2 #interfaceNumber: simple10 #block:1 #trail: 9 #targetId: 9 #completed: true #eventType: click #eventTarget: 9 #timeLength: 1463 #now: 1510093723378<br/>
script.js:716 nextTarget: 8
script.js:661 20 #subjectId: 2 #interfaceNumber: simple10 #block:1 #trail: 10 #targetId: 8 #completed: true #eventType: click #eventTarget: 8 #timeLength: 2336 #now: 1510093727115<br/>
script.js:762 1:
script.js:661 21 #subjectId: 2 #interfaceNumber: simple10 #block:2 #trail: 1 #targetId: 1 #completed: true #eventType: click #eventTarget: 1 #timeLength: 2327 #now: 1510093731939<br/>
script.js:716 nextTarget: 2
script.js:661 22 #subjectId: 2 #interfaceNumber: simple10 #block:2 #trail: 2 #targetId: 2 #completed: true #eventType: click #eventTarget: 2 #timeLength: 1651 #now: 1510093734910<br/>
script.js:716 nextTarget: 7
script.js:661 23 #subjectId: 2 #interfaceNumber: simple10 #block:2 #trail: 3 #targetId: 7 #completed: false #eventType: click #eventTarget: 4 #timeLength: 3760 #now: 1510093739770<br/>
script.js:661 24 #subjectId: 2 #interfaceNumber: simple10 #block:2 #trail: 3 #targetId: 7 #completed: false #eventType: click #eventTarget: 5 #timeLength: 927 #now: 1510093740697<br/>
script.js:661 25 #subjectId: 2 #interfaceNumber: simple10 #block:2 #trail: 3 #targetId: 7 #completed: false #eventType: click #eventTarget: 6 #timeLength: 1200 #now: 1510093741898<br/>
script.js:661 26 #subjectId: 2 #interfaceNumber: simple10 #block:2 #trail: 3 #targetId: 7 #completed: true #eventType: click #eventTarget: 7 #timeLength: 991 #now: 1510093742889<br/>
script.js:716 nextTarget: 4
script.js:661 27 #subjectId: 2 #interfaceNumber: simple10 #block:2 #trail: 4 #targetId: 4 #completed: true #eventType: click #eventTarget: 4 #timeLength: 2025 #now: 1510093746362<br/>
script.js:716 nextTarget: 3
script.js:661 28 #subjectId: 2 #interfaceNumber: simple10 #block:2 #trail: 5 #targetId: 3 #completed: true #eventType: click #eventTarget: 3 #timeLength: 1938 #now: 1510093749796<br/>
script.js:716 nextTarget: 8
script.js:661 29 #subjectId: 2 #interfaceNumber: simple10 #block:2 #trail: 6 #targetId: 8 #completed: true #eventType: click #eventTarget: 8 #timeLength: 2105 #now: 1510093753186<br/>
script.js:716 nextTarget: 5
script.js:661 30 #subjectId: 2 #interfaceNumber: simple10 #block:2 #trail: 7 #targetId: 5 #completed: false #eventType: click #eventTarget: 7 #timeLength: 3144 #now: 1510093757578<br/>
script.js:661 31 #subjectId: 2 #interfaceNumber: simple10 #block:2 #trail: 7 #targetId: 5 #completed: false #eventType: click #eventTarget: 6 #timeLength: 1072 #now: 1510093758650<br/>
script.js:661 32 #subjectId: 2 #interfaceNumber: simple10 #block:2 #trail: 7 #targetId: 5 #completed: true #eventType: click #eventTarget: 5 #timeLength: 1168 #now: 1510093759818<br/>
script.js:716 nextTarget: 9
script.js:661 33 #subjectId: 2 #interfaceNumber: simple10 #block:2 #trail: 8 #targetId: 9 #completed: false #eventType: click #eventTarget: 6 #timeLength: 2231 #now: 1510093763329<br/>
script.js:661 34 #subjectId: 2 #interfaceNumber: simple10 #block:2 #trail: 8 #targetId: 9 #completed: false #eventType: click #eventTarget: 7 #timeLength: 1128 #now: 1510093764457<br/>
script.js:661 35 #subjectId: 2 #interfaceNumber: simple10 #block:2 #trail: 8 #targetId: 9 #completed: false #eventType: click #eventTarget: 8 #timeLength: 1232 #now: 1510093765689<br/>
script.js:661 36 #subjectId: 2 #interfaceNumber: simple10 #block:2 #trail: 8 #targetId: 9 #completed: true #eventType: click #eventTarget: 9 #timeLength: 840 #now: 1510093766530<br/>
script.js:716 nextTarget: 6
script.js:661 37 #subjectId: 2 #interfaceNumber: simple10 #block:2 #trail: 9 #targetId: 6 #completed: false #eventType: click #eventTarget: 4 #timeLength: 3227 #now: 1510093771068<br/>
script.js:661 38 #subjectId: 2 #interfaceNumber: simple10 #block:2 #trail: 9 #targetId: 6 #completed: false #eventType: click #eventTarget: 5 #timeLength: 781 #now: 1510093771850<br/>
script.js:661 39 #subjectId: 2 #interfaceNumber: simple10 #block:2 #trail: 9 #targetId: 6 #completed: true #eventType: click #eventTarget: 6 #timeLength: 1183 #now: 1510093773033<br/>
script.js:716 nextTarget: 0
script.js:661 40 #subjectId: 2 #interfaceNumber: simple10 #block:2 #trail: 10 #targetId: 0 #completed: true #eventType: click #eventTarget: 0 #timeLength: 1892 #now: 1510093776421<br/>
script.js:762 2:
script.js:661 41 #subjectId: 2 #interfaceNumber: simple10 #block:3 #trail: 1 #targetId: 2 #completed: true #eventType: click #eventTarget: 2 #timeLength: 2295 #now: 1510093779657<br/>
script.js:716 nextTarget: 5
script.js:661 42 #subjectId: 2 #interfaceNumber: simple10 #block:3 #trail: 2 #targetId: 5 #completed: false #eventType: click #eventTarget: 4 #timeLength: 2408 #now: 1510093783082<br/>
script.js:661 43 #subjectId: 2 #interfaceNumber: simple10 #block:3 #trail: 2 #targetId: 5 #completed: true #eventType: click #eventTarget: 5 #timeLength: 855 #now: 1510093783938<br/>
script.js:716 nextTarget: 6
script.js:661 44 #subjectId: 2 #interfaceNumber: simple10 #block:3 #trail: 3 #targetId: 6 #completed: false #eventType: click #eventTarget: 4 #timeLength: 2817 #now: 1510093787906<br/>
script.js:661 45 #subjectId: 2 #interfaceNumber: simple10 #block:3 #trail: 3 #targetId: 6 #completed: true #eventType: click #eventTarget: 6 #timeLength: 871 #now: 1510093788777<br/>
script.js:716 nextTarget: 0
script.js:661 46 #subjectId: 2 #interfaceNumber: simple10 #block:3 #trail: 4 #targetId: 0 #completed: true #eventType: click #eventTarget: 0 #timeLength: 1512 #now: 1510093791922<br/>
script.js:716 nextTarget: 3
script.js:661 47 #subjectId: 2 #interfaceNumber: simple10 #block:3 #trail: 5 #targetId: 3 #completed: true #eventType: click #eventTarget: 3 #timeLength: 2931 #now: 1510093795997<br/>
script.js:716 nextTarget: 1
script.js:661 48 #subjectId: 2 #interfaceNumber: simple10 #block:3 #trail: 6 #targetId: 1 #completed: false #eventType: click #eventTarget: 2 #timeLength: 2537 #now: 1510093799690<br/>
script.js:661 49 #subjectId: 2 #interfaceNumber: simple10 #block:3 #trail: 6 #targetId: 1 #completed: true #eventType: click #eventTarget: 1 #timeLength: 1151 #now: 1510093800841<br/>
script.js:716 nextTarget: 7
script.js:661 50 #subjectId: 2 #interfaceNumber: simple10 #block:3 #trail: 7 #targetId: 7 #completed: false #eventType: click #eventTarget: 6 #timeLength: 1904 #now: 1510093803872<br/>
script.js:661 51 #subjectId: 2 #interfaceNumber: simple10 #block:3 #trail: 7 #targetId: 7 #completed: true #eventType: click #eventTarget: 7 #timeLength: 912 #now: 1510093804784<br/>
script.js:716 nextTarget: 4
script.js:661 52 #subjectId: 2 #interfaceNumber: simple10 #block:3 #trail: 8 #targetId: 4 #completed: false #eventType: click #eventTarget: 6 #timeLength: 2800 #now: 1510093808816<br/>
script.js:661 53 #subjectId: 2 #interfaceNumber: simple10 #block:3 #trail: 8 #targetId: 4 #completed: true #eventType: click #eventTarget: 4 #timeLength: 712 #now: 1510093809528<br/>
script.js:716 nextTarget: 8
script.js:661 54 #subjectId: 2 #interfaceNumber: simple10 #block:3 #trail: 9 #targetId: 8 #completed: true #eventType: click #eventTarget: 8 #timeLength: 1760 #now: 1510093812688<br/>
script.js:716 nextTarget: 9
script.js:661 55 #subjectId: 2 #interfaceNumber: simple10 #block:3 #trail: 10 #targetId: 9 #completed: true #eventType: click #eventTarget: 9 #timeLength: 2151 #now: 1510093815864<br/>
script.js:762 5:
script.js:661 56 #subjectId: 2 #interfaceNumber: simple10 #block:4 #trail: 1 #targetId: 5 #completed: false #eventType: click #eventTarget: 6 #timeLength: 2992 #now: 1510093820065<br/>
script.js:661 57 #subjectId: 2 #interfaceNumber: simple10 #block:4 #trail: 1 #targetId: 5 #completed: false #eventType: click #eventTarget: 7 #timeLength: 1159 #now: 1510093821224<br/>
script.js:661 58 #subjectId: 2 #interfaceNumber: simple10 #block:4 #trail: 1 #targetId: 5 #completed: true #eventType: click #eventTarget: 5 #timeLength: 2080 #now: 1510093823304<br/>
script.js:716 nextTarget: 2
script.js:661 59 #subjectId: 2 #interfaceNumber: simple10 #block:4 #trail: 2 #targetId: 2 #completed: true #eventType: click #eventTarget: 2 #timeLength: 2400 #now: 1510093826792<br/>
script.js:716 nextTarget: 8
script.js:661 60 #subjectId: 2 #interfaceNumber: simple10 #block:4 #trail: 3 #targetId: 8 #completed: true #eventType: click #eventTarget: 8 #timeLength: 2170 #now: 1510093830009<br/>
script.js:716 nextTarget: 3
script.js:661 61 #subjectId: 2 #interfaceNumber: simple10 #block:4 #trail: 4 #targetId: 3 #completed: true #eventType: click #eventTarget: 3 #timeLength: 1584 #now: 1510093832680<br/>
script.js:716 nextTarget: 6
script.js:661 62 #subjectId: 2 #interfaceNumber: simple10 #block:4 #trail: 5 #targetId: 6 #completed: true #eventType: click #eventTarget: 6 #timeLength: 2320 #now: 1510093836009<br/>
script.js:716 nextTarget: 9
script.js:661 63 #subjectId: 2 #interfaceNumber: simple10 #block:4 #trail: 6 #targetId: 9 #completed: true #eventType: click #eventTarget: 9 #timeLength: 1672 #now: 1510093838912<br/>
script.js:716 nextTarget: 7
script.js:661 64 #subjectId: 2 #interfaceNumber: simple10 #block:4 #trail: 7 #targetId: 7 #completed: false #eventType: click #eventTarget: 6 #timeLength: 2936 #now: 1510093842824<br/>
script.js:661 65 #subjectId: 2 #interfaceNumber: simple10 #block:4 #trail: 7 #targetId: 7 #completed: true #eventType: click #eventTarget: 7 #timeLength: 1040 #now: 1510093843865<br/>
script.js:716 nextTarget: 0
script.js:661 66 #subjectId: 2 #interfaceNumber: simple10 #block:4 #trail: 8 #targetId: 0 #completed: true #eventType: click #eventTarget: 0 #timeLength: 1504 #now: 1510093846840<br/>
script.js:716 nextTarget: 1
script.js:661 67 #subjectId: 2 #interfaceNumber: simple10 #block:4 #trail: 9 #targetId: 1 #completed: true #eventType: click #eventTarget: 1 #timeLength: 2665 #now: 1510093850768<br/>
script.js:716 nextTarget: 4
script.js:661 68 #subjectId: 2 #interfaceNumber: simple10 #block:4 #trail: 10 #targetId: 4 #completed: true #eventType: click #eventTarget: 4 #timeLength: 2167 #now: 1510093854063<br/>
script.js:672 
	
	1 #subjectId: 2 #interfaceNumber: simple10 #block:1 #trail: 1 #targetId: 1 #completed: false #eventType: click #eventTarget: 2 #timeLength: 2345 #now: 15100936809962 #subjectId: 2 #interfaceNumber: simple10 #block:1 #trail: 1 #targetId: 1 #completed: true #eventType: click #eventTarget: 1 #timeLength: 871 #now: 15100936818673 #subjectId: 2 #interfaceNumber: simple10 #block:1 #trail: 2 #targetId: 2 #completed: true #eventType: click #eventTarget: 2 #timeLength: 1992 #now: 15100936852114 #subjectId: 2 #interfaceNumber: simple10 #block:1 #trail: 3 #targetId: 0 #completed: true #eventType: click #eventTarget: 0 #timeLength: 1697 #now: 15100936881565 #subjectId: 2 #interfaceNumber: simple10 #block:1 #trail: 4 #targetId: 5 #completed: false #eventType: click #eventTarget: 9 #timeLength: 2123 #now: 15100936913826 #subjectId: 2 #interfaceNumber: simple10 #block:1 #trail: 4 #targetId: 5 #completed: false #eventType: click #eventTarget: 8 #timeLength: 805 #now: 15100936921877 #subjectId: 2 #interfaceNumber: simple10 #block:1 #trail: 4 #targetId: 5 #completed: false #eventType: click #eventTarget: 7 #timeLength: 1215 #now: 15100936934038 #subjectId: 2 #interfaceNumber: simple10 #block:1 #trail: 4 #targetId: 5 #completed: false #eventType: click #eventTarget: 6 #timeLength: 1224 #now: 15100936946279 #subjectId: 2 #interfaceNumber: simple10 #block:1 #trail: 4 #targetId: 5 #completed: true #eventType: click #eventTarget: 5 #timeLength: 1615 #now: 151009369624310 #subjectId: 2 #interfaceNumber: simple10 #block:1 #trail: 5 #targetId: 4 #completed: true #eventType: click #eventTarget: 4 #timeLength: 2753 #now: 151009370091511 #subjectId: 2 #interfaceNumber: simple10 #block:1 #trail: 6 #targetId: 7 #completed: false #eventType: click #eventTarget: 6 #timeLength: 2344 #now: 151009370483512 #subjectId: 2 #interfaceNumber: simple10 #block:1 #trail: 6 #targetId: 7 #completed: false #eventType: click #eventTarget: 5 #timeLength: 1160 #now: 151009370599513 #subjectId: 2 #interfaceNumber: simple10 #block:1 #trail: 6 #targetId: 7 #completed: true #eventType: click #eventTarget: 7 #timeLength: 1096 #now: 151009370709114 #subjectId: 2 #interfaceNumber: simple10 #block:1 #trail: 7 #targetId: 6 #completed: true #eventType: click #eventTarget: 6 #timeLength: 3536 #now: 151009371224315 #subjectId: 2 #interfaceNumber: simple10 #block:1 #trail: 8 #targetId: 3 #completed: false #eventType: click #eventTarget: 4 #timeLength: 2072 #now: 151009371586716 #subjectId: 2 #interfaceNumber: simple10 #block:1 #trail: 8 #targetId: 3 #completed: true #eventType: click #eventTarget: 3 #timeLength: 1192 #now: 151009371705917 #subjectId: 2 #interfaceNumber: simple10 #block:1 #trail: 9 #targetId: 9 #completed: false #eventType: click #eventTarget: 7 #timeLength: 2384 #now: 151009372101918 #subjectId: 2 #interfaceNumber: simple10 #block:1 #trail: 9 #targetId: 9 #completed: false #eventType: click #eventTarget: 8 #timeLength: 894 #now: 151009372191419 #subjectId: 2 #interfaceNumber: simple10 #block:1 #trail: 9 #targetId: 9 #completed: true #eventType: click #eventTarget: 9 #timeLength: 1463 #now: 151009372337820 #subjectId: 2 #interfaceNumber: simple10 #block:1 #trail: 10 #targetId: 8 #completed: true #eventType: click #eventTarget: 8 #timeLength: 2336 #now: 151009372711521 #subjectId: 2 #interfaceNumber: simple10 #block:2 #trail: 1 #targetId: 1 #completed: true #eventType: click #eventTarget: 1 #timeLength: 2327 #now: 151009373193922 #subjectId: 2 #interfaceNumber: simple10 #block:2 #trail: 2 #targetId: 2 #completed: true #eventType: click #eventTarget: 2 #timeLength: 1651 #now: 151009373491023 #subjectId: 2 #interfaceNumber: simple10 #block:2 #trail: 3 #targetId: 7 #completed: false #eventType: click #eventTarget: 4 #timeLength: 3760 #now: 151009373977024 #subjectId: 2 #interfaceNumber: simple10 #block:2 #trail: 3 #targetId: 7 #completed: false #eventType: click #eventTarget: 5 #timeLength: 927 #now: 151009374069725 #subjectId: 2 #interfaceNumber: simple10 #block:2 #trail: 3 #targetId: 7 #completed: false #eventType: click #eventTarget: 6 #timeLength: 1200 #now: 151009374189826 #subjectId: 2 #interfaceNumber: simple10 #block:2 #trail: 3 #targetId: 7 #completed: true #eventType: click #eventTarget: 7 #timeLength: 991 #now: 151009374288927 #subjectId: 2 #interfaceNumber: simple10 #block:2 #trail: 4 #targetId: 4 #completed: true #eventType: click #eventTarget: 4 #timeLength: 2025 #now: 151009374636228 #subjectId: 2 #interfaceNumber: simple10 #block:2 #trail: 5 #targetId: 3 #completed: true #eventType: click #eventTarget: 3 #timeLength: 1938 #now: 151009374979629 #subjectId: 2 #interfaceNumber: simple10 #block:2 #trail: 6 #targetId: 8 #completed: true #eventType: click #eventTarget: 8 #timeLength: 2105 #now: 151009375318630 #subjectId: 2 #interfaceNumber: simple10 #block:2 #trail: 7 #targetId: 5 #completed: false #eventType: click #eventTarget: 7 #timeLength: 3144 #now: 151009375757831 #subjectId: 2 #interfaceNumber: simple10 #block:2 #trail: 7 #targetId: 5 #completed: false #eventType: click #eventTarget: 6 #timeLength: 1072 #now: 151009375865032 #subjectId: 2 #interfaceNumber: simple10 #block:2 #trail: 7 #targetId: 5 #completed: true #eventType: click #eventTarget: 5 #timeLength: 1168 #now: 151009375981833 #subjectId: 2 #interfaceNumber: simple10 #block:2 #trail: 8 #targetId: 9 #completed: false #eventType: click #eventTarget: 6 #timeLength: 2231 #now: 151009376332934 #subjectId: 2 #interfaceNumber: simple10 #block:2 #trail: 8 #targetId: 9 #completed: false #eventType: click #eventTarget: 7 #timeLength: 1128 #now: 151009376445735 #subjectId: 2 #interfaceNumber: simple10 #block:2 #trail: 8 #targetId: 9 #completed: false #eventType: click #eventTarget: 8 #timeLength: 1232 #now: 151009376568936 #subjectId: 2 #interfaceNumber: simple10 #block:2 #trail: 8 #targetId: 9 #completed: true #eventType: click #eventTarget: 9 #timeLength: 840 #now: 151009376653037 #subjectId: 2 #interfaceNumber: simple10 #block:2 #trail: 9 #targetId: 6 #completed: false #eventType: click #eventTarget: 4 #timeLength: 3227 #now: 151009377106838 #subjectId: 2 #interfaceNumber: simple10 #block:2 #trail: 9 #targetId: 6 #completed: false #eventType: click #eventTarget: 5 #timeLength: 781 #now: 151009377185039 #subjectId: 2 #interfaceNumber: simple10 #block:2 #trail: 9 #targetId: 6 #completed: true #eventType: click #eventTarget: 6 #timeLength: 1183 #now: 151009377303340 #subjectId: 2 #interfaceNumber: simple10 #block:2 #trail: 10 #targetId: 0 #completed: true #eventType: click #eventTarget: 0 #timeLength: 1892 #now: 151009377642141 #subjectId: 2 #interfaceNumber: simple10 #block:3 #trail: 1 #targetId: 2 #completed: true #eventType: click #eventTarget: 2 #timeLength: 2295 #now: 151009377965742 #subjectId: 2 #interfaceNumber: simple10 #block:3 #trail: 2 #targetId: 5 #completed: false #eventType: click #eventTarget: 4 #timeLength: 2408 #now: 151009378308243 #subjectId: 2 #interfaceNumber: simple10 #block:3 #trail: 2 #targetId: 5 #completed: true #eventType: click #eventTarget: 5 #timeLength: 855 #now: 151009378393844 #subjectId: 2 #interfaceNumber: simple10 #block:3 #trail: 3 #targetId: 6 #completed: false #eventType: click #eventTarget: 4 #timeLength: 2817 #now: 151009378790645 #subjectId: 2 #interfaceNumber: simple10 #block:3 #trail: 3 #targetId: 6 #completed: true #eventType: click #eventTarget: 6 #timeLength: 871 #now: 151009378877746 #subjectId: 2 #interfaceNumber: simple10 #block:3 #trail: 4 #targetId: 0 #completed: true #eventType: click #eventTarget: 0 #timeLength: 1512 #now: 151009379192247 #subjectId: 2 #interfaceNumber: simple10 #block:3 #trail: 5 #targetId: 3 #completed: true #eventType: click #eventTarget: 3 #timeLength: 2931 #now: 151009379599748 #subjectId: 2 #interfaceNumber: simple10 #block:3 #trail: 6 #targetId: 1 #completed: false #eventType: click #eventTarget: 2 #timeLength: 2537 #now: 151009379969049 #subjectId: 2 #interfaceNumber: simple10 #block:3 #trail: 6 #targetId: 1 #completed: true #eventType: click #eventTarget: 1 #timeLength: 1151 #now: 151009380084150 #subjectId: 2 #interfaceNumber: simple10 #block:3 #trail: 7 #targetId: 7 #completed: false #eventType: click #eventTarget: 6 #timeLength: 1904 #now: 151009380387251 #subjectId: 2 #interfaceNumber: simple10 #block:3 #trail: 7 #targetId: 7 #completed: true #eventType: click #eventTarget: 7 #timeLength: 912 #now: 151009380478452 #subjectId: 2 #interfaceNumber: simple10 #block:3 #trail: 8 #targetId: 4 #completed: false #eventType: click #eventTarget: 6 #timeLength: 2800 #now: 151009380881653 #subjectId: 2 #interfaceNumber: simple10 #block:3 #trail: 8 #targetId: 4 #completed: true #eventType: click #eventTarget: 4 #timeLength: 712 #now: 151009380952854 #subjectId: 2 #interfaceNumber: simple10 #block:3 #trail: 9 #targetId: 8 #completed: true #eventType: click #eventTarget: 8 #timeLength: 1760 #now: 151009381268855 #subjectId: 2 #interfaceNumber: simple10 #block:3 #trail: 10 #targetId: 9 #completed: true #eventType: click #eventTarget: 9 #timeLength: 2151 #now: 151009381586456 #subjectId: 2 #interfaceNumber: simple10 #block:4 #trail: 1 #targetId: 5 #completed: false #eventType: click #eventTarget: 6 #timeLength: 2992 #now: 151009382006557 #subjectId: 2 #interfaceNumber: simple10 #block:4 #trail: 1 #targetId: 5 #completed: false #eventType: click #eventTarget: 7 #timeLength: 1159 #now: 151009382122458 #subjectId: 2 #interfaceNumber: simple10 #block:4 #trail: 1 #targetId: 5 #completed: true #eventType: click #eventTarget: 5 #timeLength: 2080 #now: 151009382330459 #subjectId: 2 #interfaceNumber: simple10 #block:4 #trail: 2 #targetId: 2 #completed: true #eventType: click #eventTarget: 2 #timeLength: 2400 #now: 151009382679260 #subjectId: 2 #interfaceNumber: simple10 #block:4 #trail: 3 #targetId: 8 #completed: true #eventType: click #eventTarget: 8 #timeLength: 2170 #now: 151009383000961 #subjectId: 2 #interfaceNumber: simple10 #block:4 #trail: 4 #targetId: 3 #completed: true #eventType: click #eventTarget: 3 #timeLength: 1584 #now: 151009383268062 #subjectId: 2 #interfaceNumber: simple10 #block:4 #trail: 5 #targetId: 6 #completed: true #eventType: click #eventTarget: 6 #timeLength: 2320 #now: 151009383600963 #subjectId: 2 #interfaceNumber: simple10 #block:4 #trail: 6 #targetId: 9 #completed: true #eventType: click #eventTarget: 9 #timeLength: 1672 #now: 151009383891264 #subjectId: 2 #interfaceNumber: simple10 #block:4 #trail: 7 #targetId: 7 #completed: false #eventType: click #eventTarget: 6 #timeLength: 2936 #now: 151009384282465 #subjectId: 2 #interfaceNumber: simple10 #block:4 #trail: 7 #targetId: 7 #completed: true #eventType: click #eventTarget: 7 #timeLength: 1040 #now: 151009384386566 #subjectId: 2 #interfaceNumber: simple10 #block:4 #trail: 8 #targetId: 0 #completed: true #eventType: click #eventTarget: 0 #timeLength: 1504 #now: 151009384684067 #subjectId: 2 #interfaceNumber: simple10 #block:4 #trail: 9 #targetId: 1 #completed: true #eventType: click #eventTarget: 1 #timeLength: 2665 #now: 151009385076868 #subjectId: 2 #interfaceNumber: simple10 #block:4 #trail: 10 #targetId: 4 #completed: true #eventType: click #eventTarget: 4 #timeLength: 2167 #now: 1510093854063
