upload.wikimedia.org/wikipedia/commons/thumb/b/bb/BP_Lecture_Theatre_British_Museum_%283%29.jpg/220px-BP_Lecture_Theatre_British_Museum_%283%29.jpg Failed to load resource: the server responded with a status of 404 ()
upload.wikimedia.org/wikipedia/commons/thumb/a/ae/Egypt_Gallery_British_Museum.jpg/250px-Egypt_Gallery_British_Museum.jpg Failed to load resource: the server responded with a status of 404 ()
scriptRand.js:282 4:
upload.wikimedia.org/wikipedia/commons/thumb/2/23/Voice_of_Fire_photo.jpg/170px-Voice_of_Fire_photo.jpg Failed to load resource: the server responded with a status of 404 ()
scriptRand.js:595 1 #subjectId: 2 #interfaceNumber: simple10 #block:1 #trail: 1 #targetId: 4 #completed: true #eventType: click #eventTarget: 4 #timeLength: 5016 #now: 1510092581576<br/>
scriptRand.js:649 currentTarget: 8
scriptRand.js:595 2 #subjectId: 2 #interfaceNumber: simple10 #block:1 #trail: 2 #targetId: 8 #completed: false #eventType: click #eventTarget: 9 #timeLength: 3696 #now: 1510092586672<br/>
scriptRand.js:595 3 #subjectId: 2 #interfaceNumber: simple10 #block:1 #trail: 2 #targetId: 8 #completed: true #eventType: click #eventTarget: 8 #timeLength: 2160 #now: 1510092588832<br/>
scriptRand.js:649 currentTarget: 3
scriptRand.js:595 4 #subjectId: 2 #interfaceNumber: simple10 #block:1 #trail: 3 #targetId: 3 #completed: true #eventType: click #eventTarget: 3 #timeLength: 3144 #now: 1510092593536<br/>
scriptRand.js:649 currentTarget: 5
scriptRand.js:595 5 #subjectId: 2 #interfaceNumber: simple10 #block:1 #trail: 4 #targetId: 5 #completed: true #eventType: click #eventTarget: 5 #timeLength: 2793 #now: 1510092597648<br/>
scriptRand.js:649 currentTarget: 2
scriptRand.js:595 6 #subjectId: 2 #interfaceNumber: simple10 #block:1 #trail: 5 #targetId: 2 #completed: false #eventType: click #eventTarget: 1 #timeLength: 5960 #now: 1510092605256<br/>
scriptRand.js:595 7 #subjectId: 2 #interfaceNumber: simple10 #block:1 #trail: 5 #targetId: 2 #completed: false #eventType: click #eventTarget: 9 #timeLength: 1888 #now: 1510092607144<br/>
scriptRand.js:595 8 #subjectId: 2 #interfaceNumber: simple10 #block:1 #trail: 5 #targetId: 2 #completed: false #eventType: click #eventTarget: 8 #timeLength: 1296 #now: 1510092608440<br/>
scriptRand.js:595 9 #subjectId: 2 #interfaceNumber: simple10 #block:1 #trail: 5 #targetId: 2 #completed: false #eventType: click #eventTarget: 7 #timeLength: 2039 #now: 1510092610480<br/>
scriptRand.js:595 10 #subjectId: 2 #interfaceNumber: simple10 #block:1 #trail: 5 #targetId: 2 #completed: false #eventType: to #eventTarget: 7 #timeLength: 3822 #now: 1510092614302<br/>
scriptRand.js:531 CT: 7
scriptRand.js:595 11 #subjectId: 2 #interfaceNumber: simple10 #block:1 #trail: 6 #targetId: 7 #completed: false #eventType: click #eventTarget: 0 #timeLength: 6928 #now: 1510092621230<br/>
scriptRand.js:595 12 #subjectId: 2 #interfaceNumber: simple10 #block:1 #trail: 6 #targetId: 7 #completed: false #eventType: click #eventTarget: 1 #timeLength: 1408 #now: 1510092622639<br/>
scriptRand.js:595 13 #subjectId: 2 #interfaceNumber: simple10 #block:1 #trail: 6 #targetId: 7 #completed: false #eventType: click #eventTarget: 2 #timeLength: 1168 #now: 1510092623807<br/>
scriptRand.js:595 14 #subjectId: 2 #interfaceNumber: simple10 #block:1 #trail: 6 #targetId: 7 #completed: false #eventType: to #eventTarget: 2 #timeLength: 7146 #now: 1510092630953<br/>
scriptRand.js:531 CT: 1
scriptRand.js:595 15 #subjectId: 2 #interfaceNumber: simple10 #block:1 #trail: 7 #targetId: 1 #completed: false #eventType: click #eventTarget: 3 #timeLength: 10134 #now: 1510092641087<br/>
scriptRand.js:595 16 #subjectId: 2 #interfaceNumber: simple10 #block:1 #trail: 7 #targetId: 1 #completed: false #eventType: click #eventTarget: 4 #timeLength: 1007 #now: 1510092642094<br/>
scriptRand.js:595 17 #subjectId: 2 #interfaceNumber: simple10 #block:1 #trail: 7 #targetId: 1 #completed: false #eventType: click #eventTarget: 5 #timeLength: 881 #now: 1510092642975<br/>
scriptRand.js:595 18 #subjectId: 2 #interfaceNumber: simple10 #block:1 #trail: 7 #targetId: 1 #completed: false #eventType: click #eventTarget: 6 #timeLength: 520 #now: 1510092643495<br/>
scriptRand.js:595 19 #subjectId: 2 #interfaceNumber: simple10 #block:1 #trail: 7 #targetId: 1 #completed: false #eventType: click #eventTarget: 7 #timeLength: 616 #now: 1510092644111<br/>
scriptRand.js:595 20 #subjectId: 2 #interfaceNumber: simple10 #block:1 #trail: 7 #targetId: 1 #completed: false #eventType: click #eventTarget: 8 #timeLength: 559 #now: 1510092644670<br/>
scriptRand.js:595 21 #subjectId: 2 #interfaceNumber: simple10 #block:1 #trail: 7 #targetId: 1 #completed: false #eventType: click #eventTarget: 9 #timeLength: 713 #now: 1510092645383<br/>
scriptRand.js:595 22 #subjectId: 2 #interfaceNumber: simple10 #block:1 #trail: 7 #targetId: 1 #completed: false #eventType: click #eventTarget: 0 #timeLength: 1231 #now: 1510092646614<br/>
scriptRand.js:595 23 #subjectId: 2 #interfaceNumber: simple10 #block:1 #trail: 7 #targetId: 1 #completed: true #eventType: click #eventTarget: 1 #timeLength: 624 #now: 1510092647239<br/>
scriptRand.js:649 currentTarget: 0
scriptRand.js:595 24 #subjectId: 2 #interfaceNumber: simple10 #block:1 #trail: 8 #targetId: 0 #completed: true #eventType: click #eventTarget: 0 #timeLength: 7503 #now: 1510092656406<br/>
scriptRand.js:649 currentTarget: 6
scriptRand.js:595 25 #subjectId: 2 #interfaceNumber: simple10 #block:1 #trail: 9 #targetId: 6 #completed: true #eventType: click #eventTarget: 6 #timeLength: 2976 #now: 1510092660918<br/>
scriptRand.js:649 currentTarget: 9
scriptRand.js:595 26 #subjectId: 2 #interfaceNumber: simple10 #block:1 #trail: 10 #targetId: 9 #completed: true #eventType: click #eventTarget: 9 #timeLength: 1720 #now: 1510092663998<br/>
scriptRand.js:694 0:
scriptRand.js:595 27 #subjectId: 2 #interfaceNumber: simple10 #block:2 #trail: 1 #targetId: 0 #completed: true #eventType: click #eventTarget: 0 #timeLength: 5391 #now: 1510092670966<br/>
scriptRand.js:649 currentTarget: 5
scriptRand.js:595 28 #subjectId: 2 #interfaceNumber: simple10 #block:2 #trail: 2 #targetId: 5 #completed: true #eventType: click #eventTarget: 5 #timeLength: 3471 #now: 1510092675741<br/>
scriptRand.js:649 currentTarget: 4
scriptRand.js:595 29 #subjectId: 2 #interfaceNumber: simple10 #block:2 #trail: 3 #targetId: 4 #completed: true #eventType: click #eventTarget: 4 #timeLength: 4489 #now: 1510092681669<br/>
scriptRand.js:649 currentTarget: 6
scriptRand.js:595 30 #subjectId: 2 #interfaceNumber: simple10 #block:2 #trail: 4 #targetId: 6 #completed: true #eventType: click #eventTarget: 6 #timeLength: 2144 #now: 1510092685236<br/>
scriptRand.js:649 currentTarget: 2
scriptRand.js:595 31 #subjectId: 2 #interfaceNumber: simple10 #block:2 #trail: 5 #targetId: 2 #completed: true #eventType: click #eventTarget: 2 #timeLength: 5224 #now: 1510092691828<br/>
scriptRand.js:649 currentTarget: 3
scriptRand.js:595 32 #subjectId: 2 #interfaceNumber: simple10 #block:2 #trail: 6 #targetId: 3 #completed: true #eventType: click #eventTarget: 3 #timeLength: 3064 #now: 1510092696292<br/>
scriptRand.js:649 currentTarget: 9
scriptRand.js:595 33 #subjectId: 2 #interfaceNumber: simple10 #block:2 #trail: 7 #targetId: 9 #completed: true #eventType: click #eventTarget: 9 #timeLength: 2456 #now: 1510092700108<br/>
scriptRand.js:649 currentTarget: 1
scriptRand.js:595 34 #subjectId: 2 #interfaceNumber: simple10 #block:2 #trail: 8 #targetId: 1 #completed: true #eventType: click #eventTarget: 1 #timeLength: 2432 #now: 1510092703772<br/>
scriptRand.js:649 currentTarget: 8
scriptRand.js:595 35 #subjectId: 2 #interfaceNumber: simple10 #block:2 #trail: 9 #targetId: 8 #completed: true #eventType: click #eventTarget: 8 #timeLength: 2753 #now: 1510092707877<br/>
scriptRand.js:649 currentTarget: 7
scriptRand.js:595 36 #subjectId: 2 #interfaceNumber: simple10 #block:2 #trail: 10 #targetId: 7 #completed: true #eventType: click #eventTarget: 7 #timeLength: 1872 #now: 1510092712060<br/>
scriptRand.js:694 6:
scriptRand.js:595 37 #subjectId: 2 #interfaceNumber: simple10 #block:3 #trail: 1 #targetId: 6 #completed: true #eventType: click #eventTarget: 6 #timeLength: 2656 #now: 1510092716708<br/>
scriptRand.js:649 currentTarget: 5
scriptRand.js:595 38 #subjectId: 2 #interfaceNumber: simple10 #block:3 #trail: 2 #targetId: 5 #completed: true #eventType: click #eventTarget: 5 #timeLength: 5136 #now: 1510092722915<br/>
scriptRand.js:649 currentTarget: 3
scriptRand.js:595 39 #subjectId: 2 #interfaceNumber: simple10 #block:3 #trail: 3 #targetId: 3 #completed: true #eventType: click #eventTarget: 3 #timeLength: 3072 #now: 1510092727132<br/>
scriptRand.js:649 currentTarget: 7
scriptRand.js:595 40 #subjectId: 2 #interfaceNumber: simple10 #block:3 #trail: 4 #targetId: 7 #completed: true #eventType: click #eventTarget: 7 #timeLength: 2489 #now: 1510092730772<br/>
scriptRand.js:649 currentTarget: 2
scriptRand.js:595 41 #subjectId: 2 #interfaceNumber: simple10 #block:3 #trail: 5 #targetId: 2 #completed: true #eventType: click #eventTarget: 2 #timeLength: 3055 #now: 1510092734891<br/>
scriptRand.js:649 currentTarget: 1
scriptRand.js:595 42 #subjectId: 2 #interfaceNumber: simple10 #block:3 #trail: 6 #targetId: 1 #completed: true #eventType: click #eventTarget: 1 #timeLength: 2432 #now: 1510092738531<br/>
scriptRand.js:649 currentTarget: 8
scriptRand.js:595 43 #subjectId: 2 #interfaceNumber: simple10 #block:3 #trail: 7 #targetId: 8 #completed: true #eventType: click #eventTarget: 8 #timeLength: 1983 #now: 1510092741978<br/>
scriptRand.js:649 currentTarget: 4
scriptRand.js:595 44 #subjectId: 2 #interfaceNumber: simple10 #block:3 #trail: 8 #targetId: 4 #completed: true #eventType: click #eventTarget: 4 #timeLength: 3168 #now: 1510092746379<br/>
scriptRand.js:649 currentTarget: 9
scriptRand.js:595 45 #subjectId: 2 #interfaceNumber: simple10 #block:3 #trail: 9 #targetId: 9 #completed: true #eventType: click #eventTarget: 9 #timeLength: 2336 #now: 1510092749771<br/>
scriptRand.js:649 currentTarget: 0
scriptRand.js:595 46 #subjectId: 2 #interfaceNumber: simple10 #block:3 #trail: 10 #targetId: 0 #completed: true #eventType: click #eventTarget: 0 #timeLength: 3240 #now: 1510092754131<br/>
scriptRand.js:694 2:
scriptRand.js:595 47 #subjectId: 2 #interfaceNumber: simple10 #block:4 #trail: 1 #targetId: 2 #completed: true #eventType: click #eventTarget: 2 #timeLength: 3025 #now: 1510092758459<br/>
scriptRand.js:649 currentTarget: 9
scriptRand.js:595 48 #subjectId: 2 #interfaceNumber: simple10 #block:4 #trail: 2 #targetId: 9 #completed: true #eventType: click #eventTarget: 9 #timeLength: 2312 #now: 1510092761850<br/>
scriptRand.js:649 currentTarget: 3
scriptRand.js:595 49 #subjectId: 2 #interfaceNumber: simple10 #block:4 #trail: 3 #targetId: 3 #completed: true #eventType: click #eventTarget: 3 #timeLength: 4089 #now: 1510092767155<br/>
scriptRand.js:649 currentTarget: 6
scriptRand.js:595 50 #subjectId: 2 #interfaceNumber: simple10 #block:4 #trail: 4 #targetId: 6 #completed: true #eventType: click #eventTarget: 6 #timeLength: 1897 #now: 1510092769947<br/>
scriptRand.js:649 currentTarget: 8
scriptRand.js:595 51 #subjectId: 2 #interfaceNumber: simple10 #block:4 #trail: 5 #targetId: 8 #completed: true #eventType: click #eventTarget: 8 #timeLength: 2423 #now: 1510092773282<br/>
scriptRand.js:649 currentTarget: 0
scriptRand.js:595 52 #subjectId: 2 #interfaceNumber: simple10 #block:4 #trail: 6 #targetId: 0 #completed: true #eventType: click #eventTarget: 0 #timeLength: 1624 #now: 1510092776218<br/>
scriptRand.js:649 currentTarget: 4
scriptRand.js:595 53 #subjectId: 2 #interfaceNumber: simple10 #block:4 #trail: 7 #targetId: 4 #completed: true #eventType: click #eventTarget: 4 #timeLength: 2088 #now: 1510092779299<br/>
scriptRand.js:649 currentTarget: 1
scriptRand.js:595 54 #subjectId: 2 #interfaceNumber: simple10 #block:4 #trail: 8 #targetId: 1 #completed: true #eventType: click #eventTarget: 1 #timeLength: 3328 #now: 1510092783794<br/>
scriptRand.js:649 currentTarget: 7
scriptRand.js:595 55 #subjectId: 2 #interfaceNumber: simple10 #block:4 #trail: 9 #targetId: 7 #completed: true #eventType: click #eventTarget: 7 #timeLength: 2256 #now: 1510092787155<br/>
scriptRand.js:649 currentTarget: 5
scriptRand.js:595 56 #subjectId: 2 #interfaceNumber: simple10 #block:4 #trail: 10 #targetId: 5 #completed: true #eventType: click #eventTarget: 5 #timeLength: 2832 #now: 1510092791267<br/>
scriptRand.js:606 
	
	1 #subjectId: 2 #interfaceNumber: simple10 #block:1 #trail: 1 #targetId: 4 #completed: true #eventType: click #eventTarget: 4 #timeLength: 5016 #now: 15100925815762 #subjectId: 2 #interfaceNumber: simple10 #block:1 #trail: 2 #targetId: 8 #completed: false #eventType: click #eventTarget: 9 #timeLength: 3696 #now: 15100925866723 #subjectId: 2 #interfaceNumber: simple10 #block:1 #trail: 2 #targetId: 8 #completed: true #eventType: click #eventTarget: 8 #timeLength: 2160 #now: 15100925888324 #subjectId: 2 #interfaceNumber: simple10 #block:1 #trail: 3 #targetId: 3 #completed: true #eventType: click #eventTarget: 3 #timeLength: 3144 #now: 15100925935365 #subjectId: 2 #interfaceNumber: simple10 #block:1 #trail: 4 #targetId: 5 #completed: true #eventType: click #eventTarget: 5 #timeLength: 2793 #now: 15100925976486 #subjectId: 2 #interfaceNumber: simple10 #block:1 #trail: 5 #targetId: 2 #completed: false #eventType: click #eventTarget: 1 #timeLength: 5960 #now: 15100926052567 #subjectId: 2 #interfaceNumber: simple10 #block:1 #trail: 5 #targetId: 2 #completed: false #eventType: click #eventTarget: 9 #timeLength: 1888 #now: 15100926071448 #subjectId: 2 #interfaceNumber: simple10 #block:1 #trail: 5 #targetId: 2 #completed: false #eventType: click #eventTarget: 8 #timeLength: 1296 #now: 15100926084409 #subjectId: 2 #interfaceNumber: simple10 #block:1 #trail: 5 #targetId: 2 #completed: false #eventType: click #eventTarget: 7 #timeLength: 2039 #now: 151009261048010 #subjectId: 2 #interfaceNumber: simple10 #block:1 #trail: 5 #targetId: 2 #completed: false #eventType: to #eventTarget: 7 #timeLength: 3822 #now: 151009261430211 #subjectId: 2 #interfaceNumber: simple10 #block:1 #trail: 6 #targetId: 7 #completed: false #eventType: click #eventTarget: 0 #timeLength: 6928 #now: 151009262123012 #subjectId: 2 #interfaceNumber: simple10 #block:1 #trail: 6 #targetId: 7 #completed: false #eventType: click #eventTarget: 1 #timeLength: 1408 #now: 151009262263913 #subjectId: 2 #interfaceNumber: simple10 #block:1 #trail: 6 #targetId: 7 #completed: false #eventType: click #eventTarget: 2 #timeLength: 1168 #now: 151009262380714 #subjectId: 2 #interfaceNumber: simple10 #block:1 #trail: 6 #targetId: 7 #completed: false #eventType: to #eventTarget: 2 #timeLength: 7146 #now: 151009263095315 #subjectId: 2 #interfaceNumber: simple10 #block:1 #trail: 7 #targetId: 1 #completed: false #eventType: click #eventTarget: 3 #timeLength: 10134 #now: 151009264108716 #subjectId: 2 #interfaceNumber: simple10 #block:1 #trail: 7 #targetId: 1 #completed: false #eventType: click #eventTarget: 4 #timeLength: 1007 #now: 151009264209417 #subjectId: 2 #interfaceNumber: simple10 #block:1 #trail: 7 #targetId: 1 #completed: false #eventType: click #eventTarget: 5 #timeLength: 881 #now: 151009264297518 #subjectId: 2 #interfaceNumber: simple10 #block:1 #trail: 7 #targetId: 1 #completed: false #eventType: click #eventTarget: 6 #timeLength: 520 #now: 151009264349519 #subjectId: 2 #interfaceNumber: simple10 #block:1 #trail: 7 #targetId: 1 #completed: false #eventType: click #eventTarget: 7 #timeLength: 616 #now: 151009264411120 #subjectId: 2 #interfaceNumber: simple10 #block:1 #trail: 7 #targetId: 1 #completed: false #eventType: click #eventTarget: 8 #timeLength: 559 #now: 151009264467021 #subjectId: 2 #interfaceNumber: simple10 #block:1 #trail: 7 #targetId: 1 #completed: false #eventType: click #eventTarget: 9 #timeLength: 713 #now: 151009264538322 #subjectId: 2 #interfaceNumber: simple10 #block:1 #trail: 7 #targetId: 1 #completed: false #eventType: click #eventTarget: 0 #timeLength: 1231 #now: 151009264661423 #subjectId: 2 #interfaceNumber: simple10 #block:1 #trail: 7 #targetId: 1 #completed: true #eventType: click #eventTarget: 1 #timeLength: 624 #now: 151009264723924 #subjectId: 2 #interfaceNumber: simple10 #block:1 #trail: 8 #targetId: 0 #completed: true #eventType: click #eventTarget: 0 #timeLength: 7503 #now: 151009265640625 #subjectId: 2 #interfaceNumber: simple10 #block:1 #trail: 9 #targetId: 6 #completed: true #eventType: click #eventTarget: 6 #timeLength: 2976 #now: 151009266091826 #subjectId: 2 #interfaceNumber: simple10 #block:1 #trail: 10 #targetId: 9 #completed: true #eventType: click #eventTarget: 9 #timeLength: 1720 #now: 151009266399827 #subjectId: 2 #interfaceNumber: simple10 #block:2 #trail: 1 #targetId: 0 #completed: true #eventType: click #eventTarget: 0 #timeLength: 5391 #now: 151009267096628 #subjectId: 2 #interfaceNumber: simple10 #block:2 #trail: 2 #targetId: 5 #completed: true #eventType: click #eventTarget: 5 #timeLength: 3471 #now: 151009267574129 #subjectId: 2 #interfaceNumber: simple10 #block:2 #trail: 3 #targetId: 4 #completed: true #eventType: click #eventTarget: 4 #timeLength: 4489 #now: 151009268166930 #subjectId: 2 #interfaceNumber: simple10 #block:2 #trail: 4 #targetId: 6 #completed: true #eventType: click #eventTarget: 6 #timeLength: 2144 #now: 151009268523631 #subjectId: 2 #interfaceNumber: simple10 #block:2 #trail: 5 #targetId: 2 #completed: true #eventType: click #eventTarget: 2 #timeLength: 5224 #now: 151009269182832 #subjectId: 2 #interfaceNumber: simple10 #block:2 #trail: 6 #targetId: 3 #completed: true #eventType: click #eventTarget: 3 #timeLength: 3064 #now: 151009269629233 #subjectId: 2 #interfaceNumber: simple10 #block:2 #trail: 7 #targetId: 9 #completed: true #eventType: click #eventTarget: 9 #timeLength: 2456 #now: 151009270010834 #subjectId: 2 #interfaceNumber: simple10 #block:2 #trail: 8 #targetId: 1 #completed: true #eventType: click #eventTarget: 1 #timeLength: 2432 #now: 151009270377235 #subjectId: 2 #interfaceNumber: simple10 #block:2 #trail: 9 #targetId: 8 #completed: true #eventType: click #eventTarget: 8 #timeLength: 2753 #now: 151009270787736 #subjectId: 2 #interfaceNumber: simple10 #block:2 #trail: 10 #targetId: 7 #completed: true #eventType: click #eventTarget: 7 #timeLength: 1872 #now: 151009271206037 #subjectId: 2 #interfaceNumber: simple10 #block:3 #trail: 1 #targetId: 6 #completed: true #eventType: click #eventTarget: 6 #timeLength: 2656 #now: 151009271670838 #subjectId: 2 #interfaceNumber: simple10 #block:3 #trail: 2 #targetId: 5 #completed: true #eventType: click #eventTarget: 5 #timeLength: 5136 #now: 151009272291539 #subjectId: 2 #interfaceNumber: simple10 #block:3 #trail: 3 #targetId: 3 #completed: true #eventType: click #eventTarget: 3 #timeLength: 3072 #now: 151009272713240 #subjectId: 2 #interfaceNumber: simple10 #block:3 #trail: 4 #targetId: 7 #completed: true #eventType: click #eventTarget: 7 #timeLength: 2489 #now: 151009273077241 #subjectId: 2 #interfaceNumber: simple10 #block:3 #trail: 5 #targetId: 2 #completed: true #eventType: click #eventTarget: 2 #timeLength: 3055 #now: 151009273489142 #subjectId: 2 #interfaceNumber: simple10 #block:3 #trail: 6 #targetId: 1 #completed: true #eventType: click #eventTarget: 1 #timeLength: 2432 #now: 151009273853143 #subjectId: 2 #interfaceNumber: simple10 #block:3 #trail: 7 #targetId: 8 #completed: true #eventType: click #eventTarget: 8 #timeLength: 1983 #now: 151009274197844 #subjectId: 2 #interfaceNumber: simple10 #block:3 #trail: 8 #targetId: 4 #completed: true #eventType: click #eventTarget: 4 #timeLength: 3168 #now: 151009274637945 #subjectId: 2 #interfaceNumber: simple10 #block:3 #trail: 9 #targetId: 9 #completed: true #eventType: click #eventTarget: 9 #timeLength: 2336 #now: 151009274977146 #subjectId: 2 #interfaceNumber: simple10 #block:3 #trail: 10 #targetId: 0 #completed: true #eventType: click #eventTarget: 0 #timeLength: 3240 #now: 151009275413147 #subjectId: 2 #interfaceNumber: simple10 #block:4 #trail: 1 #targetId: 2 #completed: true #eventType: click #eventTarget: 2 #timeLength: 3025 #now: 151009275845948 #subjectId: 2 #interfaceNumber: simple10 #block:4 #trail: 2 #targetId: 9 #completed: true #eventType: click #eventTarget: 9 #timeLength: 2312 #now: 151009276185049 #subjectId: 2 #interfaceNumber: simple10 #block:4 #trail: 3 #targetId: 3 #completed: true #eventType: click #eventTarget: 3 #timeLength: 4089 #now: 151009276715550 #subjectId: 2 #interfaceNumber: simple10 #block:4 #trail: 4 #targetId: 6 #completed: true #eventType: click #eventTarget: 6 #timeLength: 1897 #now: 151009276994751 #subjectId: 2 #interfaceNumber: simple10 #block:4 #trail: 5 #targetId: 8 #completed: true #eventType: click #eventTarget: 8 #timeLength: 2423 #now: 151009277328252 #subjectId: 2 #interfaceNumber: simple10 #block:4 #trail: 6 #targetId: 0 #completed: true #eventType: click #eventTarget: 0 #timeLength: 1624 #now: 151009277621853 #subjectId: 2 #interfaceNumber: simple10 #block:4 #trail: 7 #targetId: 4 #completed: true #eventType: click #eventTarget: 4 #timeLength: 2088 #now: 151009277929954 #subjectId: 2 #interfaceNumber: simple10 #block:4 #trail: 8 #targetId: 1 #completed: true #eventType: click #eventTarget: 1 #timeLength: 3328 #now: 151009278379455 #subjectId: 2 #interfaceNumber: simple10 #block:4 #trail: 9 #targetId: 7 #completed: true #eventType: click #eventTarget: 7 #timeLength: 2256 #now: 151009278715556 #subjectId: 2 #interfaceNumber: simple10 #block:4 #trail: 10 #targetId: 5 #completed: true #eventType: click #eventTarget: 5 #timeLength: 2832 #now: 1510092791267
