upload.wikimedia.org/wikipedia/commons/thumb/b/bb/BP_Lecture_Theatre_British_Museum_%283%29.jpg/220px-BP_Lecture_Theatre_British_Museum_%283%29.jpg Failed to load resource: the server responded with a status of 404 ()
scriptRand.js:282 3:
upload.wikimedia.org/wikipedia/commons/thumb/a/ae/Egypt_Gallery_British_Museum.jpg/250px-Egypt_Gallery_British_Museum.jpg Failed to load resource: the server responded with a status of 404 ()
upload.wikimedia.org/wikipedia/commons/thumb/2/23/Voice_of_Fire_photo.jpg/170px-Voice_of_Fire_photo.jpg Failed to load resource: the server responded with a status of 404 ()
scriptRand.js:595 1 #subjectId: 1 #interfaceNumber: simple10 #block:1 #trail: 1 #targetId: 3 #completed: true #eventType: click #eventTarget: 3 #timeLength: 3425 #now: 1510008002911<br/>
scriptRand.js:649 currentTarget: 5
scriptRand.js:595 2 #subjectId: 1 #interfaceNumber: simple10 #block:1 #trail: 2 #targetId: 5 #completed: true #eventType: click #eventTarget: 5 #timeLength: 4609 #now: 1510008008775<br/>
scriptRand.js:649 currentTarget: 0
scriptRand.js:595 3 #subjectId: 1 #interfaceNumber: simple10 #block:1 #trail: 3 #targetId: 0 #completed: true #eventType: click #eventTarget: 0 #timeLength: 2017 #now: 1510008011862<br/>
scriptRand.js:649 currentTarget: 7
scriptRand.js:595 4 #subjectId: 1 #interfaceNumber: simple10 #block:1 #trail: 4 #targetId: 7 #completed: true #eventType: click #eventTarget: 7 #timeLength: 7096 #now: 1510008019958<br/>
scriptRand.js:649 currentTarget: 6
scriptRand.js:595 5 #subjectId: 1 #interfaceNumber: simple10 #block:1 #trail: 5 #targetId: 6 #completed: true #eventType: click #eventTarget: 6 #timeLength: 2201 #now: 1510008023238<br/>
scriptRand.js:649 currentTarget: 9
scriptRand.js:595 6 #subjectId: 1 #interfaceNumber: simple10 #block:1 #trail: 6 #targetId: 9 #completed: true #eventType: click #eventTarget: 9 #timeLength: 1664 #now: 1510008025782<br/>
scriptRand.js:649 currentTarget: 1
scriptRand.js:595 7 #subjectId: 1 #interfaceNumber: simple10 #block:1 #trail: 7 #targetId: 1 #completed: true #eventType: click #eventTarget: 1 #timeLength: 2449 #now: 1510008029070<br/>
scriptRand.js:649 currentTarget: 2
scriptRand.js:595 8 #subjectId: 1 #interfaceNumber: simple10 #block:1 #trail: 8 #targetId: 2 #completed: true #eventType: click #eventTarget: 2 #timeLength: 2577 #now: 1510008032550<br/>
scriptRand.js:649 currentTarget: 8
scriptRand.js:595 9 #subjectId: 1 #interfaceNumber: simple10 #block:1 #trail: 9 #targetId: 8 #completed: true #eventType: click #eventTarget: 8 #timeLength: 2536 #now: 1510008035997<br/>
scriptRand.js:649 currentTarget: 4
scriptRand.js:595 10 #subjectId: 1 #interfaceNumber: simple10 #block:1 #trail: 10 #targetId: 4 #completed: true #eventType: click #eventTarget: 4 #timeLength: 2576 #now: 1510008039589<br/>
scriptRand.js:694 7:
scriptRand.js:595 11 #subjectId: 1 #interfaceNumber: simple10 #block:2 #trail: 1 #targetId: 7 #completed: true #eventType: click #eventTarget: 7 #timeLength: 3096 #now: 1510008043589<br/>
scriptRand.js:649 currentTarget: 4
scriptRand.js:595 12 #subjectId: 1 #interfaceNumber: simple10 #block:2 #trail: 2 #targetId: 4 #completed: true #eventType: click #eventTarget: 4 #timeLength: 2040 #now: 1510008046725<br/>
scriptRand.js:649 currentTarget: 2
scriptRand.js:595 13 #subjectId: 1 #interfaceNumber: simple10 #block:2 #trail: 3 #targetId: 2 #completed: true #eventType: click #eventTarget: 2 #timeLength: 3160 #now: 1510008050829<br/>
scriptRand.js:649 currentTarget: 9
scriptRand.js:595 14 #subjectId: 1 #interfaceNumber: simple10 #block:2 #trail: 4 #targetId: 9 #completed: true #eventType: click #eventTarget: 9 #timeLength: 1889 #now: 1510008053805<br/>
scriptRand.js:649 currentTarget: 1
scriptRand.js:595 15 #subjectId: 1 #interfaceNumber: simple10 #block:2 #trail: 5 #targetId: 1 #completed: true #eventType: click #eventTarget: 1 #timeLength: 1793 #now: 1510008056717<br/>
scriptRand.js:649 currentTarget: 6
scriptRand.js:595 16 #subjectId: 1 #interfaceNumber: simple10 #block:2 #trail: 6 #targetId: 6 #completed: true #eventType: click #eventTarget: 6 #timeLength: 1736 #now: 1510008059317<br/>
scriptRand.js:649 currentTarget: 3
scriptRand.js:595 17 #subjectId: 1 #interfaceNumber: simple10 #block:2 #trail: 7 #targetId: 3 #completed: true #eventType: click #eventTarget: 3 #timeLength: 2528 #now: 1510008062797<br/>
scriptRand.js:649 currentTarget: 8
scriptRand.js:595 18 #subjectId: 1 #interfaceNumber: simple10 #block:2 #trail: 8 #targetId: 8 #completed: true #eventType: click #eventTarget: 8 #timeLength: 3016 #now: 1510008066709<br/>
scriptRand.js:649 currentTarget: 0
scriptRand.js:595 19 #subjectId: 1 #interfaceNumber: simple10 #block:2 #trail: 9 #targetId: 0 #completed: true #eventType: click #eventTarget: 0 #timeLength: 1583 #now: 1510008069204<br/>
scriptRand.js:649 currentTarget: 5
scriptRand.js:595 20 #subjectId: 1 #interfaceNumber: simple10 #block:2 #trail: 10 #targetId: 5 #completed: true #eventType: click #eventTarget: 5 #timeLength: 2680 #now: 1510008072869<br/>
scriptRand.js:694 9:
scriptRand.js:595 21 #subjectId: 1 #interfaceNumber: simple10 #block:3 #trail: 1 #targetId: 9 #completed: true #eventType: click #eventTarget: 9 #timeLength: 1896 #now: 1510008075709<br/>
scriptRand.js:649 currentTarget: 2
scriptRand.js:595 22 #subjectId: 1 #interfaceNumber: simple10 #block:3 #trail: 2 #targetId: 2 #completed: true #eventType: click #eventTarget: 2 #timeLength: 2448 #now: 1510008079269<br/>
scriptRand.js:649 currentTarget: 7
scriptRand.js:595 23 #subjectId: 1 #interfaceNumber: simple10 #block:3 #trail: 3 #targetId: 7 #completed: true #eventType: click #eventTarget: 7 #timeLength: 2375 #now: 1510008082508<br/>
scriptRand.js:649 currentTarget: 6
scriptRand.js:595 24 #subjectId: 1 #interfaceNumber: simple10 #block:3 #trail: 4 #targetId: 6 #completed: true #eventType: click #eventTarget: 6 #timeLength: 1353 #now: 1510008084973<br/>
scriptRand.js:649 currentTarget: 5
scriptRand.js:595 25 #subjectId: 1 #interfaceNumber: simple10 #block:3 #trail: 5 #targetId: 5 #completed: true #eventType: click #eventTarget: 5 #timeLength: 2120 #now: 1510008088012<br/>
scriptRand.js:649 currentTarget: 4
scriptRand.js:595 26 #subjectId: 1 #interfaceNumber: simple10 #block:3 #trail: 6 #targetId: 4 #completed: true #eventType: click #eventTarget: 4 #timeLength: 2745 #now: 1510008091869<br/>
scriptRand.js:649 currentTarget: 1
scriptRand.js:595 27 #subjectId: 1 #interfaceNumber: simple10 #block:3 #trail: 7 #targetId: 1 #completed: true #eventType: click #eventTarget: 1 #timeLength: 1712 #now: 1510008094500<br/>
scriptRand.js:649 currentTarget: 8
scriptRand.js:595 28 #subjectId: 1 #interfaceNumber: simple10 #block:3 #trail: 8 #targetId: 8 #completed: true #eventType: click #eventTarget: 8 #timeLength: 2583 #now: 1510008098035<br/>
scriptRand.js:649 currentTarget: 3
scriptRand.js:595 29 #subjectId: 1 #interfaceNumber: simple10 #block:3 #trail: 9 #targetId: 3 #completed: true #eventType: click #eventTarget: 3 #timeLength: 1880 #now: 1510008100923<br/>
scriptRand.js:649 currentTarget: 0
scriptRand.js:595 30 #subjectId: 1 #interfaceNumber: simple10 #block:3 #trail: 10 #targetId: 0 #completed: true #eventType: click #eventTarget: 0 #timeLength: 1841 #now: 1510008103763<br/>
scriptRand.js:694 1:
scriptRand.js:595 31 #subjectId: 1 #interfaceNumber: simple10 #block:4 #trail: 1 #targetId: 1 #completed: true #eventType: click #eventTarget: 1 #timeLength: 2064 #now: 1510008106746<br/>
scriptRand.js:649 currentTarget: 0
scriptRand.js:595 32 #subjectId: 1 #interfaceNumber: simple10 #block:4 #trail: 2 #targetId: 0 #completed: true #eventType: click #eventTarget: 0 #timeLength: 1783 #now: 1510008109530<br/>
scriptRand.js:649 currentTarget: 6
scriptRand.js:595 33 #subjectId: 1 #interfaceNumber: simple10 #block:4 #trail: 3 #targetId: 6 #completed: true #eventType: click #eventTarget: 6 #timeLength: 1840 #now: 1510008112450<br/>
scriptRand.js:649 currentTarget: 2
scriptRand.js:595 34 #subjectId: 1 #interfaceNumber: simple10 #block:4 #trail: 4 #targetId: 2 #completed: true #eventType: click #eventTarget: 2 #timeLength: 2079 #now: 1510008115570<br/>
scriptRand.js:649 currentTarget: 8
scriptRand.js:595 35 #subjectId: 1 #interfaceNumber: simple10 #block:4 #trail: 5 #targetId: 8 #completed: true #eventType: click #eventTarget: 8 #timeLength: 2168 #now: 1510008118634<br/>
scriptRand.js:649 currentTarget: 4
scriptRand.js:595 36 #subjectId: 1 #interfaceNumber: simple10 #block:4 #trail: 6 #targetId: 4 #completed: true #eventType: click #eventTarget: 4 #timeLength: 2992 #now: 1510008122938<br/>
scriptRand.js:649 currentTarget: 7
scriptRand.js:595 37 #subjectId: 1 #interfaceNumber: simple10 #block:4 #trail: 7 #targetId: 7 #completed: true #eventType: click #eventTarget: 7 #timeLength: 2633 #now: 1510008126579<br/>
scriptRand.js:649 currentTarget: 9
scriptRand.js:595 38 #subjectId: 1 #interfaceNumber: simple10 #block:4 #trail: 8 #targetId: 9 #completed: true #eventType: click #eventTarget: 9 #timeLength: 1792 #now: 1510008129530<br/>
scriptRand.js:649 currentTarget: 5
scriptRand.js:595 39 #subjectId: 1 #interfaceNumber: simple10 #block:4 #trail: 9 #targetId: 5 #completed: true #eventType: click #eventTarget: 5 #timeLength: 2280 #now: 1510008132875<br/>
scriptRand.js:649 currentTarget: 3
scriptRand.js:595 40 #subjectId: 1 #interfaceNumber: simple10 #block:4 #trail: 10 #targetId: 3 #completed: true #eventType: click #eventTarget: 3 #timeLength: 2040 #now: 1510008135762<br/>
scriptRand.js:606 
	
	1 #subjectId: 1 #interfaceNumber: simple10 #block:1 #trail: 1 #targetId: 3 #completed: true #eventType: click #eventTarget: 3 #timeLength: 3425 #now: 15100080029112 #subjectId: 1 #interfaceNumber: simple10 #block:1 #trail: 2 #targetId: 5 #completed: true #eventType: click #eventTarget: 5 #timeLength: 4609 #now: 15100080087753 #subjectId: 1 #interfaceNumber: simple10 #block:1 #trail: 3 #targetId: 0 #completed: true #eventType: click #eventTarget: 0 #timeLength: 2017 #now: 15100080118624 #subjectId: 1 #interfaceNumber: simple10 #block:1 #trail: 4 #targetId: 7 #completed: true #eventType: click #eventTarget: 7 #timeLength: 7096 #now: 15100080199585 #subjectId: 1 #interfaceNumber: simple10 #block:1 #trail: 5 #targetId: 6 #completed: true #eventType: click #eventTarget: 6 #timeLength: 2201 #now: 15100080232386 #subjectId: 1 #interfaceNumber: simple10 #block:1 #trail: 6 #targetId: 9 #completed: true #eventType: click #eventTarget: 9 #timeLength: 1664 #now: 15100080257827 #subjectId: 1 #interfaceNumber: simple10 #block:1 #trail: 7 #targetId: 1 #completed: true #eventType: click #eventTarget: 1 #timeLength: 2449 #now: 15100080290708 #subjectId: 1 #interfaceNumber: simple10 #block:1 #trail: 8 #targetId: 2 #completed: true #eventType: click #eventTarget: 2 #timeLength: 2577 #now: 15100080325509 #subjectId: 1 #interfaceNumber: simple10 #block:1 #trail: 9 #targetId: 8 #completed: true #eventType: click #eventTarget: 8 #timeLength: 2536 #now: 151000803599710 #subjectId: 1 #interfaceNumber: simple10 #block:1 #trail: 10 #targetId: 4 #completed: true #eventType: click #eventTarget: 4 #timeLength: 2576 #now: 151000803958911 #subjectId: 1 #interfaceNumber: simple10 #block:2 #trail: 1 #targetId: 7 #completed: true #eventType: click #eventTarget: 7 #timeLength: 3096 #now: 151000804358912 #subjectId: 1 #interfaceNumber: simple10 #block:2 #trail: 2 #targetId: 4 #completed: true #eventType: click #eventTarget: 4 #timeLength: 2040 #now: 151000804672513 #subjectId: 1 #interfaceNumber: simple10 #block:2 #trail: 3 #targetId: 2 #completed: true #eventType: click #eventTarget: 2 #timeLength: 3160 #now: 151000805082914 #subjectId: 1 #interfaceNumber: simple10 #block:2 #trail: 4 #targetId: 9 #completed: true #eventType: click #eventTarget: 9 #timeLength: 1889 #now: 151000805380515 #subjectId: 1 #interfaceNumber: simple10 #block:2 #trail: 5 #targetId: 1 #completed: true #eventType: click #eventTarget: 1 #timeLength: 1793 #now: 151000805671716 #subjectId: 1 #interfaceNumber: simple10 #block:2 #trail: 6 #targetId: 6 #completed: true #eventType: click #eventTarget: 6 #timeLength: 1736 #now: 151000805931717 #subjectId: 1 #interfaceNumber: simple10 #block:2 #trail: 7 #targetId: 3 #completed: true #eventType: click #eventTarget: 3 #timeLength: 2528 #now: 151000806279718 #subjectId: 1 #interfaceNumber: simple10 #block:2 #trail: 8 #targetId: 8 #completed: true #eventType: click #eventTarget: 8 #timeLength: 3016 #now: 151000806670919 #subjectId: 1 #interfaceNumber: simple10 #block:2 #trail: 9 #targetId: 0 #completed: true #eventType: click #eventTarget: 0 #timeLength: 1583 #now: 151000806920420 #subjectId: 1 #interfaceNumber: simple10 #block:2 #trail: 10 #targetId: 5 #completed: true #eventType: click #eventTarget: 5 #timeLength: 2680 #now: 151000807286921 #subjectId: 1 #interfaceNumber: simple10 #block:3 #trail: 1 #targetId: 9 #completed: true #eventType: click #eventTarget: 9 #timeLength: 1896 #now: 151000807570922 #subjectId: 1 #interfaceNumber: simple10 #block:3 #trail: 2 #targetId: 2 #completed: true #eventType: click #eventTarget: 2 #timeLength: 2448 #now: 151000807926923 #subjectId: 1 #interfaceNumber: simple10 #block:3 #trail: 3 #targetId: 7 #completed: true #eventType: click #eventTarget: 7 #timeLength: 2375 #now: 151000808250824 #subjectId: 1 #interfaceNumber: simple10 #block:3 #trail: 4 #targetId: 6 #completed: true #eventType: click #eventTarget: 6 #timeLength: 1353 #now: 151000808497325 #subjectId: 1 #interfaceNumber: simple10 #block:3 #trail: 5 #targetId: 5 #completed: true #eventType: click #eventTarget: 5 #timeLength: 2120 #now: 151000808801226 #subjectId: 1 #interfaceNumber: simple10 #block:3 #trail: 6 #targetId: 4 #completed: true #eventType: click #eventTarget: 4 #timeLength: 2745 #now: 151000809186927 #subjectId: 1 #interfaceNumber: simple10 #block:3 #trail: 7 #targetId: 1 #completed: true #eventType: click #eventTarget: 1 #timeLength: 1712 #now: 151000809450028 #subjectId: 1 #interfaceNumber: simple10 #block:3 #trail: 8 #targetId: 8 #completed: true #eventType: click #eventTarget: 8 #timeLength: 2583 #now: 151000809803529 #subjectId: 1 #interfaceNumber: simple10 #block:3 #trail: 9 #targetId: 3 #completed: true #eventType: click #eventTarget: 3 #timeLength: 1880 #now: 151000810092330 #subjectId: 1 #interfaceNumber: simple10 #block:3 #trail: 10 #targetId: 0 #completed: true #eventType: click #eventTarget: 0 #timeLength: 1841 #now: 151000810376331 #subjectId: 1 #interfaceNumber: simple10 #block:4 #trail: 1 #targetId: 1 #completed: true #eventType: click #eventTarget: 1 #timeLength: 2064 #now: 151000810674632 #subjectId: 1 #interfaceNumber: simple10 #block:4 #trail: 2 #targetId: 0 #completed: true #eventType: click #eventTarget: 0 #timeLength: 1783 #now: 151000810953033 #subjectId: 1 #interfaceNumber: simple10 #block:4 #trail: 3 #targetId: 6 #completed: true #eventType: click #eventTarget: 6 #timeLength: 1840 #now: 151000811245034 #subjectId: 1 #interfaceNumber: simple10 #block:4 #trail: 4 #targetId: 2 #completed: true #eventType: click #eventTarget: 2 #timeLength: 2079 #now: 151000811557035 #subjectId: 1 #interfaceNumber: simple10 #block:4 #trail: 5 #targetId: 8 #completed: true #eventType: click #eventTarget: 8 #timeLength: 2168 #now: 151000811863436 #subjectId: 1 #interfaceNumber: simple10 #block:4 #trail: 6 #targetId: 4 #completed: true #eventType: click #eventTarget: 4 #timeLength: 2992 #now: 151000812293837 #subjectId: 1 #interfaceNumber: simple10 #block:4 #trail: 7 #targetId: 7 #completed: true #eventType: click #eventTarget: 7 #timeLength: 2633 #now: 151000812657938 #subjectId: 1 #interfaceNumber: simple10 #block:4 #trail: 8 #targetId: 9 #completed: true #eventType: click #eventTarget: 9 #timeLength: 1792 #now: 151000812953039 #subjectId: 1 #interfaceNumber: simple10 #block:4 #trail: 9 #targetId: 5 #completed: true #eventType: click #eventTarget: 5 #timeLength: 2280 #now: 151000813287540 #subjectId: 1 #interfaceNumber: simple10 #block:4 #trail: 10 #targetId: 3 #completed: true #eventType: click #eventTarget: 3 #timeLength: 2040 #now: 1510008135762
