upload.wikimedia.org/wikipedia/commons/thumb/b/bb/BP_Lecture_Theatre_British_Museum_%283%29.jpg/220px-BP_Lecture_Theatre_British_Museum_%283%29.jpg Failed to load resource: the server responded with a status of 404 ()
scriptRand.js:283 9:
upload.wikimedia.org/wikipedia/commons/thumb/2/23/Voice_of_Fire_photo.jpg/170px-Voice_of_Fire_photo.jpg Failed to load resource: the server responded with a status of 404 ()
upload.wikimedia.org/wikipedia/commons/thumb/a/ae/Egypt_Gallery_British_Museum.jpg/250px-Egypt_Gallery_British_Museum.jpg Failed to load resource: the server responded with a status of 404 ()
scriptRand.js:600 1 #subjectId: 3 #interfaceNumber: simple10 #block:1 #trail: 1 #targetId: 9 #completed: true #eventType: click #eventTarget: 9 #timeLength: 3265 #now: 1510161299015<br/>
scriptRand.js:654 currentTarget: 1
scriptRand.js:600 2 #subjectId: 3 #interfaceNumber: simple10 #block:1 #trail: 2 #targetId: 1 #completed: false #eventType: click #eventTarget: 2 #timeLength: 3176 #now: 1510161303373<br/>
scriptRand.js:600 3 #subjectId: 3 #interfaceNumber: simple10 #block:1 #trail: 2 #targetId: 1 #completed: true #eventType: click #eventTarget: 1 #timeLength: 984 #now: 1510161304357<br/>
scriptRand.js:654 currentTarget: 2
scriptRand.js:600 4 #subjectId: 3 #interfaceNumber: simple10 #block:1 #trail: 3 #targetId: 2 #completed: true #eventType: click #eventTarget: 2 #timeLength: 4640 #now: 1510161310014<br/>
scriptRand.js:654 currentTarget: 6
scriptRand.js:600 5 #subjectId: 3 #interfaceNumber: simple10 #block:1 #trail: 4 #targetId: 6 #completed: true #eventType: click #eventTarget: 6 #timeLength: 2032 #now: 1510161313245<br/>
scriptRand.js:654 currentTarget: 8
scriptRand.js:600 6 #subjectId: 3 #interfaceNumber: simple10 #block:1 #trail: 5 #targetId: 8 #completed: true #eventType: click #eventTarget: 8 #timeLength: 2520 #now: 1510161316669<br/>
scriptRand.js:654 currentTarget: 0
scriptRand.js:600 7 #subjectId: 3 #interfaceNumber: simple10 #block:1 #trail: 6 #targetId: 0 #completed: true #eventType: click #eventTarget: 0 #timeLength: 2441 #now: 1510161319998<br/>
scriptRand.js:654 currentTarget: 5
scriptRand.js:600 8 #subjectId: 3 #interfaceNumber: simple10 #block:1 #trail: 7 #targetId: 5 #completed: true #eventType: click #eventTarget: 5 #timeLength: 1840 #now: 1510161322837<br/>
scriptRand.js:654 currentTarget: 4
scriptRand.js:600 9 #subjectId: 3 #interfaceNumber: simple10 #block:1 #trail: 8 #targetId: 4 #completed: true #eventType: click #eventTarget: 4 #timeLength: 5033 #now: 1510161328702<br/>
scriptRand.js:654 currentTarget: 3
scriptRand.js:600 10 #subjectId: 3 #interfaceNumber: simple10 #block:1 #trail: 9 #targetId: 3 #completed: true #eventType: click #eventTarget: 3 #timeLength: 2529 #now: 1510161332326<br/>
scriptRand.js:654 currentTarget: 7
scriptRand.js:600 11 #subjectId: 3 #interfaceNumber: simple10 #block:1 #trail: 10 #targetId: 7 #completed: true #eventType: click #eventTarget: 7 #timeLength: 3032 #now: 1510161336245<br/>
scriptRand.js:699 6:
scriptRand.js:600 12 #subjectId: 3 #interfaceNumber: simple10 #block:2 #trail: 1 #targetId: 6 #completed: true #eventType: click #eventTarget: 6 #timeLength: 1880 #now: 1510161338981<br/>
scriptRand.js:654 currentTarget: 5
scriptRand.js:600 13 #subjectId: 3 #interfaceNumber: simple10 #block:2 #trail: 2 #targetId: 5 #completed: true #eventType: click #eventTarget: 5 #timeLength: 1584 #now: 1510161341413<br/>
scriptRand.js:654 currentTarget: 0
scriptRand.js:600 14 #subjectId: 3 #interfaceNumber: simple10 #block:2 #trail: 3 #targetId: 0 #completed: true #eventType: click #eventTarget: 0 #timeLength: 1761 #now: 1510161343933<br/>
scriptRand.js:654 currentTarget: 2
scriptRand.js:600 15 #subjectId: 3 #interfaceNumber: simple10 #block:2 #trail: 4 #targetId: 2 #completed: false #eventType: click #eventTarget: 3 #timeLength: 1528 #now: 1510161346613<br/>
scriptRand.js:600 16 #subjectId: 3 #interfaceNumber: simple10 #block:2 #trail: 4 #targetId: 2 #completed: true #eventType: click #eventTarget: 2 #timeLength: 1256 #now: 1510161347869<br/>
scriptRand.js:654 currentTarget: 1
scriptRand.js:600 17 #subjectId: 3 #interfaceNumber: simple10 #block:2 #trail: 5 #targetId: 1 #completed: true #eventType: click #eventTarget: 1 #timeLength: 2120 #now: 1510161350965<br/>
scriptRand.js:654 currentTarget: 7
scriptRand.js:600 18 #subjectId: 3 #interfaceNumber: simple10 #block:2 #trail: 6 #targetId: 7 #completed: true #eventType: click #eventTarget: 7 #timeLength: 2048 #now: 1510161353957<br/>
scriptRand.js:654 currentTarget: 3
scriptRand.js:600 19 #subjectId: 3 #interfaceNumber: simple10 #block:2 #trail: 7 #targetId: 3 #completed: true #eventType: click #eventTarget: 3 #timeLength: 1728 #now: 1510161356717<br/>
scriptRand.js:654 currentTarget: 8
scriptRand.js:600 20 #subjectId: 3 #interfaceNumber: simple10 #block:2 #trail: 8 #targetId: 8 #completed: true #eventType: click #eventTarget: 8 #timeLength: 2233 #now: 1510161359773<br/>
scriptRand.js:654 currentTarget: 4
scriptRand.js:600 21 #subjectId: 3 #interfaceNumber: simple10 #block:2 #trail: 9 #targetId: 4 #completed: true #eventType: click #eventTarget: 4 #timeLength: 2608 #now: 1510161363253<br/>
scriptRand.js:654 currentTarget: 9
scriptRand.js:600 22 #subjectId: 3 #interfaceNumber: simple10 #block:2 #trail: 10 #targetId: 9 #completed: true #eventType: click #eventTarget: 9 #timeLength: 2560 #now: 1510161366533<br/>
scriptRand.js:699 8:
scriptRand.js:600 23 #subjectId: 3 #interfaceNumber: simple10 #block:3 #trail: 1 #targetId: 8 #completed: true #eventType: click #eventTarget: 8 #timeLength: 4432 #now: 1510161371925<br/>
scriptRand.js:654 currentTarget: 3
scriptRand.js:600 24 #subjectId: 3 #interfaceNumber: simple10 #block:3 #trail: 2 #targetId: 3 #completed: true #eventType: click #eventTarget: 3 #timeLength: 2433 #now: 1510161375517<br/>
scriptRand.js:654 currentTarget: 5
scriptRand.js:600 25 #subjectId: 3 #interfaceNumber: simple10 #block:3 #trail: 3 #targetId: 5 #completed: true #eventType: click #eventTarget: 5 #timeLength: 1489 #now: 1510161378301<br/>
scriptRand.js:654 currentTarget: 6
scriptRand.js:600 26 #subjectId: 3 #interfaceNumber: simple10 #block:3 #trail: 4 #targetId: 6 #completed: true #eventType: click #eventTarget: 6 #timeLength: 1471 #now: 1510161380500<br/>
scriptRand.js:654 currentTarget: 9
scriptRand.js:600 27 #subjectId: 3 #interfaceNumber: simple10 #block:3 #trail: 5 #targetId: 9 #completed: true #eventType: click #eventTarget: 9 #timeLength: 1807 #now: 1510161383132<br/>
scriptRand.js:654 currentTarget: 0
scriptRand.js:600 28 #subjectId: 3 #interfaceNumber: simple10 #block:3 #trail: 6 #targetId: 0 #completed: true #eventType: click #eventTarget: 0 #timeLength: 1665 #now: 1510161385677<br/>
scriptRand.js:654 currentTarget: 1
scriptRand.js:600 29 #subjectId: 3 #interfaceNumber: simple10 #block:3 #trail: 7 #targetId: 1 #completed: true #eventType: click #eventTarget: 1 #timeLength: 2456 #now: 1510161388981<br/>
scriptRand.js:654 currentTarget: 7
scriptRand.js:600 30 #subjectId: 3 #interfaceNumber: simple10 #block:3 #trail: 8 #targetId: 7 #completed: true #eventType: click #eventTarget: 7 #timeLength: 1704 #now: 1510161391565<br/>
scriptRand.js:654 currentTarget: 4
scriptRand.js:600 31 #subjectId: 3 #interfaceNumber: simple10 #block:3 #trail: 9 #targetId: 4 #completed: true #eventType: click #eventTarget: 4 #timeLength: 4344 #now: 1510161396732<br/>
scriptRand.js:654 currentTarget: 2
scriptRand.js:600 32 #subjectId: 3 #interfaceNumber: simple10 #block:3 #trail: 10 #targetId: 2 #completed: false #eventType: click #eventTarget: 3 #timeLength: 1977 #now: 1510161399589<br/>
scriptRand.js:600 33 #subjectId: 3 #interfaceNumber: simple10 #block:3 #trail: 10 #targetId: 2 #completed: true #eventType: click #eventTarget: 2 #timeLength: 1112 #now: 1510161400701<br/>
scriptRand.js:699 1:
scriptRand.js:600 34 #subjectId: 3 #interfaceNumber: simple10 #block:4 #trail: 1 #targetId: 1 #completed: true #eventType: click #eventTarget: 1 #timeLength: 1935 #now: 1510161403523<br/>
scriptRand.js:654 currentTarget: 2
scriptRand.js:600 35 #subjectId: 3 #interfaceNumber: simple10 #block:4 #trail: 2 #targetId: 2 #completed: true #eventType: click #eventTarget: 2 #timeLength: 2367 #now: 1510161406795<br/>
scriptRand.js:654 currentTarget: 8
scriptRand.js:600 36 #subjectId: 3 #interfaceNumber: simple10 #block:4 #trail: 3 #targetId: 8 #completed: true #eventType: click #eventTarget: 8 #timeLength: 3816 #now: 1510161411731<br/>
scriptRand.js:654 currentTarget: 4
scriptRand.js:600 37 #subjectId: 3 #interfaceNumber: simple10 #block:4 #trail: 4 #targetId: 4 #completed: true #eventType: click #eventTarget: 4 #timeLength: 2760 #now: 1510161415276<br/>
scriptRand.js:654 currentTarget: 0
scriptRand.js:600 38 #subjectId: 3 #interfaceNumber: simple10 #block:4 #trail: 5 #targetId: 0 #completed: true #eventType: click #eventTarget: 0 #timeLength: 1584 #now: 1510161417820<br/>
scriptRand.js:654 currentTarget: 9
scriptRand.js:600 39 #subjectId: 3 #interfaceNumber: simple10 #block:4 #trail: 6 #targetId: 9 #completed: true #eventType: click #eventTarget: 9 #timeLength: 2376 #now: 1510161421211<br/>
scriptRand.js:654 currentTarget: 6
scriptRand.js:600 40 #subjectId: 3 #interfaceNumber: simple10 #block:4 #trail: 7 #targetId: 6 #completed: true #eventType: click #eventTarget: 6 #timeLength: 2072 #now: 1510161424291<br/>
scriptRand.js:654 currentTarget: 3
scriptRand.js:600 41 #subjectId: 3 #interfaceNumber: simple10 #block:4 #trail: 8 #targetId: 3 #completed: true #eventType: click #eventTarget: 3 #timeLength: 2233 #now: 1510161427628<br/>
scriptRand.js:654 currentTarget: 5
scriptRand.js:600 42 #subjectId: 3 #interfaceNumber: simple10 #block:4 #trail: 9 #targetId: 5 #completed: true #eventType: click #eventTarget: 5 #timeLength: 2208 #now: 1510161430796<br/>
scriptRand.js:654 currentTarget: 7
scriptRand.js:600 43 #subjectId: 3 #interfaceNumber: simple10 #block:4 #trail: 10 #targetId: 7 #completed: true #eventType: click #eventTarget: 7 #timeLength: 3793 #now: 1510161435508<br/>
scriptRand.js:611 
	
	1 #subjectId: 3 #interfaceNumber: simple10 #block:1 #trail: 1 #targetId: 9 #completed: true #eventType: click #eventTarget: 9 #timeLength: 3265 #now: 15101612990152 #subjectId: 3 #interfaceNumber: simple10 #block:1 #trail: 2 #targetId: 1 #completed: false #eventType: click #eventTarget: 2 #timeLength: 3176 #now: 15101613033733 #subjectId: 3 #interfaceNumber: simple10 #block:1 #trail: 2 #targetId: 1 #completed: true #eventType: click #eventTarget: 1 #timeLength: 984 #now: 15101613043574 #subjectId: 3 #interfaceNumber: simple10 #block:1 #trail: 3 #targetId: 2 #completed: true #eventType: click #eventTarget: 2 #timeLength: 4640 #now: 15101613100145 #subjectId: 3 #interfaceNumber: simple10 #block:1 #trail: 4 #targetId: 6 #completed: true #eventType: click #eventTarget: 6 #timeLength: 2032 #now: 15101613132456 #subjectId: 3 #interfaceNumber: simple10 #block:1 #trail: 5 #targetId: 8 #completed: true #eventType: click #eventTarget: 8 #timeLength: 2520 #now: 15101613166697 #subjectId: 3 #interfaceNumber: simple10 #block:1 #trail: 6 #targetId: 0 #completed: true #eventType: click #eventTarget: 0 #timeLength: 2441 #now: 15101613199988 #subjectId: 3 #interfaceNumber: simple10 #block:1 #trail: 7 #targetId: 5 #completed: true #eventType: click #eventTarget: 5 #timeLength: 1840 #now: 15101613228379 #subjectId: 3 #interfaceNumber: simple10 #block:1 #trail: 8 #targetId: 4 #completed: true #eventType: click #eventTarget: 4 #timeLength: 5033 #now: 151016132870210 #subjectId: 3 #interfaceNumber: simple10 #block:1 #trail: 9 #targetId: 3 #completed: true #eventType: click #eventTarget: 3 #timeLength: 2529 #now: 151016133232611 #subjectId: 3 #interfaceNumber: simple10 #block:1 #trail: 10 #targetId: 7 #completed: true #eventType: click #eventTarget: 7 #timeLength: 3032 #now: 151016133624512 #subjectId: 3 #interfaceNumber: simple10 #block:2 #trail: 1 #targetId: 6 #completed: true #eventType: click #eventTarget: 6 #timeLength: 1880 #now: 151016133898113 #subjectId: 3 #interfaceNumber: simple10 #block:2 #trail: 2 #targetId: 5 #completed: true #eventType: click #eventTarget: 5 #timeLength: 1584 #now: 151016134141314 #subjectId: 3 #interfaceNumber: simple10 #block:2 #trail: 3 #targetId: 0 #completed: true #eventType: click #eventTarget: 0 #timeLength: 1761 #now: 151016134393315 #subjectId: 3 #interfaceNumber: simple10 #block:2 #trail: 4 #targetId: 2 #completed: false #eventType: click #eventTarget: 3 #timeLength: 1528 #now: 151016134661316 #subjectId: 3 #interfaceNumber: simple10 #block:2 #trail: 4 #targetId: 2 #completed: true #eventType: click #eventTarget: 2 #timeLength: 1256 #now: 151016134786917 #subjectId: 3 #interfaceNumber: simple10 #block:2 #trail: 5 #targetId: 1 #completed: true #eventType: click #eventTarget: 1 #timeLength: 2120 #now: 151016135096518 #subjectId: 3 #interfaceNumber: simple10 #block:2 #trail: 6 #targetId: 7 #completed: true #eventType: click #eventTarget: 7 #timeLength: 2048 #now: 151016135395719 #subjectId: 3 #interfaceNumber: simple10 #block:2 #trail: 7 #targetId: 3 #completed: true #eventType: click #eventTarget: 3 #timeLength: 1728 #now: 151016135671720 #subjectId: 3 #interfaceNumber: simple10 #block:2 #trail: 8 #targetId: 8 #completed: true #eventType: click #eventTarget: 8 #timeLength: 2233 #now: 151016135977321 #subjectId: 3 #interfaceNumber: simple10 #block:2 #trail: 9 #targetId: 4 #completed: true #eventType: click #eventTarget: 4 #timeLength: 2608 #now: 151016136325322 #subjectId: 3 #interfaceNumber: simple10 #block:2 #trail: 10 #targetId: 9 #completed: true #eventType: click #eventTarget: 9 #timeLength: 2560 #now: 151016136653323 #subjectId: 3 #interfaceNumber: simple10 #block:3 #trail: 1 #targetId: 8 #completed: true #eventType: click #eventTarget: 8 #timeLength: 4432 #now: 151016137192524 #subjectId: 3 #interfaceNumber: simple10 #block:3 #trail: 2 #targetId: 3 #completed: true #eventType: click #eventTarget: 3 #timeLength: 2433 #now: 151016137551725 #subjectId: 3 #interfaceNumber: simple10 #block:3 #trail: 3 #targetId: 5 #completed: true #eventType: click #eventTarget: 5 #timeLength: 1489 #now: 151016137830126 #subjectId: 3 #interfaceNumber: simple10 #block:3 #trail: 4 #targetId: 6 #completed: true #eventType: click #eventTarget: 6 #timeLength: 1471 #now: 151016138050027 #subjectId: 3 #interfaceNumber: simple10 #block:3 #trail: 5 #targetId: 9 #completed: true #eventType: click #eventTarget: 9 #timeLength: 1807 #now: 151016138313228 #subjectId: 3 #interfaceNumber: simple10 #block:3 #trail: 6 #targetId: 0 #completed: true #eventType: click #eventTarget: 0 #timeLength: 1665 #now: 151016138567729 #subjectId: 3 #interfaceNumber: simple10 #block:3 #trail: 7 #targetId: 1 #completed: true #eventType: click #eventTarget: 1 #timeLength: 2456 #now: 151016138898130 #subjectId: 3 #interfaceNumber: simple10 #block:3 #trail: 8 #targetId: 7 #completed: true #eventType: click #eventTarget: 7 #timeLength: 1704 #now: 151016139156531 #subjectId: 3 #interfaceNumber: simple10 #block:3 #trail: 9 #targetId: 4 #completed: true #eventType: click #eventTarget: 4 #timeLength: 4344 #now: 151016139673232 #subjectId: 3 #interfaceNumber: simple10 #block:3 #trail: 10 #targetId: 2 #completed: false #eventType: click #eventTarget: 3 #timeLength: 1977 #now: 151016139958933 #subjectId: 3 #interfaceNumber: simple10 #block:3 #trail: 10 #targetId: 2 #completed: true #eventType: click #eventTarget: 2 #timeLength: 1112 #now: 151016140070134 #subjectId: 3 #interfaceNumber: simple10 #block:4 #trail: 1 #targetId: 1 #completed: true #eventType: click #eventTarget: 1 #timeLength: 1935 #now: 151016140352335 #subjectId: 3 #interfaceNumber: simple10 #block:4 #trail: 2 #targetId: 2 #completed: true #eventType: click #eventTarget: 2 #timeLength: 2367 #now: 151016140679536 #subjectId: 3 #interfaceNumber: simple10 #block:4 #trail: 3 #targetId: 8 #completed: true #eventType: click #eventTarget: 8 #timeLength: 3816 #now: 151016141173137 #subjectId: 3 #interfaceNumber: simple10 #block:4 #trail: 4 #targetId: 4 #completed: true #eventType: click #eventTarget: 4 #timeLength: 2760 #now: 151016141527638 #subjectId: 3 #interfaceNumber: simple10 #block:4 #trail: 5 #targetId: 0 #completed: true #eventType: click #eventTarget: 0 #timeLength: 1584 #now: 151016141782039 #subjectId: 3 #interfaceNumber: simple10 #block:4 #trail: 6 #targetId: 9 #completed: true #eventType: click #eventTarget: 9 #timeLength: 2376 #now: 151016142121140 #subjectId: 3 #interfaceNumber: simple10 #block:4 #trail: 7 #targetId: 6 #completed: true #eventType: click #eventTarget: 6 #timeLength: 2072 #now: 151016142429141 #subjectId: 3 #interfaceNumber: simple10 #block:4 #trail: 8 #targetId: 3 #completed: true #eventType: click #eventTarget: 3 #timeLength: 2233 #now: 151016142762842 #subjectId: 3 #interfaceNumber: simple10 #block:4 #trail: 9 #targetId: 5 #completed: true #eventType: click #eventTarget: 5 #timeLength: 2208 #now: 151016143079643 #subjectId: 3 #interfaceNumber: simple10 #block:4 #trail: 10 #targetId: 7 #completed: true #eventType: click #eventTarget: 7 #timeLength: 3793 #now: 1510161435508
